Calling target program-options parser
[16:11:17.715] [bmv2] [D] [thread 12403] Set default default entry for table 'MyIngress.kv_exact': NoAction - 
Adding interface s1-eth1 as port 1
[16:11:17.715] [bmv2] [D] [thread 12403] Adding interface s1-eth1 as port 1
Adding interface s1-eth2 as port 2
[16:11:17.738] [bmv2] [D] [thread 12403] Adding interface s1-eth2 as port 2
I0912 16:11:17.766858204   12403 server_builder.cc:247]      Synchronous server. Num CQs: 1, Min pollers: 1, Max Pollers: 2147483647, CQ timeout (msec): 1000
Server listening on 0.0.0.0:50051
[16:11:17.778] [bmv2] [I] [thread 12403] Starting Thrift server on port 9090
[16:11:17.779] [bmv2] [I] [thread 12403] Thrift server was started
[16:11:17.781] [bmv2] [D] [thread 12410] [0.0] [cxt 0] Processing packet received on port 1
[16:11:17.781] [bmv2] [D] [thread 12410] [0.0] [cxt 0] Parser 'parser': start
[16:11:17.781] [bmv2] [D] [thread 12410] [0.0] [cxt 0] Parser 'parser' entering state 'start'
[16:11:17.781] [bmv2] [D] [thread 12410] [0.0] [cxt 0] Extracting header 'ethernet'
[16:11:17.782] [bmv2] [D] [thread 12410] [0.0] [cxt 0] Parser state 'start': key is 86dd
[16:11:17.782] [bmv2] [T] [thread 12410] [0.0] [cxt 0] Bytes parsed: 14
[16:11:17.782] [bmv2] [D] [thread 12410] [0.0] [cxt 0] Parser 'parser': end
[16:11:17.782] [bmv2] [D] [thread 12410] [0.0] [cxt 0] Pipeline 'ingress': start
[16:11:17.782] [bmv2] [T] [thread 12410] [0.0] [cxt 0] basic.p4(169) Condition "hdr.kv.isValid()" (node_2) is false
[16:11:17.782] [bmv2] [D] [thread 12410] [0.0] [cxt 0] Pipeline 'ingress': end
[16:11:17.782] [bmv2] [D] [thread 12410] [0.0] [cxt 0] Egress port is 0
[16:11:17.782] [bmv2] [D] [thread 12411] [0.0] [cxt 0] Pipeline 'egress': start
[16:11:17.782] [bmv2] [D] [thread 12411] [0.0] [cxt 0] Pipeline 'egress': end
[16:11:17.782] [bmv2] [D] [thread 12411] [0.0] [cxt 0] Deparser 'deparser': start
[16:11:17.782] [bmv2] [T] [thread 12411] [0.0] [cxt 0] Skipping checksum 'cksum' update because condition not met
[16:11:17.782] [bmv2] [D] [thread 12411] [0.0] [cxt 0] Deparsing header 'ethernet'
[16:11:17.782] [bmv2] [D] [thread 12411] [0.0] [cxt 0] Deparser 'deparser': end
[16:11:17.782] [bmv2] [D] [thread 12415] [0.0] [cxt 0] Transmitting packet of size 90 out of port 0
[16:11:17.854] [bmv2] [D] [thread 12410] [1.0] [cxt 0] Processing packet received on port 2
[16:11:17.854] [bmv2] [D] [thread 12410] [1.0] [cxt 0] Parser 'parser': start
[16:11:17.854] [bmv2] [D] [thread 12410] [1.0] [cxt 0] Parser 'parser' entering state 'start'
[16:11:17.854] [bmv2] [D] [thread 12410] [1.0] [cxt 0] Extracting header 'ethernet'
[16:11:17.854] [bmv2] [D] [thread 12410] [1.0] [cxt 0] Parser state 'start': key is 86dd
[16:11:17.854] [bmv2] [T] [thread 12410] [1.0] [cxt 0] Bytes parsed: 14
[16:11:17.854] [bmv2] [D] [thread 12410] [1.0] [cxt 0] Parser 'parser': end
[16:11:17.854] [bmv2] [D] [thread 12410] [1.0] [cxt 0] Pipeline 'ingress': start
[16:11:17.854] [bmv2] [T] [thread 12410] [1.0] [cxt 0] basic.p4(169) Condition "hdr.kv.isValid()" (node_2) is false
[16:11:17.854] [bmv2] [D] [thread 12410] [1.0] [cxt 0] Pipeline 'ingress': end
[16:11:17.854] [bmv2] [D] [thread 12410] [1.0] [cxt 0] Egress port is 0
[16:11:17.855] [bmv2] [D] [thread 12411] [1.0] [cxt 0] Pipeline 'egress': start
[16:11:17.855] [bmv2] [D] [thread 12411] [1.0] [cxt 0] Pipeline 'egress': end
[16:11:17.855] [bmv2] [D] [thread 12411] [1.0] [cxt 0] Deparser 'deparser': start
[16:11:17.855] [bmv2] [T] [thread 12411] [1.0] [cxt 0] Skipping checksum 'cksum' update because condition not met
[16:11:17.855] [bmv2] [D] [thread 12411] [1.0] [cxt 0] Deparsing header 'ethernet'
[16:11:17.855] [bmv2] [D] [thread 12411] [1.0] [cxt 0] Deparser 'deparser': end
[16:11:17.855] [bmv2] [D] [thread 12415] [1.0] [cxt 0] Transmitting packet of size 90 out of port 0
[16:11:17.858] [bmv2] [D] [thread 12410] [2.0] [cxt 0] Processing packet received on port 2
[16:11:17.858] [bmv2] [D] [thread 12410] [2.0] [cxt 0] Parser 'parser': start
[16:11:17.858] [bmv2] [D] [thread 12410] [2.0] [cxt 0] Parser 'parser' entering state 'start'
[16:11:17.858] [bmv2] [D] [thread 12410] [2.0] [cxt 0] Extracting header 'ethernet'
[16:11:17.858] [bmv2] [D] [thread 12410] [2.0] [cxt 0] Parser state 'start': key is 86dd
[16:11:17.858] [bmv2] [T] [thread 12410] [2.0] [cxt 0] Bytes parsed: 14
[16:11:17.858] [bmv2] [D] [thread 12410] [2.0] [cxt 0] Parser 'parser': end
[16:11:17.858] [bmv2] [D] [thread 12410] [2.0] [cxt 0] Pipeline 'ingress': start
[16:11:17.858] [bmv2] [T] [thread 12410] [2.0] [cxt 0] basic.p4(169) Condition "hdr.kv.isValid()" (node_2) is false
[16:11:17.858] [bmv2] [D] [thread 12410] [2.0] [cxt 0] Pipeline 'ingress': end
[16:11:17.858] [bmv2] [D] [thread 12410] [2.0] [cxt 0] Egress port is 0
[16:11:17.858] [bmv2] [D] [thread 12411] [2.0] [cxt 0] Pipeline 'egress': start
[16:11:17.858] [bmv2] [D] [thread 12411] [2.0] [cxt 0] Pipeline 'egress': end
[16:11:17.858] [bmv2] [D] [thread 12411] [2.0] [cxt 0] Deparser 'deparser': start
[16:11:17.858] [bmv2] [T] [thread 12411] [2.0] [cxt 0] Skipping checksum 'cksum' update because condition not met
[16:11:17.858] [bmv2] [D] [thread 12411] [2.0] [cxt 0] Deparsing header 'ethernet'
[16:11:17.858] [bmv2] [D] [thread 12411] [2.0] [cxt 0] Deparser 'deparser': end
[16:11:17.858] [bmv2] [D] [thread 12415] [2.0] [cxt 0] Transmitting packet of size 78 out of port 0
[16:11:18.217] [bmv2] [D] [thread 12410] [3.0] [cxt 0] Processing packet received on port 1
[16:11:18.218] [bmv2] [D] [thread 12410] [3.0] [cxt 0] Parser 'parser': start
[16:11:18.218] [bmv2] [D] [thread 12410] [3.0] [cxt 0] Parser 'parser' entering state 'start'
[16:11:18.218] [bmv2] [D] [thread 12410] [3.0] [cxt 0] Extracting header 'ethernet'
[16:11:18.218] [bmv2] [D] [thread 12410] [3.0] [cxt 0] Parser state 'start': key is 86dd
[16:11:18.218] [bmv2] [T] [thread 12410] [3.0] [cxt 0] Bytes parsed: 14
[16:11:18.218] [bmv2] [D] [thread 12410] [3.0] [cxt 0] Parser 'parser': end
[16:11:18.218] [bmv2] [D] [thread 12410] [3.0] [cxt 0] Pipeline 'ingress': start
[16:11:18.218] [bmv2] [T] [thread 12410] [3.0] [cxt 0] basic.p4(169) Condition "hdr.kv.isValid()" (node_2) is false
[16:11:18.218] [bmv2] [D] [thread 12410] [3.0] [cxt 0] Pipeline 'ingress': end
[16:11:18.218] [bmv2] [D] [thread 12410] [3.0] [cxt 0] Egress port is 0
[16:11:18.218] [bmv2] [D] [thread 12411] [3.0] [cxt 0] Pipeline 'egress': start
[16:11:18.218] [bmv2] [D] [thread 12411] [3.0] [cxt 0] Pipeline 'egress': end
[16:11:18.218] [bmv2] [D] [thread 12411] [3.0] [cxt 0] Deparser 'deparser': start
[16:11:18.219] [bmv2] [T] [thread 12411] [3.0] [cxt 0] Skipping checksum 'cksum' update because condition not met
[16:11:18.219] [bmv2] [D] [thread 12411] [3.0] [cxt 0] Deparsing header 'ethernet'
[16:11:18.219] [bmv2] [D] [thread 12411] [3.0] [cxt 0] Deparser 'deparser': end
[16:11:18.219] [bmv2] [D] [thread 12415] [3.0] [cxt 0] Transmitting packet of size 78 out of port 0
[16:11:18.890] [bmv2] [D] [thread 12410] [4.0] [cxt 0] Processing packet received on port 2
[16:11:18.890] [bmv2] [D] [thread 12410] [4.0] [cxt 0] Parser 'parser': start
[16:11:18.890] [bmv2] [D] [thread 12410] [4.0] [cxt 0] Parser 'parser' entering state 'start'
[16:11:18.890] [bmv2] [D] [thread 12410] [4.0] [cxt 0] Extracting header 'ethernet'
[16:11:18.890] [bmv2] [D] [thread 12410] [4.0] [cxt 0] Parser state 'start': key is 86dd
[16:11:18.890] [bmv2] [T] [thread 12410] [4.0] [cxt 0] Bytes parsed: 14
[16:11:18.890] [bmv2] [D] [thread 12410] [4.0] [cxt 0] Parser 'parser': end
[16:11:18.890] [bmv2] [D] [thread 12410] [4.0] [cxt 0] Pipeline 'ingress': start
[16:11:18.890] [bmv2] [T] [thread 12410] [4.0] [cxt 0] basic.p4(169) Condition "hdr.kv.isValid()" (node_2) is false
[16:11:18.890] [bmv2] [D] [thread 12410] [4.0] [cxt 0] Pipeline 'ingress': end
[16:11:18.890] [bmv2] [D] [thread 12410] [4.0] [cxt 0] Egress port is 0
[16:11:18.891] [bmv2] [D] [thread 12411] [4.0] [cxt 0] Pipeline 'egress': start
[16:11:18.891] [bmv2] [D] [thread 12411] [4.0] [cxt 0] Pipeline 'egress': end
[16:11:18.891] [bmv2] [D] [thread 12411] [4.0] [cxt 0] Deparser 'deparser': start
[16:11:18.891] [bmv2] [T] [thread 12411] [4.0] [cxt 0] Skipping checksum 'cksum' update because condition not met
[16:11:18.891] [bmv2] [D] [thread 12411] [4.0] [cxt 0] Deparsing header 'ethernet'
[16:11:18.891] [bmv2] [D] [thread 12411] [4.0] [cxt 0] Deparser 'deparser': end
[16:11:18.891] [bmv2] [D] [thread 12415] [4.0] [cxt 0] Transmitting packet of size 90 out of port 0
[16:11:18.891] [bmv2] [D] [thread 12410] [5.0] [cxt 0] Processing packet received on port 2
[16:11:18.891] [bmv2] [D] [thread 12410] [5.0] [cxt 0] Parser 'parser': start
[16:11:18.891] [bmv2] [D] [thread 12410] [5.0] [cxt 0] Parser 'parser' entering state 'start'
[16:11:18.891] [bmv2] [D] [thread 12410] [5.0] [cxt 0] Extracting header 'ethernet'
[16:11:18.891] [bmv2] [D] [thread 12410] [5.0] [cxt 0] Parser state 'start': key is 86dd
[16:11:18.891] [bmv2] [T] [thread 12410] [5.0] [cxt 0] Bytes parsed: 14
[16:11:18.891] [bmv2] [D] [thread 12410] [5.0] [cxt 0] Parser 'parser': end
[16:11:18.891] [bmv2] [D] [thread 12410] [5.0] [cxt 0] Pipeline 'ingress': start
[16:11:18.891] [bmv2] [T] [thread 12410] [5.0] [cxt 0] basic.p4(169) Condition "hdr.kv.isValid()" (node_2) is false
[16:11:18.891] [bmv2] [D] [thread 12410] [5.0] [cxt 0] Pipeline 'ingress': end
[16:11:18.891] [bmv2] [D] [thread 12410] [5.0] [cxt 0] Egress port is 0
[16:11:18.891] [bmv2] [D] [thread 12411] [5.0] [cxt 0] Pipeline 'egress': start
[16:11:18.891] [bmv2] [D] [thread 12411] [5.0] [cxt 0] Pipeline 'egress': end
[16:11:18.891] [bmv2] [D] [thread 12411] [5.0] [cxt 0] Deparser 'deparser': start
[16:11:18.891] [bmv2] [T] [thread 12411] [5.0] [cxt 0] Skipping checksum 'cksum' update because condition not met
[16:11:18.891] [bmv2] [D] [thread 12411] [5.0] [cxt 0] Deparsing header 'ethernet'
[16:11:18.891] [bmv2] [D] [thread 12411] [5.0] [cxt 0] Deparser 'deparser': end
[16:11:18.891] [bmv2] [D] [thread 12415] [5.0] [cxt 0] Transmitting packet of size 70 out of port 0
[16:11:18.894] [bmv2] [D] [thread 12410] [6.0] [cxt 0] Processing packet received on port 2
[16:11:18.894] [bmv2] [D] [thread 12410] [6.0] [cxt 0] Parser 'parser': start
[16:11:18.894] [bmv2] [D] [thread 12410] [6.0] [cxt 0] Parser 'parser' entering state 'start'
[16:11:18.894] [bmv2] [D] [thread 12410] [6.0] [cxt 0] Extracting header 'ethernet'
[16:11:18.894] [bmv2] [D] [thread 12410] [6.0] [cxt 0] Parser state 'start': key is 86dd
[16:11:18.894] [bmv2] [T] [thread 12410] [6.0] [cxt 0] Bytes parsed: 14
[16:11:18.894] [bmv2] [D] [thread 12410] [6.0] [cxt 0] Parser 'parser': end
[16:11:18.894] [bmv2] [D] [thread 12410] [6.0] [cxt 0] Pipeline 'ingress': start
[16:11:18.894] [bmv2] [T] [thread 12410] [6.0] [cxt 0] basic.p4(169) Condition "hdr.kv.isValid()" (node_2) is false
[16:11:18.894] [bmv2] [D] [thread 12410] [6.0] [cxt 0] Pipeline 'ingress': end
[16:11:18.894] [bmv2] [D] [thread 12410] [6.0] [cxt 0] Egress port is 0
[16:11:18.894] [bmv2] [D] [thread 12411] [6.0] [cxt 0] Pipeline 'egress': start
[16:11:18.894] [bmv2] [D] [thread 12411] [6.0] [cxt 0] Pipeline 'egress': end
[16:11:18.894] [bmv2] [D] [thread 12411] [6.0] [cxt 0] Deparser 'deparser': start
[16:11:18.894] [bmv2] [T] [thread 12411] [6.0] [cxt 0] Skipping checksum 'cksum' update because condition not met
[16:11:18.894] [bmv2] [D] [thread 12411] [6.0] [cxt 0] Deparsing header 'ethernet'
[16:11:18.894] [bmv2] [D] [thread 12411] [6.0] [cxt 0] Deparser 'deparser': end
[16:11:18.894] [bmv2] [D] [thread 12415] [6.0] [cxt 0] Transmitting packet of size 90 out of port 0
[16:11:18.994] [bmv2] [D] [thread 12410] [7.0] [cxt 0] Processing packet received on port 2
[16:11:18.994] [bmv2] [D] [thread 12410] [7.0] [cxt 0] Parser 'parser': start
[16:11:18.994] [bmv2] [D] [thread 12410] [7.0] [cxt 0] Parser 'parser' entering state 'start'
[16:11:18.994] [bmv2] [D] [thread 12410] [7.0] [cxt 0] Extracting header 'ethernet'
[16:11:18.994] [bmv2] [D] [thread 12410] [7.0] [cxt 0] Parser state 'start': key is 86dd
[16:11:18.994] [bmv2] [T] [thread 12410] [7.0] [cxt 0] Bytes parsed: 14
[16:11:18.994] [bmv2] [D] [thread 12410] [7.0] [cxt 0] Parser 'parser': end
[16:11:18.995] [bmv2] [D] [thread 12410] [7.0] [cxt 0] Pipeline 'ingress': start
[16:11:18.995] [bmv2] [T] [thread 12410] [7.0] [cxt 0] basic.p4(169) Condition "hdr.kv.isValid()" (node_2) is false
[16:11:18.995] [bmv2] [D] [thread 12410] [7.0] [cxt 0] Pipeline 'ingress': end
[16:11:18.995] [bmv2] [D] [thread 12410] [7.0] [cxt 0] Egress port is 0
[16:11:18.995] [bmv2] [D] [thread 12411] [7.0] [cxt 0] Pipeline 'egress': start
[16:11:18.995] [bmv2] [D] [thread 12411] [7.0] [cxt 0] Pipeline 'egress': end
[16:11:18.995] [bmv2] [D] [thread 12411] [7.0] [cxt 0] Deparser 'deparser': start
[16:11:18.995] [bmv2] [T] [thread 12411] [7.0] [cxt 0] Skipping checksum 'cksum' update because condition not met
[16:11:18.995] [bmv2] [D] [thread 12411] [7.0] [cxt 0] Deparsing header 'ethernet'
[16:11:18.995] [bmv2] [D] [thread 12411] [7.0] [cxt 0] Deparser 'deparser': end
[16:11:18.995] [bmv2] [D] [thread 12415] [7.0] [cxt 0] Transmitting packet of size 107 out of port 0
[16:11:19.089] [bmv2] [D] [thread 12410] [8.0] [cxt 0] Processing packet received on port 2
[16:11:19.089] [bmv2] [D] [thread 12410] [8.0] [cxt 0] Parser 'parser': start
[16:11:19.089] [bmv2] [D] [thread 12410] [8.0] [cxt 0] Parser 'parser' entering state 'start'
[16:11:19.089] [bmv2] [D] [thread 12410] [8.0] [cxt 0] Extracting header 'ethernet'
[16:11:19.089] [bmv2] [D] [thread 12410] [8.0] [cxt 0] Parser state 'start': key is 86dd
[16:11:19.089] [bmv2] [T] [thread 12410] [8.0] [cxt 0] Bytes parsed: 14
[16:11:19.089] [bmv2] [D] [thread 12410] [8.0] [cxt 0] Parser 'parser': end
[16:11:19.089] [bmv2] [D] [thread 12410] [8.0] [cxt 0] Pipeline 'ingress': start
[16:11:19.089] [bmv2] [T] [thread 12410] [8.0] [cxt 0] basic.p4(169) Condition "hdr.kv.isValid()" (node_2) is false
[16:11:19.089] [bmv2] [D] [thread 12410] [8.0] [cxt 0] Pipeline 'ingress': end
[16:11:19.089] [bmv2] [D] [thread 12410] [8.0] [cxt 0] Egress port is 0
[16:11:19.089] [bmv2] [D] [thread 12411] [8.0] [cxt 0] Pipeline 'egress': start
[16:11:19.089] [bmv2] [D] [thread 12411] [8.0] [cxt 0] Pipeline 'egress': end
[16:11:19.089] [bmv2] [D] [thread 12411] [8.0] [cxt 0] Deparser 'deparser': start
[16:11:19.089] [bmv2] [T] [thread 12411] [8.0] [cxt 0] Skipping checksum 'cksum' update because condition not met
[16:11:19.089] [bmv2] [D] [thread 12411] [8.0] [cxt 0] Deparsing header 'ethernet'
[16:11:19.089] [bmv2] [D] [thread 12411] [8.0] [cxt 0] Deparser 'deparser': end
[16:11:19.089] [bmv2] [D] [thread 12415] [8.0] [cxt 0] Transmitting packet of size 208 out of port 0
[16:11:19.106] [bmv2] [D] [thread 12410] [9.0] [cxt 0] Processing packet received on port 2
[16:11:19.106] [bmv2] [D] [thread 12410] [9.0] [cxt 0] Parser 'parser': start
[16:11:19.106] [bmv2] [D] [thread 12410] [9.0] [cxt 0] Parser 'parser' entering state 'start'
[16:11:19.106] [bmv2] [D] [thread 12410] [9.0] [cxt 0] Extracting header 'ethernet'
[16:11:19.106] [bmv2] [D] [thread 12410] [9.0] [cxt 0] Parser state 'start': key is 86dd
[16:11:19.106] [bmv2] [T] [thread 12410] [9.0] [cxt 0] Bytes parsed: 14
[16:11:19.106] [bmv2] [D] [thread 12410] [9.0] [cxt 0] Parser 'parser': end
[16:11:19.106] [bmv2] [D] [thread 12410] [9.0] [cxt 0] Pipeline 'ingress': start
[16:11:19.106] [bmv2] [T] [thread 12410] [9.0] [cxt 0] basic.p4(169) Condition "hdr.kv.isValid()" (node_2) is false
[16:11:19.106] [bmv2] [D] [thread 12410] [9.0] [cxt 0] Pipeline 'ingress': end
[16:11:19.106] [bmv2] [D] [thread 12410] [9.0] [cxt 0] Egress port is 0
[16:11:19.106] [bmv2] [D] [thread 12411] [9.0] [cxt 0] Pipeline 'egress': start
[16:11:19.107] [bmv2] [D] [thread 12411] [9.0] [cxt 0] Pipeline 'egress': end
[16:11:19.107] [bmv2] [D] [thread 12411] [9.0] [cxt 0] Deparser 'deparser': start
[16:11:19.107] [bmv2] [T] [thread 12411] [9.0] [cxt 0] Skipping checksum 'cksum' update because condition not met
[16:11:19.107] [bmv2] [D] [thread 12411] [9.0] [cxt 0] Deparsing header 'ethernet'
[16:11:19.107] [bmv2] [D] [thread 12411] [9.0] [cxt 0] Deparser 'deparser': end
[16:11:19.107] [bmv2] [D] [thread 12415] [9.0] [cxt 0] Transmitting packet of size 110 out of port 0
[16:11:19.218] [bmv2] [D] [thread 12410] [10.0] [cxt 0] Processing packet received on port 1
[16:11:19.218] [bmv2] [D] [thread 12410] [10.0] [cxt 0] Parser 'parser': start
[16:11:19.218] [bmv2] [D] [thread 12410] [10.0] [cxt 0] Parser 'parser' entering state 'start'
[16:11:19.218] [bmv2] [D] [thread 12410] [10.0] [cxt 0] Extracting header 'ethernet'
[16:11:19.218] [bmv2] [D] [thread 12410] [10.0] [cxt 0] Parser state 'start': key is 86dd
[16:11:19.218] [bmv2] [T] [thread 12410] [10.0] [cxt 0] Bytes parsed: 14
[16:11:19.218] [bmv2] [D] [thread 12410] [10.0] [cxt 0] Parser 'parser': end
[16:11:19.218] [bmv2] [D] [thread 12410] [10.0] [cxt 0] Pipeline 'ingress': start
[16:11:19.218] [bmv2] [T] [thread 12410] [10.0] [cxt 0] basic.p4(169) Condition "hdr.kv.isValid()" (node_2) is false
[16:11:19.218] [bmv2] [D] [thread 12410] [10.0] [cxt 0] Pipeline 'ingress': end
[16:11:19.218] [bmv2] [D] [thread 12410] [10.0] [cxt 0] Egress port is 0
[16:11:19.219] [bmv2] [D] [thread 12411] [10.0] [cxt 0] Pipeline 'egress': start
[16:11:19.219] [bmv2] [D] [thread 12411] [10.0] [cxt 0] Pipeline 'egress': end
[16:11:19.219] [bmv2] [D] [thread 12411] [10.0] [cxt 0] Deparser 'deparser': start
[16:11:19.219] [bmv2] [T] [thread 12411] [10.0] [cxt 0] Skipping checksum 'cksum' update because condition not met
[16:11:19.219] [bmv2] [D] [thread 12411] [10.0] [cxt 0] Deparsing header 'ethernet'
[16:11:19.219] [bmv2] [D] [thread 12411] [10.0] [cxt 0] Deparser 'deparser': end
[16:11:19.219] [bmv2] [D] [thread 12415] [10.0] [cxt 0] Transmitting packet of size 90 out of port 0
[16:11:19.219] [bmv2] [D] [thread 12410] [11.0] [cxt 0] Processing packet received on port 1
[16:11:19.219] [bmv2] [D] [thread 12410] [11.0] [cxt 0] Parser 'parser': start
[16:11:19.219] [bmv2] [D] [thread 12410] [11.0] [cxt 0] Parser 'parser' entering state 'start'
[16:11:19.219] [bmv2] [D] [thread 12410] [11.0] [cxt 0] Extracting header 'ethernet'
[16:11:19.219] [bmv2] [D] [thread 12410] [11.0] [cxt 0] Parser state 'start': key is 86dd
[16:11:19.219] [bmv2] [T] [thread 12410] [11.0] [cxt 0] Bytes parsed: 14
[16:11:19.219] [bmv2] [D] [thread 12410] [11.0] [cxt 0] Parser 'parser': end
[16:11:19.220] [bmv2] [D] [thread 12410] [11.0] [cxt 0] Pipeline 'ingress': start
[16:11:19.220] [bmv2] [T] [thread 12410] [11.0] [cxt 0] basic.p4(169) Condition "hdr.kv.isValid()" (node_2) is false
[16:11:19.220] [bmv2] [D] [thread 12410] [11.0] [cxt 0] Pipeline 'ingress': end
[16:11:19.220] [bmv2] [D] [thread 12410] [11.0] [cxt 0] Egress port is 0
[16:11:19.220] [bmv2] [D] [thread 12411] [11.0] [cxt 0] Pipeline 'egress': start
[16:11:19.220] [bmv2] [D] [thread 12411] [11.0] [cxt 0] Pipeline 'egress': end
[16:11:19.220] [bmv2] [D] [thread 12411] [11.0] [cxt 0] Deparser 'deparser': start
[16:11:19.220] [bmv2] [T] [thread 12411] [11.0] [cxt 0] Skipping checksum 'cksum' update because condition not met
[16:11:19.220] [bmv2] [D] [thread 12411] [11.0] [cxt 0] Deparsing header 'ethernet'
[16:11:19.220] [bmv2] [D] [thread 12411] [11.0] [cxt 0] Deparser 'deparser': end
[16:11:19.220] [bmv2] [D] [thread 12415] [11.0] [cxt 0] Transmitting packet of size 70 out of port 0
[16:11:19.227] [bmv2] [D] [thread 12410] [12.0] [cxt 0] Processing packet received on port 1
[16:11:19.230] [bmv2] [D] [thread 12410] [12.0] [cxt 0] Parser 'parser': start
[16:11:19.230] [bmv2] [D] [thread 12410] [12.0] [cxt 0] Parser 'parser' entering state 'start'
[16:11:19.230] [bmv2] [D] [thread 12410] [12.0] [cxt 0] Extracting header 'ethernet'
[16:11:19.230] [bmv2] [D] [thread 12410] [12.0] [cxt 0] Parser state 'start': key is 86dd
[16:11:19.230] [bmv2] [T] [thread 12410] [12.0] [cxt 0] Bytes parsed: 14
[16:11:19.230] [bmv2] [D] [thread 12410] [12.0] [cxt 0] Parser 'parser': end
[16:11:19.230] [bmv2] [D] [thread 12410] [12.0] [cxt 0] Pipeline 'ingress': start
[16:11:19.230] [bmv2] [T] [thread 12410] [12.0] [cxt 0] basic.p4(169) Condition "hdr.kv.isValid()" (node_2) is false
[16:11:19.230] [bmv2] [D] [thread 12410] [12.0] [cxt 0] Pipeline 'ingress': end
[16:11:19.230] [bmv2] [D] [thread 12410] [12.0] [cxt 0] Egress port is 0
[16:11:19.231] [bmv2] [D] [thread 12411] [12.0] [cxt 0] Pipeline 'egress': start
[16:11:19.231] [bmv2] [D] [thread 12411] [12.0] [cxt 0] Pipeline 'egress': end
[16:11:19.231] [bmv2] [D] [thread 12411] [12.0] [cxt 0] Deparser 'deparser': start
[16:11:19.231] [bmv2] [T] [thread 12411] [12.0] [cxt 0] Skipping checksum 'cksum' update because condition not met
[16:11:19.231] [bmv2] [D] [thread 12411] [12.0] [cxt 0] Deparsing header 'ethernet'
[16:11:19.231] [bmv2] [D] [thread 12411] [12.0] [cxt 0] Deparser 'deparser': end
[16:11:19.231] [bmv2] [D] [thread 12415] [12.0] [cxt 0] Transmitting packet of size 90 out of port 0
New connection
[16:11:19.305] [bmv2] [D] [thread 12410] [13.0] [cxt 0] Processing packet received on port 2
[16:11:19.305] [bmv2] [D] [thread 12410] [13.0] [cxt 0] Parser 'parser': start
[16:11:19.305] [bmv2] [D] [thread 12410] [13.0] [cxt 0] Parser 'parser' entering state 'start'
[16:11:19.305] [bmv2] [D] [thread 12410] [13.0] [cxt 0] Extracting header 'ethernet'
[16:11:19.305] [bmv2] [D] [thread 12410] [13.0] [cxt 0] Parser state 'start': key is 86dd
[16:11:19.305] [bmv2] [T] [thread 12410] [13.0] [cxt 0] Bytes parsed: 14
[16:11:19.305] [bmv2] [D] [thread 12410] [13.0] [cxt 0] Parser 'parser': end
[16:11:19.306] [bmv2] [D] [thread 12410] [13.0] [cxt 0] Pipeline 'ingress': start
[16:11:19.306] [bmv2] [T] [thread 12410] [13.0] [cxt 0] basic.p4(169) Condition "hdr.kv.isValid()" (node_2) is false
[16:11:19.306] [bmv2] [D] [thread 12410] [13.0] [cxt 0] Pipeline 'ingress': end
[16:11:19.306] [bmv2] [D] [thread 12410] [13.0] [cxt 0] Egress port is 0
[16:11:19.306] [bmv2] [D] [thread 12411] [13.0] [cxt 0] Pipeline 'egress': start
[16:11:19.306] [bmv2] [D] [thread 12411] [13.0] [cxt 0] Pipeline 'egress': end
[16:11:19.306] [bmv2] [D] [thread 12411] [13.0] [cxt 0] Deparser 'deparser': start
[16:11:19.306] [bmv2] [T] [thread 12411] [13.0] [cxt 0] Skipping checksum 'cksum' update because condition not met
[16:11:19.306] [bmv2] [D] [thread 12411] [13.0] [cxt 0] Deparsing header 'ethernet'
[16:11:19.306] [bmv2] [D] [thread 12411] [13.0] [cxt 0] Deparser 'deparser': end
[16:11:19.306] [bmv2] [D] [thread 12415] [13.0] [cxt 0] Transmitting packet of size 208 out of port 0
P4Runtime SetForwardingPipelineConfig
[16:11:19.307] [bmv2] [W] [thread 12428] [P4Runtime] p4::tmp::P4DeviceConfig is deprecated
[16:11:19.309] [bmv2] [D] [thread 12428] Set default default entry for table 'MyIngress.kv_exact': NoAction - 
P4Runtime Write
[16:11:19.316] [bmv2] [D] [thread 12410] [14.0] [cxt 0] Processing packet received on port 1
[16:11:19.316] [bmv2] [D] [thread 12410] [14.0] [cxt 0] Parser 'parser': start
[16:11:19.316] [bmv2] [D] [thread 12410] [14.0] [cxt 0] Parser 'parser' entering state 'start'
[16:11:19.316] [bmv2] [D] [thread 12410] [14.0] [cxt 0] Extracting header 'ethernet'
[16:11:19.316] [bmv2] [D] [thread 12410] [14.0] [cxt 0] Parser state 'start': key is 86dd
[16:11:19.316] [bmv2] [T] [thread 12410] [14.0] [cxt 0] Bytes parsed: 14
[16:11:19.316] [bmv2] [D] [thread 12410] [14.0] [cxt 0] Parser 'parser': end
[16:11:19.316] [bmv2] [D] [thread 12410] [14.0] [cxt 0] Pipeline 'ingress': start
[16:11:19.316] [bmv2] [T] [thread 12410] [14.0] [cxt 0] basic.p4(169) Condition "hdr.kv.isValid()" (node_2) is false
[16:11:19.316] [bmv2] [D] [thread 12410] [14.0] [cxt 0] Pipeline 'ingress': end
[16:11:19.316] [bmv2] [D] [thread 12410] [14.0] [cxt 0] Egress port is 0
[16:11:19.316] [bmv2] [D] [thread 12411] [14.0] [cxt 0] Pipeline 'egress': start
[16:11:19.316] [bmv2] [D] [thread 12411] [14.0] [cxt 0] Pipeline 'egress': end
[16:11:19.316] [bmv2] [D] [thread 12411] [14.0] [cxt 0] Deparser 'deparser': start
[16:11:19.316] [bmv2] [T] [thread 12411] [14.0] [cxt 0] Skipping checksum 'cksum' update because condition not met
[16:11:19.316] [bmv2] [D] [thread 12411] [14.0] [cxt 0] Deparsing header 'ethernet'
[16:11:19.316] [bmv2] [D] [thread 12411] [14.0] [cxt 0] Deparser 'deparser': end
[16:11:19.316] [bmv2] [D] [thread 12415] [14.0] [cxt 0] Transmitting packet of size 107 out of port 0
election_id {
  low: 1
}
updates {
  type: INSERT
  entity {
    table_entry {
      table_id: 33561146
      match {
        field_id: 2
        exact {
          value: "\000\000\000\001"
        }
      }
      match {
        field_id: 1
        exact {
          value: "\000\000"
        }
      }
      action {
        action {
          action_id: 16832977
          params {
            param_id: 1
            value: "\000\000\000\002"
          }
          params {
            param_id: 2
            value: "\000\001"
          }
        }
      }
    }
  }
}
[16:11:19.321] [bmv2] [D] [thread 12428] Entry 0 added to table 'MyIngress.kv_exact'
[16:11:19.321] [bmv2] [D] [thread 12428] Dumping entry 0
Match key:
* hdr.kv.op           : EXACT     0000
* hdr.kv.key          : EXACT     00000001
Action entry: MyIngress.kv_read - 2,1,

P4Runtime Write
election_id {
  low: 1
}
updates {
  type: INSERT
  entity {
    table_entry {
      table_id: 33561146
      match {
        field_id: 2
        exact {
          value: "\000\000\000\001"
        }
      }
      match {
        field_id: 1
        exact {
          value: "\000\001"
        }
      }
      action {
        action {
          action_id: 16833529
          params {
            param_id: 1
            value: "\000\000\000\002"
          }
          params {
            param_id: 2
            value: "\000\001"
          }
        }
      }
    }
  }
}
[16:11:19.325] [bmv2] [D] [thread 12428] Entry 1 added to table 'MyIngress.kv_exact'
[16:11:19.325] [bmv2] [D] [thread 12428] Dumping entry 1
Match key:
* hdr.kv.op           : EXACT     0001
* hdr.kv.key          : EXACT     00000001
Action entry: MyIngress.kv_write - 2,1,

P4Runtime Write
election_id {
  low: 1
}
updates {
  type: INSERT
  entity {
    table_entry {
      table_id: 33561146
      match {
        field_id: 2
        exact {
          value: "\000\000\000\002"
        }
      }
      match {
        field_id: 1
        exact {
          value: "\000\000"
        }
      }
      action {
        action {
          action_id: 16832977
          params {
            param_id: 1
            value: "\000\000\000\000"
          }
          params {
            param_id: 2
            value: "\000\001"
          }
        }
      }
    }
  }
}
[16:11:19.330] [bmv2] [D] [thread 12429] Entry 2 added to table 'MyIngress.kv_exact'
[16:11:19.330] [bmv2] [D] [thread 12429] Dumping entry 2
Match key:
* hdr.kv.op           : EXACT     0000
* hdr.kv.key          : EXACT     00000002
Action entry: MyIngress.kv_read - 0,1,

P4Runtime Write
election_id {
  low: 1
}
updates {
  type: INSERT
  entity {
    table_entry {
      table_id: 33561146
      match {
        field_id: 2
        exact {
          value: "\000\000\000\002"
        }
      }
      match {
        field_id: 1
        exact {
          value: "\000\001"
        }
      }
      action {
        action {
          action_id: 16833529
          params {
            param_id: 1
            value: "\000\000\000\000"
          }
          params {
            param_id: 2
            value: "\000\001"
          }
        }
      }
    }
  }
}
[16:11:19.333] [bmv2] [D] [thread 12429] Entry 3 added to table 'MyIngress.kv_exact'
[16:11:19.333] [bmv2] [D] [thread 12429] Dumping entry 3
Match key:
* hdr.kv.op           : EXACT     0001
* hdr.kv.key          : EXACT     00000002
Action entry: MyIngress.kv_write - 0,1,

P4Runtime Write
election_id {
  low: 1
}
updates {
  type: INSERT
  entity {
    table_entry {
      table_id: 33561146
      match {
        field_id: 2
        exact {
          value: "\000\000\000\003"
        }
      }
      match {
        field_id: 1
        exact {
          value: "\000\000"
        }
      }
      action {
        action {
          action_id: 16832977
          params {
            param_id: 1
            value: "\000\000\000\001"
          }
          params {
            param_id: 2
            value: "\000\001"
          }
        }
      }
    }
  }
}
[16:11:19.336] [bmv2] [D] [thread 12429] Entry 4 added to table 'MyIngress.kv_exact'
[16:11:19.336] [bmv2] [D] [thread 12429] Dumping entry 4
Match key:
* hdr.kv.op           : EXACT     0000
* hdr.kv.key          : EXACT     00000003
Action entry: MyIngress.kv_read - 1,1,

P4Runtime Write
election_id {
  low: 1
}
updates {
  type: INSERT
  entity {
    table_entry {
      table_id: 33561146
      match {
        field_id: 2
        exact {
          value: "\000\000\000\003"
        }
      }
      match {
        field_id: 1
        exact {
          value: "\000\001"
        }
      }
      action {
        action {
          action_id: 16833529
          params {
            param_id: 1
            value: "\000\000\000\001"
          }
          params {
            param_id: 2
            value: "\000\001"
          }
        }
      }
    }
  }
}
[16:11:19.350] [bmv2] [D] [thread 12429] Entry 5 added to table 'MyIngress.kv_exact'
[16:11:19.350] [bmv2] [D] [thread 12429] Dumping entry 5
Match key:
* hdr.kv.op           : EXACT     0001
* hdr.kv.key          : EXACT     00000003
Action entry: MyIngress.kv_write - 1,1,

P4Runtime Write
election_id {
  low: 1
}
updates {
  type: INSERT
  entity {
    table_entry {
      table_id: 33561146
      match {
        field_id: 2
        exact {
          value: "\000\000\000\004"
        }
      }
      match {
        field_id: 1
        exact {
          value: "\000\000"
        }
      }
      action {
        action {
          action_id: 16832977
          params {
            param_id: 1
            value: "\000\000\000\003"
          }
          params {
            param_id: 2
            value: "\000\001"
          }
        }
      }
    }
  }
}
[16:11:19.354] [bmv2] [D] [thread 12429] Entry 6 added to table 'MyIngress.kv_exact'
[16:11:19.354] [bmv2] [D] [thread 12429] Dumping entry 6
Match key:
* hdr.kv.op           : EXACT     0000
* hdr.kv.key          : EXACT     00000004
Action entry: MyIngress.kv_read - 3,1,

P4Runtime Write
election_id {
  low: 1
}
updates {
  type: INSERT
  entity {
    table_entry {
      table_id: 33561146
      match {
        field_id: 2
        exact {
          value: "\000\000\000\004"
        }
      }
      match {
        field_id: 1
        exact {
          value: "\000\001"
        }
      }
      action {
        action {
          action_id: 16833529
          params {
            param_id: 1
            value: "\000\000\000\003"
          }
          params {
            param_id: 2
            value: "\000\001"
          }
        }
      }
    }
  }
}
[16:11:19.358] [bmv2] [D] [thread 12429] Entry 7 added to table 'MyIngress.kv_exact'
[16:11:19.358] [bmv2] [D] [thread 12429] Dumping entry 7
Match key:
* hdr.kv.op           : EXACT     0001
* hdr.kv.key          : EXACT     00000004
Action entry: MyIngress.kv_write - 3,1,

P4Runtime Write
election_id {
  low: 1
}
updates {
  type: INSERT
  entity {
    table_entry {
      table_id: 33561146
      match {
        field_id: 2
        exact {
          value: "\000\000\000\005"
        }
      }
      match {
        field_id: 1
        exact {
          value: "\000\000"
        }
      }
      action {
        action {
          action_id: 16832977
          params {
            param_id: 1
            value: "\000\000\000\004"
          }
          params {
            param_id: 2
            value: "\000\001"
          }
        }
      }
    }
  }
}
[16:11:19.361] [bmv2] [D] [thread 12429] Entry 8 added to table 'MyIngress.kv_exact'
[16:11:19.361] [bmv2] [D] [thread 12429] Dumping entry 8
Match key:
* hdr.kv.op           : EXACT     0000
* hdr.kv.key          : EXACT     00000005
Action entry: MyIngress.kv_read - 4,1,

P4Runtime Write
election_id {
  low: 1
}
updates {
  type: INSERT
  entity {
    table_entry {
      table_id: 33561146
      match {
        field_id: 2
        exact {
          value: "\000\000\000\005"
        }
      }
      match {
        field_id: 1
        exact {
          value: "\000\001"
        }
      }
      action {
        action {
          action_id: 16833529
          params {
            param_id: 1
            value: "\000\000\000\004"
          }
          params {
            param_id: 2
            value: "\000\001"
          }
        }
      }
    }
  }
}
[16:11:19.364] [bmv2] [D] [thread 12429] Entry 9 added to table 'MyIngress.kv_exact'
[16:11:19.364] [bmv2] [D] [thread 12429] Dumping entry 9
Match key:
* hdr.kv.op           : EXACT     0001
* hdr.kv.key          : EXACT     00000005
Action entry: MyIngress.kv_write - 4,1,

Connection removed
[16:11:19.373] [bmv2] [D] [thread 12410] [15.0] [cxt 0] Processing packet received on port 1
[16:11:19.373] [bmv2] [D] [thread 12410] [15.0] [cxt 0] Parser 'parser': start
[16:11:19.373] [bmv2] [D] [thread 12410] [15.0] [cxt 0] Parser 'parser' entering state 'start'
[16:11:19.373] [bmv2] [D] [thread 12410] [15.0] [cxt 0] Extracting header 'ethernet'
[16:11:19.373] [bmv2] [D] [thread 12410] [15.0] [cxt 0] Parser state 'start': key is 86dd
[16:11:19.373] [bmv2] [T] [thread 12410] [15.0] [cxt 0] Bytes parsed: 14
[16:11:19.373] [bmv2] [D] [thread 12410] [15.0] [cxt 0] Parser 'parser': end
[16:11:19.373] [bmv2] [D] [thread 12410] [15.0] [cxt 0] Pipeline 'ingress': start
[16:11:19.373] [bmv2] [T] [thread 12410] [15.0] [cxt 0] basic.p4(169) Condition "hdr.kv.isValid()" (node_2) is false
[16:11:19.373] [bmv2] [D] [thread 12410] [15.0] [cxt 0] Pipeline 'ingress': end
[16:11:19.373] [bmv2] [D] [thread 12410] [15.0] [cxt 0] Egress port is 0
[16:11:19.373] [bmv2] [D] [thread 12411] [15.0] [cxt 0] Pipeline 'egress': start
[16:11:19.373] [bmv2] [D] [thread 12411] [15.0] [cxt 0] Pipeline 'egress': end
[16:11:19.373] [bmv2] [D] [thread 12411] [15.0] [cxt 0] Deparser 'deparser': start
[16:11:19.373] [bmv2] [T] [thread 12411] [15.0] [cxt 0] Skipping checksum 'cksum' update because condition not met
[16:11:19.373] [bmv2] [D] [thread 12411] [15.0] [cxt 0] Deparsing header 'ethernet'
[16:11:19.373] [bmv2] [D] [thread 12411] [15.0] [cxt 0] Deparser 'deparser': end
[16:11:19.373] [bmv2] [D] [thread 12415] [15.0] [cxt 0] Transmitting packet of size 208 out of port 0
[16:11:19.562] [bmv2] [D] [thread 12410] [16.0] [cxt 0] Processing packet received on port 2
[16:11:19.562] [bmv2] [D] [thread 12410] [16.0] [cxt 0] Parser 'parser': start
[16:11:19.562] [bmv2] [D] [thread 12410] [16.0] [cxt 0] Parser 'parser' entering state 'start'
[16:11:19.562] [bmv2] [D] [thread 12410] [16.0] [cxt 0] Extracting header 'ethernet'
[16:11:19.562] [bmv2] [D] [thread 12410] [16.0] [cxt 0] Parser state 'start': key is 86dd
[16:11:19.562] [bmv2] [T] [thread 12410] [16.0] [cxt 0] Bytes parsed: 14
[16:11:19.562] [bmv2] [D] [thread 12410] [16.0] [cxt 0] Parser 'parser': end
[16:11:19.562] [bmv2] [D] [thread 12410] [16.0] [cxt 0] Pipeline 'ingress': start
[16:11:19.563] [bmv2] [T] [thread 12410] [16.0] [cxt 0] basic.p4(169) Condition "hdr.kv.isValid()" (node_2) is false
[16:11:19.563] [bmv2] [D] [thread 12410] [16.0] [cxt 0] Pipeline 'ingress': end
[16:11:19.563] [bmv2] [D] [thread 12410] [16.0] [cxt 0] Egress port is 0
[16:11:19.563] [bmv2] [D] [thread 12411] [16.0] [cxt 0] Pipeline 'egress': start
[16:11:19.563] [bmv2] [D] [thread 12411] [16.0] [cxt 0] Pipeline 'egress': end
[16:11:19.563] [bmv2] [D] [thread 12411] [16.0] [cxt 0] Deparser 'deparser': start
[16:11:19.563] [bmv2] [T] [thread 12411] [16.0] [cxt 0] Skipping checksum 'cksum' update because condition not met
[16:11:19.563] [bmv2] [D] [thread 12411] [16.0] [cxt 0] Deparsing header 'ethernet'
[16:11:19.563] [bmv2] [D] [thread 12411] [16.0] [cxt 0] Deparser 'deparser': end
[16:11:19.563] [bmv2] [D] [thread 12415] [16.0] [cxt 0] Transmitting packet of size 208 out of port 0
[16:11:19.648] [bmv2] [D] [thread 12410] [17.0] [cxt 0] Processing packet received on port 1
[16:11:19.648] [bmv2] [D] [thread 12410] [17.0] [cxt 0] Parser 'parser': start
[16:11:19.648] [bmv2] [D] [thread 12410] [17.0] [cxt 0] Parser 'parser' entering state 'start'
[16:11:19.649] [bmv2] [D] [thread 12410] [17.0] [cxt 0] Extracting header 'ethernet'
[16:11:19.649] [bmv2] [D] [thread 12410] [17.0] [cxt 0] Parser state 'start': key is 86dd
[16:11:19.649] [bmv2] [T] [thread 12410] [17.0] [cxt 0] Bytes parsed: 14
[16:11:19.649] [bmv2] [D] [thread 12410] [17.0] [cxt 0] Parser 'parser': end
[16:11:19.649] [bmv2] [D] [thread 12410] [17.0] [cxt 0] Pipeline 'ingress': start
[16:11:19.649] [bmv2] [T] [thread 12410] [17.0] [cxt 0] basic.p4(169) Condition "hdr.kv.isValid()" (node_2) is false
[16:11:19.649] [bmv2] [D] [thread 12410] [17.0] [cxt 0] Pipeline 'ingress': end
[16:11:19.649] [bmv2] [D] [thread 12410] [17.0] [cxt 0] Egress port is 0
[16:11:19.649] [bmv2] [D] [thread 12411] [17.0] [cxt 0] Pipeline 'egress': start
[16:11:19.649] [bmv2] [D] [thread 12411] [17.0] [cxt 0] Pipeline 'egress': end
[16:11:19.649] [bmv2] [D] [thread 12411] [17.0] [cxt 0] Deparser 'deparser': start
[16:11:19.649] [bmv2] [T] [thread 12411] [17.0] [cxt 0] Skipping checksum 'cksum' update because condition not met
[16:11:19.649] [bmv2] [D] [thread 12411] [17.0] [cxt 0] Deparsing header 'ethernet'
[16:11:19.649] [bmv2] [D] [thread 12411] [17.0] [cxt 0] Deparser 'deparser': end
[16:11:19.649] [bmv2] [D] [thread 12415] [17.0] [cxt 0] Transmitting packet of size 208 out of port 0
[16:11:19.676] [bmv2] [D] [thread 12410] [18.0] [cxt 0] Processing packet received on port 1
[16:11:19.676] [bmv2] [D] [thread 12410] [18.0] [cxt 0] Parser 'parser': start
[16:11:19.676] [bmv2] [D] [thread 12410] [18.0] [cxt 0] Parser 'parser' entering state 'start'
[16:11:19.676] [bmv2] [D] [thread 12410] [18.0] [cxt 0] Extracting header 'ethernet'
[16:11:19.676] [bmv2] [D] [thread 12410] [18.0] [cxt 0] Parser state 'start': key is 86dd
[16:11:19.676] [bmv2] [T] [thread 12410] [18.0] [cxt 0] Bytes parsed: 14
[16:11:19.676] [bmv2] [D] [thread 12410] [18.0] [cxt 0] Parser 'parser': end
[16:11:19.676] [bmv2] [D] [thread 12410] [18.0] [cxt 0] Pipeline 'ingress': start
[16:11:19.676] [bmv2] [T] [thread 12410] [18.0] [cxt 0] basic.p4(169) Condition "hdr.kv.isValid()" (node_2) is false
[16:11:19.677] [bmv2] [D] [thread 12410] [18.0] [cxt 0] Pipeline 'ingress': end
[16:11:19.677] [bmv2] [D] [thread 12410] [18.0] [cxt 0] Egress port is 0
[16:11:19.677] [bmv2] [D] [thread 12411] [18.0] [cxt 0] Pipeline 'egress': start
[16:11:19.677] [bmv2] [D] [thread 12411] [18.0] [cxt 0] Pipeline 'egress': end
[16:11:19.677] [bmv2] [D] [thread 12411] [18.0] [cxt 0] Deparser 'deparser': start
[16:11:19.677] [bmv2] [T] [thread 12411] [18.0] [cxt 0] Skipping checksum 'cksum' update because condition not met
[16:11:19.677] [bmv2] [D] [thread 12411] [18.0] [cxt 0] Deparsing header 'ethernet'
[16:11:19.677] [bmv2] [D] [thread 12411] [18.0] [cxt 0] Deparser 'deparser': end
[16:11:19.677] [bmv2] [D] [thread 12415] [18.0] [cxt 0] Transmitting packet of size 90 out of port 0
[16:11:19.701] [bmv2] [D] [thread 12410] [19.0] [cxt 0] Processing packet received on port 1
[16:11:19.701] [bmv2] [D] [thread 12410] [19.0] [cxt 0] Parser 'parser': start
[16:11:19.701] [bmv2] [D] [thread 12410] [19.0] [cxt 0] Parser 'parser' entering state 'start'
[16:11:19.701] [bmv2] [D] [thread 12410] [19.0] [cxt 0] Extracting header 'ethernet'
[16:11:19.701] [bmv2] [D] [thread 12410] [19.0] [cxt 0] Parser state 'start': key is 86dd
[16:11:19.701] [bmv2] [T] [thread 12410] [19.0] [cxt 0] Bytes parsed: 14
[16:11:19.701] [bmv2] [D] [thread 12410] [19.0] [cxt 0] Parser 'parser': end
[16:11:19.702] [bmv2] [D] [thread 12410] [19.0] [cxt 0] Pipeline 'ingress': start
[16:11:19.702] [bmv2] [T] [thread 12410] [19.0] [cxt 0] basic.p4(169) Condition "hdr.kv.isValid()" (node_2) is false
[16:11:19.702] [bmv2] [D] [thread 12410] [19.0] [cxt 0] Pipeline 'ingress': end
[16:11:19.702] [bmv2] [D] [thread 12410] [19.0] [cxt 0] Egress port is 0
[16:11:19.702] [bmv2] [D] [thread 12411] [19.0] [cxt 0] Pipeline 'egress': start
[16:11:19.702] [bmv2] [D] [thread 12411] [19.0] [cxt 0] Pipeline 'egress': end
[16:11:19.702] [bmv2] [D] [thread 12411] [19.0] [cxt 0] Deparser 'deparser': start
[16:11:19.702] [bmv2] [T] [thread 12411] [19.0] [cxt 0] Skipping checksum 'cksum' update because condition not met
[16:11:19.702] [bmv2] [D] [thread 12411] [19.0] [cxt 0] Deparsing header 'ethernet'
[16:11:19.702] [bmv2] [D] [thread 12411] [19.0] [cxt 0] Deparser 'deparser': end
[16:11:19.702] [bmv2] [D] [thread 12415] [19.0] [cxt 0] Transmitting packet of size 110 out of port 0
[16:11:19.761] [bmv2] [D] [thread 12410] [20.0] [cxt 0] Processing packet received on port 2
[16:11:19.761] [bmv2] [D] [thread 12410] [20.0] [cxt 0] Parser 'parser': start
[16:11:19.761] [bmv2] [D] [thread 12410] [20.0] [cxt 0] Parser 'parser' entering state 'start'
[16:11:19.761] [bmv2] [D] [thread 12410] [20.0] [cxt 0] Extracting header 'ethernet'
[16:11:19.762] [bmv2] [D] [thread 12410] [20.0] [cxt 0] Parser state 'start': key is 86dd
[16:11:19.762] [bmv2] [T] [thread 12410] [20.0] [cxt 0] Bytes parsed: 14
[16:11:19.762] [bmv2] [D] [thread 12410] [20.0] [cxt 0] Parser 'parser': end
[16:11:19.762] [bmv2] [D] [thread 12410] [20.0] [cxt 0] Pipeline 'ingress': start
[16:11:19.762] [bmv2] [T] [thread 12410] [20.0] [cxt 0] basic.p4(169) Condition "hdr.kv.isValid()" (node_2) is false
[16:11:19.762] [bmv2] [D] [thread 12410] [20.0] [cxt 0] Pipeline 'ingress': end
[16:11:19.762] [bmv2] [D] [thread 12410] [20.0] [cxt 0] Egress port is 0
[16:11:19.762] [bmv2] [D] [thread 12411] [20.0] [cxt 0] Pipeline 'egress': start
[16:11:19.762] [bmv2] [D] [thread 12411] [20.0] [cxt 0] Pipeline 'egress': end
[16:11:19.762] [bmv2] [D] [thread 12411] [20.0] [cxt 0] Deparser 'deparser': start
[16:11:19.762] [bmv2] [T] [thread 12411] [20.0] [cxt 0] Skipping checksum 'cksum' update because condition not met
[16:11:19.762] [bmv2] [D] [thread 12411] [20.0] [cxt 0] Deparsing header 'ethernet'
[16:11:19.762] [bmv2] [D] [thread 12411] [20.0] [cxt 0] Deparser 'deparser': end
[16:11:19.762] [bmv2] [D] [thread 12415] [20.0] [cxt 0] Transmitting packet of size 196 out of port 0
[16:11:19.789] [bmv2] [D] [thread 12410] [21.0] [cxt 0] Processing packet received on port 2
[16:11:19.789] [bmv2] [D] [thread 12410] [21.0] [cxt 0] Parser 'parser': start
[16:11:19.789] [bmv2] [D] [thread 12410] [21.0] [cxt 0] Parser 'parser' entering state 'start'
[16:11:19.790] [bmv2] [D] [thread 12410] [21.0] [cxt 0] Extracting header 'ethernet'
[16:11:19.790] [bmv2] [D] [thread 12410] [21.0] [cxt 0] Parser state 'start': key is 86dd
[16:11:19.790] [bmv2] [T] [thread 12410] [21.0] [cxt 0] Bytes parsed: 14
[16:11:19.790] [bmv2] [D] [thread 12410] [21.0] [cxt 0] Parser 'parser': end
[16:11:19.790] [bmv2] [D] [thread 12410] [21.0] [cxt 0] Pipeline 'ingress': start
[16:11:19.790] [bmv2] [T] [thread 12410] [21.0] [cxt 0] basic.p4(169) Condition "hdr.kv.isValid()" (node_2) is false
[16:11:19.790] [bmv2] [D] [thread 12410] [21.0] [cxt 0] Pipeline 'ingress': end
[16:11:19.790] [bmv2] [D] [thread 12410] [21.0] [cxt 0] Egress port is 0
[16:11:19.790] [bmv2] [D] [thread 12411] [21.0] [cxt 0] Pipeline 'egress': start
[16:11:19.790] [bmv2] [D] [thread 12411] [21.0] [cxt 0] Pipeline 'egress': end
[16:11:19.790] [bmv2] [D] [thread 12411] [21.0] [cxt 0] Deparser 'deparser': start
[16:11:19.790] [bmv2] [T] [thread 12411] [21.0] [cxt 0] Skipping checksum 'cksum' update because condition not met
[16:11:19.790] [bmv2] [D] [thread 12411] [21.0] [cxt 0] Deparsing header 'ethernet'
[16:11:19.790] [bmv2] [D] [thread 12411] [21.0] [cxt 0] Deparser 'deparser': end
[16:11:19.790] [bmv2] [D] [thread 12415] [21.0] [cxt 0] Transmitting packet of size 90 out of port 0
[16:11:19.895] [bmv2] [D] [thread 12410] [22.0] [cxt 0] Processing packet received on port 1
[16:11:19.895] [bmv2] [D] [thread 12410] [22.0] [cxt 0] Parser 'parser': start
[16:11:19.895] [bmv2] [D] [thread 12410] [22.0] [cxt 0] Parser 'parser' entering state 'start'
[16:11:19.895] [bmv2] [D] [thread 12410] [22.0] [cxt 0] Extracting header 'ethernet'
[16:11:19.895] [bmv2] [D] [thread 12410] [22.0] [cxt 0] Parser state 'start': key is 86dd
[16:11:19.895] [bmv2] [T] [thread 12410] [22.0] [cxt 0] Bytes parsed: 14
[16:11:19.895] [bmv2] [D] [thread 12410] [22.0] [cxt 0] Parser 'parser': end
[16:11:19.895] [bmv2] [D] [thread 12410] [22.0] [cxt 0] Pipeline 'ingress': start
[16:11:19.895] [bmv2] [T] [thread 12410] [22.0] [cxt 0] basic.p4(169) Condition "hdr.kv.isValid()" (node_2) is false
[16:11:19.896] [bmv2] [D] [thread 12410] [22.0] [cxt 0] Pipeline 'ingress': end
[16:11:19.896] [bmv2] [D] [thread 12410] [22.0] [cxt 0] Egress port is 0
[16:11:19.896] [bmv2] [D] [thread 12411] [22.0] [cxt 0] Pipeline 'egress': start
[16:11:19.896] [bmv2] [D] [thread 12411] [22.0] [cxt 0] Pipeline 'egress': end
[16:11:19.896] [bmv2] [D] [thread 12411] [22.0] [cxt 0] Deparser 'deparser': start
[16:11:19.896] [bmv2] [T] [thread 12411] [22.0] [cxt 0] Skipping checksum 'cksum' update because condition not met
[16:11:19.896] [bmv2] [D] [thread 12411] [22.0] [cxt 0] Deparsing header 'ethernet'
[16:11:19.896] [bmv2] [D] [thread 12411] [22.0] [cxt 0] Deparser 'deparser': end
[16:11:19.896] [bmv2] [D] [thread 12415] [22.0] [cxt 0] Transmitting packet of size 208 out of port 0
[16:11:19.996] [bmv2] [D] [thread 12410] [23.0] [cxt 0] Processing packet received on port 2
[16:11:19.996] [bmv2] [D] [thread 12410] [23.0] [cxt 0] Parser 'parser': start
[16:11:19.996] [bmv2] [D] [thread 12410] [23.0] [cxt 0] Parser 'parser' entering state 'start'
[16:11:19.996] [bmv2] [D] [thread 12410] [23.0] [cxt 0] Extracting header 'ethernet'
[16:11:19.996] [bmv2] [D] [thread 12410] [23.0] [cxt 0] Parser state 'start': key is 86dd
[16:11:19.997] [bmv2] [T] [thread 12410] [23.0] [cxt 0] Bytes parsed: 14
[16:11:19.997] [bmv2] [D] [thread 12410] [23.0] [cxt 0] Parser 'parser': end
[16:11:19.997] [bmv2] [D] [thread 12410] [23.0] [cxt 0] Pipeline 'ingress': start
[16:11:19.997] [bmv2] [T] [thread 12410] [23.0] [cxt 0] basic.p4(169) Condition "hdr.kv.isValid()" (node_2) is false
[16:11:19.997] [bmv2] [D] [thread 12410] [23.0] [cxt 0] Pipeline 'ingress': end
[16:11:19.997] [bmv2] [D] [thread 12410] [23.0] [cxt 0] Egress port is 0
[16:11:19.997] [bmv2] [D] [thread 12411] [23.0] [cxt 0] Pipeline 'egress': start
[16:11:19.997] [bmv2] [D] [thread 12411] [23.0] [cxt 0] Pipeline 'egress': end
[16:11:19.997] [bmv2] [D] [thread 12411] [23.0] [cxt 0] Deparser 'deparser': start
[16:11:19.997] [bmv2] [T] [thread 12411] [23.0] [cxt 0] Skipping checksum 'cksum' update because condition not met
[16:11:19.997] [bmv2] [D] [thread 12411] [23.0] [cxt 0] Deparsing header 'ethernet'
[16:11:19.997] [bmv2] [D] [thread 12411] [23.0] [cxt 0] Deparser 'deparser': end
[16:11:19.997] [bmv2] [D] [thread 12415] [23.0] [cxt 0] Transmitting packet of size 107 out of port 0
[16:11:20.093] [bmv2] [D] [thread 12410] [24.0] [cxt 0] Processing packet received on port 1
[16:11:20.094] [bmv2] [D] [thread 12410] [24.0] [cxt 0] Parser 'parser': start
[16:11:20.094] [bmv2] [D] [thread 12410] [24.0] [cxt 0] Parser 'parser' entering state 'start'
[16:11:20.094] [bmv2] [D] [thread 12410] [24.0] [cxt 0] Extracting header 'ethernet'
[16:11:20.094] [bmv2] [D] [thread 12410] [24.0] [cxt 0] Parser state 'start': key is 86dd
[16:11:20.094] [bmv2] [T] [thread 12410] [24.0] [cxt 0] Bytes parsed: 14
[16:11:20.094] [bmv2] [D] [thread 12410] [24.0] [cxt 0] Parser 'parser': end
[16:11:20.094] [bmv2] [D] [thread 12410] [24.0] [cxt 0] Pipeline 'ingress': start
[16:11:20.094] [bmv2] [T] [thread 12410] [24.0] [cxt 0] basic.p4(169) Condition "hdr.kv.isValid()" (node_2) is false
[16:11:20.094] [bmv2] [D] [thread 12410] [24.0] [cxt 0] Pipeline 'ingress': end
[16:11:20.094] [bmv2] [D] [thread 12410] [24.0] [cxt 0] Egress port is 0
[16:11:20.095] [bmv2] [D] [thread 12411] [24.0] [cxt 0] Pipeline 'egress': start
[16:11:20.095] [bmv2] [D] [thread 12411] [24.0] [cxt 0] Pipeline 'egress': end
[16:11:20.095] [bmv2] [D] [thread 12411] [24.0] [cxt 0] Deparser 'deparser': start
[16:11:20.095] [bmv2] [T] [thread 12411] [24.0] [cxt 0] Skipping checksum 'cksum' update because condition not met
[16:11:20.095] [bmv2] [D] [thread 12411] [24.0] [cxt 0] Deparsing header 'ethernet'
[16:11:20.095] [bmv2] [D] [thread 12411] [24.0] [cxt 0] Deparser 'deparser': end
[16:11:20.095] [bmv2] [D] [thread 12415] [24.0] [cxt 0] Transmitting packet of size 196 out of port 0
[16:11:20.342] [bmv2] [D] [thread 12410] [25.0] [cxt 0] Processing packet received on port 1
[16:11:20.342] [bmv2] [D] [thread 12410] [25.0] [cxt 0] Parser 'parser': start
[16:11:20.342] [bmv2] [D] [thread 12410] [25.0] [cxt 0] Parser 'parser' entering state 'start'
[16:11:20.342] [bmv2] [D] [thread 12410] [25.0] [cxt 0] Extracting header 'ethernet'
[16:11:20.342] [bmv2] [D] [thread 12410] [25.0] [cxt 0] Parser state 'start': key is 86dd
[16:11:20.342] [bmv2] [T] [thread 12410] [25.0] [cxt 0] Bytes parsed: 14
[16:11:20.342] [bmv2] [D] [thread 12410] [25.0] [cxt 0] Parser 'parser': end
[16:11:20.342] [bmv2] [D] [thread 12410] [25.0] [cxt 0] Pipeline 'ingress': start
[16:11:20.342] [bmv2] [T] [thread 12410] [25.0] [cxt 0] basic.p4(169) Condition "hdr.kv.isValid()" (node_2) is false
[16:11:20.342] [bmv2] [D] [thread 12410] [25.0] [cxt 0] Pipeline 'ingress': end
[16:11:20.342] [bmv2] [D] [thread 12410] [25.0] [cxt 0] Egress port is 0
[16:11:20.342] [bmv2] [D] [thread 12411] [25.0] [cxt 0] Pipeline 'egress': start
[16:11:20.342] [bmv2] [D] [thread 12411] [25.0] [cxt 0] Pipeline 'egress': end
[16:11:20.342] [bmv2] [D] [thread 12411] [25.0] [cxt 0] Deparser 'deparser': start
[16:11:20.342] [bmv2] [T] [thread 12411] [25.0] [cxt 0] Skipping checksum 'cksum' update because condition not met
[16:11:20.342] [bmv2] [D] [thread 12411] [25.0] [cxt 0] Deparsing header 'ethernet'
[16:11:20.342] [bmv2] [D] [thread 12411] [25.0] [cxt 0] Deparser 'deparser': end
[16:11:20.343] [bmv2] [D] [thread 12415] [25.0] [cxt 0] Transmitting packet of size 107 out of port 0
[16:11:20.870] [bmv2] [D] [thread 12410] [26.0] [cxt 0] Processing packet received on port 2
[16:11:20.870] [bmv2] [D] [thread 12410] [26.0] [cxt 0] Parser 'parser': start
[16:11:20.870] [bmv2] [D] [thread 12410] [26.0] [cxt 0] Parser 'parser' entering state 'start'
[16:11:20.870] [bmv2] [D] [thread 12410] [26.0] [cxt 0] Extracting header 'ethernet'
[16:11:20.870] [bmv2] [D] [thread 12410] [26.0] [cxt 0] Parser state 'start': key is 86dd
[16:11:20.870] [bmv2] [T] [thread 12410] [26.0] [cxt 0] Bytes parsed: 14
[16:11:20.870] [bmv2] [D] [thread 12410] [26.0] [cxt 0] Parser 'parser': end
[16:11:20.870] [bmv2] [D] [thread 12410] [26.0] [cxt 0] Pipeline 'ingress': start
[16:11:20.871] [bmv2] [T] [thread 12410] [26.0] [cxt 0] basic.p4(169) Condition "hdr.kv.isValid()" (node_2) is false
[16:11:20.871] [bmv2] [D] [thread 12410] [26.0] [cxt 0] Pipeline 'ingress': end
[16:11:20.871] [bmv2] [D] [thread 12410] [26.0] [cxt 0] Egress port is 0
[16:11:20.871] [bmv2] [D] [thread 12411] [26.0] [cxt 0] Pipeline 'egress': start
[16:11:20.871] [bmv2] [D] [thread 12411] [26.0] [cxt 0] Pipeline 'egress': end
[16:11:20.871] [bmv2] [D] [thread 12411] [26.0] [cxt 0] Deparser 'deparser': start
[16:11:20.871] [bmv2] [T] [thread 12411] [26.0] [cxt 0] Skipping checksum 'cksum' update because condition not met
[16:11:20.871] [bmv2] [D] [thread 12411] [26.0] [cxt 0] Deparsing header 'ethernet'
[16:11:20.871] [bmv2] [D] [thread 12411] [26.0] [cxt 0] Deparser 'deparser': end
[16:11:20.871] [bmv2] [D] [thread 12415] [26.0] [cxt 0] Transmitting packet of size 196 out of port 0
[16:11:21.203] [bmv2] [D] [thread 12410] [27.0] [cxt 0] Processing packet received on port 1
[16:11:21.203] [bmv2] [D] [thread 12410] [27.0] [cxt 0] Parser 'parser': start
[16:11:21.203] [bmv2] [D] [thread 12410] [27.0] [cxt 0] Parser 'parser' entering state 'start'
[16:11:21.204] [bmv2] [D] [thread 12410] [27.0] [cxt 0] Extracting header 'ethernet'
[16:11:21.204] [bmv2] [D] [thread 12410] [27.0] [cxt 0] Parser state 'start': key is 86dd
[16:11:21.204] [bmv2] [T] [thread 12410] [27.0] [cxt 0] Bytes parsed: 14
[16:11:21.204] [bmv2] [D] [thread 12410] [27.0] [cxt 0] Parser 'parser': end
[16:11:21.204] [bmv2] [D] [thread 12410] [27.0] [cxt 0] Pipeline 'ingress': start
[16:11:21.204] [bmv2] [T] [thread 12410] [27.0] [cxt 0] basic.p4(169) Condition "hdr.kv.isValid()" (node_2) is false
[16:11:21.204] [bmv2] [D] [thread 12410] [27.0] [cxt 0] Pipeline 'ingress': end
[16:11:21.204] [bmv2] [D] [thread 12410] [27.0] [cxt 0] Egress port is 0
[16:11:21.204] [bmv2] [D] [thread 12411] [27.0] [cxt 0] Pipeline 'egress': start
[16:11:21.204] [bmv2] [D] [thread 12411] [27.0] [cxt 0] Pipeline 'egress': end
[16:11:21.204] [bmv2] [D] [thread 12411] [27.0] [cxt 0] Deparser 'deparser': start
[16:11:21.204] [bmv2] [T] [thread 12411] [27.0] [cxt 0] Skipping checksum 'cksum' update because condition not met
[16:11:21.204] [bmv2] [D] [thread 12411] [27.0] [cxt 0] Deparsing header 'ethernet'
[16:11:21.204] [bmv2] [D] [thread 12411] [27.0] [cxt 0] Deparser 'deparser': end
[16:11:21.204] [bmv2] [D] [thread 12415] [27.0] [cxt 0] Transmitting packet of size 196 out of port 0
[16:11:21.993] [bmv2] [D] [thread 12410] [28.0] [cxt 0] Processing packet received on port 2
[16:11:21.993] [bmv2] [D] [thread 12410] [28.0] [cxt 0] Parser 'parser': start
[16:11:21.993] [bmv2] [D] [thread 12410] [28.0] [cxt 0] Parser 'parser' entering state 'start'
[16:11:21.993] [bmv2] [D] [thread 12410] [28.0] [cxt 0] Extracting header 'ethernet'
[16:11:21.993] [bmv2] [D] [thread 12410] [28.0] [cxt 0] Parser state 'start': key is 86dd
[16:11:21.994] [bmv2] [T] [thread 12410] [28.0] [cxt 0] Bytes parsed: 14
[16:11:21.994] [bmv2] [D] [thread 12410] [28.0] [cxt 0] Parser 'parser': end
[16:11:21.994] [bmv2] [D] [thread 12410] [28.0] [cxt 0] Pipeline 'ingress': start
[16:11:21.994] [bmv2] [T] [thread 12410] [28.0] [cxt 0] basic.p4(169) Condition "hdr.kv.isValid()" (node_2) is false
[16:11:21.994] [bmv2] [D] [thread 12410] [28.0] [cxt 0] Pipeline 'ingress': end
[16:11:21.994] [bmv2] [D] [thread 12410] [28.0] [cxt 0] Egress port is 0
[16:11:21.994] [bmv2] [D] [thread 12411] [28.0] [cxt 0] Pipeline 'egress': start
[16:11:21.994] [bmv2] [D] [thread 12411] [28.0] [cxt 0] Pipeline 'egress': end
[16:11:21.994] [bmv2] [D] [thread 12411] [28.0] [cxt 0] Deparser 'deparser': start
[16:11:21.994] [bmv2] [T] [thread 12411] [28.0] [cxt 0] Skipping checksum 'cksum' update because condition not met
[16:11:21.994] [bmv2] [D] [thread 12411] [28.0] [cxt 0] Deparsing header 'ethernet'
[16:11:21.994] [bmv2] [D] [thread 12411] [28.0] [cxt 0] Deparser 'deparser': end
[16:11:21.994] [bmv2] [D] [thread 12415] [28.0] [cxt 0] Transmitting packet of size 107 out of port 0
[16:11:22.342] [bmv2] [D] [thread 12410] [29.0] [cxt 0] Processing packet received on port 1
[16:11:22.342] [bmv2] [D] [thread 12410] [29.0] [cxt 0] Parser 'parser': start
[16:11:22.342] [bmv2] [D] [thread 12410] [29.0] [cxt 0] Parser 'parser' entering state 'start'
[16:11:22.342] [bmv2] [D] [thread 12410] [29.0] [cxt 0] Extracting header 'ethernet'
[16:11:22.342] [bmv2] [D] [thread 12410] [29.0] [cxt 0] Parser state 'start': key is 86dd
[16:11:22.342] [bmv2] [T] [thread 12410] [29.0] [cxt 0] Bytes parsed: 14
[16:11:22.342] [bmv2] [D] [thread 12410] [29.0] [cxt 0] Parser 'parser': end
[16:11:22.343] [bmv2] [D] [thread 12410] [29.0] [cxt 0] Pipeline 'ingress': start
[16:11:22.343] [bmv2] [T] [thread 12410] [29.0] [cxt 0] basic.p4(169) Condition "hdr.kv.isValid()" (node_2) is false
[16:11:22.343] [bmv2] [D] [thread 12410] [29.0] [cxt 0] Pipeline 'ingress': end
[16:11:22.343] [bmv2] [D] [thread 12410] [29.0] [cxt 0] Egress port is 0
[16:11:22.343] [bmv2] [D] [thread 12411] [29.0] [cxt 0] Pipeline 'egress': start
[16:11:22.343] [bmv2] [D] [thread 12411] [29.0] [cxt 0] Pipeline 'egress': end
[16:11:22.343] [bmv2] [D] [thread 12411] [29.0] [cxt 0] Deparser 'deparser': start
[16:11:22.343] [bmv2] [T] [thread 12411] [29.0] [cxt 0] Skipping checksum 'cksum' update because condition not met
[16:11:22.343] [bmv2] [D] [thread 12411] [29.0] [cxt 0] Deparsing header 'ethernet'
[16:11:22.343] [bmv2] [D] [thread 12411] [29.0] [cxt 0] Deparser 'deparser': end
[16:11:22.343] [bmv2] [D] [thread 12415] [29.0] [cxt 0] Transmitting packet of size 107 out of port 0
[16:11:22.897] [bmv2] [D] [thread 12410] [30.0] [cxt 0] Processing packet received on port 2
[16:11:22.897] [bmv2] [D] [thread 12410] [30.0] [cxt 0] Parser 'parser': start
[16:11:22.897] [bmv2] [D] [thread 12410] [30.0] [cxt 0] Parser 'parser' entering state 'start'
[16:11:22.897] [bmv2] [D] [thread 12410] [30.0] [cxt 0] Extracting header 'ethernet'
[16:11:22.897] [bmv2] [D] [thread 12410] [30.0] [cxt 0] Parser state 'start': key is 86dd
[16:11:22.898] [bmv2] [T] [thread 12410] [30.0] [cxt 0] Bytes parsed: 14
[16:11:22.898] [bmv2] [D] [thread 12410] [30.0] [cxt 0] Parser 'parser': end
[16:11:22.898] [bmv2] [D] [thread 12410] [30.0] [cxt 0] Pipeline 'ingress': start
[16:11:22.898] [bmv2] [T] [thread 12410] [30.0] [cxt 0] basic.p4(169) Condition "hdr.kv.isValid()" (node_2) is false
[16:11:22.898] [bmv2] [D] [thread 12410] [30.0] [cxt 0] Pipeline 'ingress': end
[16:11:22.898] [bmv2] [D] [thread 12410] [30.0] [cxt 0] Egress port is 0
[16:11:22.898] [bmv2] [D] [thread 12411] [30.0] [cxt 0] Pipeline 'egress': start
[16:11:22.898] [bmv2] [D] [thread 12411] [30.0] [cxt 0] Pipeline 'egress': end
[16:11:22.898] [bmv2] [D] [thread 12411] [30.0] [cxt 0] Deparser 'deparser': start
[16:11:22.898] [bmv2] [T] [thread 12411] [30.0] [cxt 0] Skipping checksum 'cksum' update because condition not met
[16:11:22.898] [bmv2] [D] [thread 12411] [30.0] [cxt 0] Deparsing header 'ethernet'
[16:11:22.898] [bmv2] [D] [thread 12411] [30.0] [cxt 0] Deparser 'deparser': end
[16:11:22.898] [bmv2] [D] [thread 12415] [30.0] [cxt 0] Transmitting packet of size 70 out of port 0
[16:11:22.979] [bmv2] [D] [thread 12410] [31.0] [cxt 0] Processing packet received on port 2
[16:11:22.979] [bmv2] [D] [thread 12410] [31.0] [cxt 0] Parser 'parser': start
[16:11:22.979] [bmv2] [D] [thread 12410] [31.0] [cxt 0] Parser 'parser' entering state 'start'
[16:11:22.980] [bmv2] [D] [thread 12410] [31.0] [cxt 0] Extracting header 'ethernet'
[16:11:22.980] [bmv2] [D] [thread 12410] [31.0] [cxt 0] Parser state 'start': key is 86dd
[16:11:22.980] [bmv2] [T] [thread 12410] [31.0] [cxt 0] Bytes parsed: 14
[16:11:22.980] [bmv2] [D] [thread 12410] [31.0] [cxt 0] Parser 'parser': end
[16:11:22.980] [bmv2] [D] [thread 12410] [31.0] [cxt 0] Pipeline 'ingress': start
[16:11:22.980] [bmv2] [T] [thread 12410] [31.0] [cxt 0] basic.p4(169) Condition "hdr.kv.isValid()" (node_2) is false
[16:11:22.980] [bmv2] [D] [thread 12410] [31.0] [cxt 0] Pipeline 'ingress': end
[16:11:22.980] [bmv2] [D] [thread 12410] [31.0] [cxt 0] Egress port is 0
[16:11:22.980] [bmv2] [D] [thread 12411] [31.0] [cxt 0] Pipeline 'egress': start
[16:11:22.980] [bmv2] [D] [thread 12411] [31.0] [cxt 0] Pipeline 'egress': end
[16:11:22.980] [bmv2] [D] [thread 12411] [31.0] [cxt 0] Deparser 'deparser': start
[16:11:22.980] [bmv2] [T] [thread 12411] [31.0] [cxt 0] Skipping checksum 'cksum' update because condition not met
[16:11:22.980] [bmv2] [D] [thread 12411] [31.0] [cxt 0] Deparsing header 'ethernet'
[16:11:22.980] [bmv2] [D] [thread 12411] [31.0] [cxt 0] Deparser 'deparser': end
[16:11:22.980] [bmv2] [D] [thread 12415] [31.0] [cxt 0] Transmitting packet of size 196 out of port 0
[16:11:23.218] [bmv2] [D] [thread 12410] [32.0] [cxt 0] Processing packet received on port 1
[16:11:23.218] [bmv2] [D] [thread 12410] [32.0] [cxt 0] Parser 'parser': start
[16:11:23.218] [bmv2] [D] [thread 12410] [32.0] [cxt 0] Parser 'parser' entering state 'start'
[16:11:23.218] [bmv2] [D] [thread 12410] [32.0] [cxt 0] Extracting header 'ethernet'
[16:11:23.218] [bmv2] [D] [thread 12410] [32.0] [cxt 0] Parser state 'start': key is 86dd
[16:11:23.218] [bmv2] [T] [thread 12410] [32.0] [cxt 0] Bytes parsed: 14
[16:11:23.218] [bmv2] [D] [thread 12410] [32.0] [cxt 0] Parser 'parser': end
[16:11:23.218] [bmv2] [D] [thread 12410] [32.0] [cxt 0] Pipeline 'ingress': start
[16:11:23.219] [bmv2] [T] [thread 12410] [32.0] [cxt 0] basic.p4(169) Condition "hdr.kv.isValid()" (node_2) is false
[16:11:23.219] [bmv2] [D] [thread 12410] [32.0] [cxt 0] Pipeline 'ingress': end
[16:11:23.219] [bmv2] [D] [thread 12410] [32.0] [cxt 0] Egress port is 0
[16:11:23.219] [bmv2] [D] [thread 12411] [32.0] [cxt 0] Pipeline 'egress': start
[16:11:23.219] [bmv2] [D] [thread 12411] [32.0] [cxt 0] Pipeline 'egress': end
[16:11:23.219] [bmv2] [D] [thread 12411] [32.0] [cxt 0] Deparser 'deparser': start
[16:11:23.219] [bmv2] [T] [thread 12411] [32.0] [cxt 0] Skipping checksum 'cksum' update because condition not met
[16:11:23.219] [bmv2] [D] [thread 12411] [32.0] [cxt 0] Deparsing header 'ethernet'
[16:11:23.219] [bmv2] [D] [thread 12411] [32.0] [cxt 0] Deparser 'deparser': end
[16:11:23.219] [bmv2] [D] [thread 12415] [32.0] [cxt 0] Transmitting packet of size 70 out of port 0
[16:11:23.314] [bmv2] [D] [thread 12410] [33.0] [cxt 0] Processing packet received on port 1
[16:11:23.314] [bmv2] [D] [thread 12410] [33.0] [cxt 0] Parser 'parser': start
[16:11:23.314] [bmv2] [D] [thread 12410] [33.0] [cxt 0] Parser 'parser' entering state 'start'
[16:11:23.314] [bmv2] [D] [thread 12410] [33.0] [cxt 0] Extracting header 'ethernet'
[16:11:23.314] [bmv2] [D] [thread 12410] [33.0] [cxt 0] Parser state 'start': key is 86dd
[16:11:23.314] [bmv2] [T] [thread 12410] [33.0] [cxt 0] Bytes parsed: 14
[16:11:23.315] [bmv2] [D] [thread 12410] [33.0] [cxt 0] Parser 'parser': end
[16:11:23.315] [bmv2] [D] [thread 12410] [33.0] [cxt 0] Pipeline 'ingress': start
[16:11:23.315] [bmv2] [T] [thread 12410] [33.0] [cxt 0] basic.p4(169) Condition "hdr.kv.isValid()" (node_2) is false
[16:11:23.315] [bmv2] [D] [thread 12410] [33.0] [cxt 0] Pipeline 'ingress': end
[16:11:23.315] [bmv2] [D] [thread 12410] [33.0] [cxt 0] Egress port is 0
[16:11:23.315] [bmv2] [D] [thread 12411] [33.0] [cxt 0] Pipeline 'egress': start
[16:11:23.315] [bmv2] [D] [thread 12411] [33.0] [cxt 0] Pipeline 'egress': end
[16:11:23.315] [bmv2] [D] [thread 12411] [33.0] [cxt 0] Deparser 'deparser': start
[16:11:23.315] [bmv2] [T] [thread 12411] [33.0] [cxt 0] Skipping checksum 'cksum' update because condition not met
[16:11:23.315] [bmv2] [D] [thread 12411] [33.0] [cxt 0] Deparsing header 'ethernet'
[16:11:23.315] [bmv2] [D] [thread 12411] [33.0] [cxt 0] Deparser 'deparser': end
[16:11:23.315] [bmv2] [D] [thread 12415] [33.0] [cxt 0] Transmitting packet of size 196 out of port 0
