Calling target program-options parser
[09:42:16.522] [bmv2] [D] [thread 4786] Set default default entry for table 'MyIngress.ipv4_lpm': NoAction - 
Adding interface s4-eth1 as port 1
[09:42:16.523] [bmv2] [D] [thread 4786] Adding interface s4-eth1 as port 1
Adding interface s4-eth2 as port 2
[09:42:16.565] [bmv2] [D] [thread 4786] Adding interface s4-eth2 as port 2
I0909 09:42:16.607462654    4786 server_builder.cc:247]      Synchronous server. Num CQs: 1, Min pollers: 1, Max Pollers: 2147483647, CQ timeout (msec): 1000
Server listening on 0.0.0.0:50054
[09:42:16.611] [bmv2] [I] [thread 4786] Starting Thrift server on port 9093
[09:42:16.611] [bmv2] [I] [thread 4786] Thrift server was started
[09:42:16.695] [bmv2] [D] [thread 4793] [0.0] [cxt 0] Processing packet received on port 2
[09:42:16.695] [bmv2] [D] [thread 4793] [0.0] [cxt 0] Parser 'parser': start
[09:42:16.695] [bmv2] [D] [thread 4793] [0.0] [cxt 0] Parser 'parser' entering state 'start'
[09:42:16.695] [bmv2] [D] [thread 4793] [0.0] [cxt 0] Extracting header 'ethernet'
[09:42:16.695] [bmv2] [D] [thread 4793] [0.0] [cxt 0] Parser state 'start': key is 86dd
[09:42:16.695] [bmv2] [T] [thread 4793] [0.0] [cxt 0] Bytes parsed: 14
[09:42:16.695] [bmv2] [D] [thread 4793] [0.0] [cxt 0] Parser 'parser': end
[09:42:16.695] [bmv2] [D] [thread 4793] [0.0] [cxt 0] Pipeline 'ingress': start
[09:42:16.695] [bmv2] [T] [thread 4793] [0.0] [cxt 0] Applying table 'MyIngress.ipv4_lpm'
[09:42:16.695] [bmv2] [D] [thread 4793] [0.0] [cxt 0] Looking up key:
* hdr.ipv4.dstAddr    : 00000000

[09:42:16.695] [bmv2] [D] [thread 4793] [0.0] [cxt 0] Table 'MyIngress.ipv4_lpm': miss
[09:42:16.695] [bmv2] [D] [thread 4793] [0.0] [cxt 0] Action entry is NoAction - 
[09:42:16.695] [bmv2] [T] [thread 4793] [0.0] [cxt 0] Action NoAction
[09:42:16.695] [bmv2] [D] [thread 4793] [0.0] [cxt 0] Pipeline 'ingress': end
[09:42:16.695] [bmv2] [D] [thread 4793] [0.0] [cxt 0] Egress port is 0
[09:42:16.695] [bmv2] [D] [thread 4794] [0.0] [cxt 0] Pipeline 'egress': start
[09:42:16.695] [bmv2] [D] [thread 4794] [0.0] [cxt 0] Pipeline 'egress': end
[09:42:16.695] [bmv2] [D] [thread 4794] [0.0] [cxt 0] Deparser 'deparser': start
[09:42:16.696] [bmv2] [T] [thread 4794] [0.0] [cxt 0] Skipping checksum 'cksum' update because condition not met
[09:42:16.696] [bmv2] [D] [thread 4794] [0.0] [cxt 0] Deparsing header 'ethernet'
[09:42:16.696] [bmv2] [D] [thread 4794] [0.0] [cxt 0] Deparser 'deparser': end
[09:42:16.696] [bmv2] [D] [thread 4798] [0.0] [cxt 0] Transmitting packet of size 208 out of port 0
[09:42:16.697] [bmv2] [D] [thread 4793] [1.0] [cxt 0] Processing packet received on port 1
[09:42:16.697] [bmv2] [D] [thread 4793] [1.0] [cxt 0] Parser 'parser': start
[09:42:16.697] [bmv2] [D] [thread 4793] [1.0] [cxt 0] Parser 'parser' entering state 'start'
[09:42:16.697] [bmv2] [D] [thread 4793] [1.0] [cxt 0] Extracting header 'ethernet'
[09:42:16.697] [bmv2] [D] [thread 4793] [1.0] [cxt 0] Parser state 'start': key is 86dd
[09:42:16.697] [bmv2] [T] [thread 4793] [1.0] [cxt 0] Bytes parsed: 14
[09:42:16.697] [bmv2] [D] [thread 4793] [1.0] [cxt 0] Parser 'parser': end
[09:42:16.697] [bmv2] [D] [thread 4793] [1.0] [cxt 0] Pipeline 'ingress': start
[09:42:16.697] [bmv2] [T] [thread 4793] [1.0] [cxt 0] Applying table 'MyIngress.ipv4_lpm'
[09:42:16.697] [bmv2] [D] [thread 4793] [1.0] [cxt 0] Looking up key:
* hdr.ipv4.dstAddr    : 00000000

[09:42:16.697] [bmv2] [D] [thread 4793] [1.0] [cxt 0] Table 'MyIngress.ipv4_lpm': miss
[09:42:16.697] [bmv2] [D] [thread 4793] [1.0] [cxt 0] Action entry is NoAction - 
[09:42:16.697] [bmv2] [T] [thread 4793] [1.0] [cxt 0] Action NoAction
[09:42:16.698] [bmv2] [D] [thread 4793] [1.0] [cxt 0] Pipeline 'ingress': end
[09:42:16.698] [bmv2] [D] [thread 4793] [1.0] [cxt 0] Egress port is 0
[09:42:16.698] [bmv2] [D] [thread 4794] [1.0] [cxt 0] Pipeline 'egress': start
[09:42:16.698] [bmv2] [D] [thread 4794] [1.0] [cxt 0] Pipeline 'egress': end
[09:42:16.698] [bmv2] [D] [thread 4794] [1.0] [cxt 0] Deparser 'deparser': start
[09:42:16.698] [bmv2] [T] [thread 4794] [1.0] [cxt 0] Skipping checksum 'cksum' update because condition not met
[09:42:16.698] [bmv2] [D] [thread 4794] [1.0] [cxt 0] Deparsing header 'ethernet'
[09:42:16.698] [bmv2] [D] [thread 4794] [1.0] [cxt 0] Deparser 'deparser': end
[09:42:16.698] [bmv2] [D] [thread 4798] [1.0] [cxt 0] Transmitting packet of size 107 out of port 0
[09:42:16.725] [bmv2] [D] [thread 4793] [2.0] [cxt 0] Processing packet received on port 1
[09:42:16.725] [bmv2] [D] [thread 4793] [2.0] [cxt 0] Parser 'parser': start
[09:42:16.725] [bmv2] [D] [thread 4793] [2.0] [cxt 0] Parser 'parser' entering state 'start'
[09:42:16.725] [bmv2] [D] [thread 4793] [2.0] [cxt 0] Extracting header 'ethernet'
[09:42:16.725] [bmv2] [D] [thread 4793] [2.0] [cxt 0] Parser state 'start': key is 86dd
[09:42:16.725] [bmv2] [T] [thread 4793] [2.0] [cxt 0] Bytes parsed: 14
[09:42:16.725] [bmv2] [D] [thread 4793] [2.0] [cxt 0] Parser 'parser': end
[09:42:16.725] [bmv2] [D] [thread 4793] [2.0] [cxt 0] Pipeline 'ingress': start
[09:42:16.725] [bmv2] [T] [thread 4793] [2.0] [cxt 0] Applying table 'MyIngress.ipv4_lpm'
[09:42:16.725] [bmv2] [D] [thread 4793] [2.0] [cxt 0] Looking up key:
* hdr.ipv4.dstAddr    : 00000000

[09:42:16.725] [bmv2] [D] [thread 4793] [2.0] [cxt 0] Table 'MyIngress.ipv4_lpm': miss
[09:42:16.725] [bmv2] [D] [thread 4793] [2.0] [cxt 0] Action entry is NoAction - 
[09:42:16.725] [bmv2] [T] [thread 4793] [2.0] [cxt 0] Action NoAction
[09:42:16.725] [bmv2] [D] [thread 4793] [2.0] [cxt 0] Pipeline 'ingress': end
[09:42:16.725] [bmv2] [D] [thread 4793] [2.0] [cxt 0] Egress port is 0
[09:42:16.725] [bmv2] [D] [thread 4794] [2.0] [cxt 0] Pipeline 'egress': start
[09:42:16.725] [bmv2] [D] [thread 4794] [2.0] [cxt 0] Pipeline 'egress': end
[09:42:16.725] [bmv2] [D] [thread 4794] [2.0] [cxt 0] Deparser 'deparser': start
[09:42:16.725] [bmv2] [T] [thread 4794] [2.0] [cxt 0] Skipping checksum 'cksum' update because condition not met
[09:42:16.725] [bmv2] [D] [thread 4794] [2.0] [cxt 0] Deparsing header 'ethernet'
[09:42:16.725] [bmv2] [D] [thread 4794] [2.0] [cxt 0] Deparser 'deparser': end
[09:42:16.726] [bmv2] [D] [thread 4798] [2.0] [cxt 0] Transmitting packet of size 208 out of port 0
[09:42:16.744] [bmv2] [D] [thread 4793] [3.0] [cxt 0] Processing packet received on port 2
[09:42:16.744] [bmv2] [D] [thread 4793] [3.0] [cxt 0] Parser 'parser': start
[09:42:16.744] [bmv2] [D] [thread 4793] [3.0] [cxt 0] Parser 'parser' entering state 'start'
[09:42:16.744] [bmv2] [D] [thread 4793] [3.0] [cxt 0] Extracting header 'ethernet'
[09:42:16.744] [bmv2] [D] [thread 4793] [3.0] [cxt 0] Parser state 'start': key is 86dd
[09:42:16.744] [bmv2] [T] [thread 4793] [3.0] [cxt 0] Bytes parsed: 14
[09:42:16.744] [bmv2] [D] [thread 4793] [3.0] [cxt 0] Parser 'parser': end
[09:42:16.744] [bmv2] [D] [thread 4793] [3.0] [cxt 0] Pipeline 'ingress': start
[09:42:16.744] [bmv2] [T] [thread 4793] [3.0] [cxt 0] Applying table 'MyIngress.ipv4_lpm'
[09:42:16.744] [bmv2] [D] [thread 4793] [3.0] [cxt 0] Looking up key:
* hdr.ipv4.dstAddr    : 00000000

[09:42:16.744] [bmv2] [D] [thread 4793] [3.0] [cxt 0] Table 'MyIngress.ipv4_lpm': miss
[09:42:16.744] [bmv2] [D] [thread 4793] [3.0] [cxt 0] Action entry is NoAction - 
[09:42:16.745] [bmv2] [T] [thread 4793] [3.0] [cxt 0] Action NoAction
[09:42:16.745] [bmv2] [D] [thread 4793] [3.0] [cxt 0] Pipeline 'ingress': end
[09:42:16.745] [bmv2] [D] [thread 4793] [3.0] [cxt 0] Egress port is 0
[09:42:16.745] [bmv2] [D] [thread 4794] [3.0] [cxt 0] Pipeline 'egress': start
[09:42:16.745] [bmv2] [D] [thread 4794] [3.0] [cxt 0] Pipeline 'egress': end
[09:42:16.745] [bmv2] [D] [thread 4794] [3.0] [cxt 0] Deparser 'deparser': start
[09:42:16.745] [bmv2] [T] [thread 4794] [3.0] [cxt 0] Skipping checksum 'cksum' update because condition not met
[09:42:16.745] [bmv2] [D] [thread 4794] [3.0] [cxt 0] Deparsing header 'ethernet'
[09:42:16.745] [bmv2] [D] [thread 4794] [3.0] [cxt 0] Deparser 'deparser': end
[09:42:16.745] [bmv2] [D] [thread 4798] [3.0] [cxt 0] Transmitting packet of size 208 out of port 0
[09:42:16.823] [bmv2] [D] [thread 4793] [4.0] [cxt 0] Processing packet received on port 2
[09:42:16.823] [bmv2] [D] [thread 4793] [4.0] [cxt 0] Parser 'parser': start
[09:42:16.823] [bmv2] [D] [thread 4793] [4.0] [cxt 0] Parser 'parser' entering state 'start'
[09:42:16.823] [bmv2] [D] [thread 4793] [4.0] [cxt 0] Extracting header 'ethernet'
[09:42:16.823] [bmv2] [D] [thread 4793] [4.0] [cxt 0] Parser state 'start': key is 86dd
[09:42:16.823] [bmv2] [T] [thread 4793] [4.0] [cxt 0] Bytes parsed: 14
[09:42:16.823] [bmv2] [D] [thread 4793] [4.0] [cxt 0] Parser 'parser': end
[09:42:16.823] [bmv2] [D] [thread 4793] [4.0] [cxt 0] Pipeline 'ingress': start
[09:42:16.824] [bmv2] [T] [thread 4793] [4.0] [cxt 0] Applying table 'MyIngress.ipv4_lpm'
[09:42:16.824] [bmv2] [D] [thread 4793] [4.0] [cxt 0] Looking up key:
* hdr.ipv4.dstAddr    : 00000000

[09:42:16.824] [bmv2] [D] [thread 4793] [4.0] [cxt 0] Table 'MyIngress.ipv4_lpm': miss
[09:42:16.824] [bmv2] [D] [thread 4793] [4.0] [cxt 0] Action entry is NoAction - 
[09:42:16.824] [bmv2] [T] [thread 4793] [4.0] [cxt 0] Action NoAction
[09:42:16.824] [bmv2] [D] [thread 4793] [4.0] [cxt 0] Pipeline 'ingress': end
[09:42:16.824] [bmv2] [D] [thread 4793] [4.0] [cxt 0] Egress port is 0
[09:42:16.824] [bmv2] [D] [thread 4794] [4.0] [cxt 0] Pipeline 'egress': start
[09:42:16.824] [bmv2] [D] [thread 4794] [4.0] [cxt 0] Pipeline 'egress': end
[09:42:16.824] [bmv2] [D] [thread 4794] [4.0] [cxt 0] Deparser 'deparser': start
[09:42:16.824] [bmv2] [T] [thread 4794] [4.0] [cxt 0] Skipping checksum 'cksum' update because condition not met
[09:42:16.824] [bmv2] [D] [thread 4794] [4.0] [cxt 0] Deparsing header 'ethernet'
[09:42:16.824] [bmv2] [D] [thread 4794] [4.0] [cxt 0] Deparser 'deparser': end
[09:42:16.824] [bmv2] [D] [thread 4798] [4.0] [cxt 0] Transmitting packet of size 110 out of port 0
[09:42:16.894] [bmv2] [D] [thread 4793] [5.0] [cxt 0] Processing packet received on port 2
[09:42:16.894] [bmv2] [D] [thread 4793] [5.0] [cxt 0] Parser 'parser': start
[09:42:16.894] [bmv2] [D] [thread 4793] [5.0] [cxt 0] Parser 'parser' entering state 'start'
[09:42:16.894] [bmv2] [D] [thread 4793] [5.0] [cxt 0] Extracting header 'ethernet'
[09:42:16.895] [bmv2] [D] [thread 4793] [5.0] [cxt 0] Parser state 'start': key is 86dd
[09:42:16.895] [bmv2] [T] [thread 4793] [5.0] [cxt 0] Bytes parsed: 14
[09:42:16.895] [bmv2] [D] [thread 4793] [5.0] [cxt 0] Parser 'parser': end
[09:42:16.895] [bmv2] [D] [thread 4793] [5.0] [cxt 0] Pipeline 'ingress': start
[09:42:16.895] [bmv2] [T] [thread 4793] [5.0] [cxt 0] Applying table 'MyIngress.ipv4_lpm'
[09:42:16.895] [bmv2] [D] [thread 4793] [5.0] [cxt 0] Looking up key:
* hdr.ipv4.dstAddr    : 00000000

[09:42:16.895] [bmv2] [D] [thread 4793] [5.0] [cxt 0] Table 'MyIngress.ipv4_lpm': miss
[09:42:16.895] [bmv2] [D] [thread 4793] [5.0] [cxt 0] Action entry is NoAction - 
[09:42:16.895] [bmv2] [T] [thread 4793] [5.0] [cxt 0] Action NoAction
[09:42:16.895] [bmv2] [D] [thread 4793] [5.0] [cxt 0] Pipeline 'ingress': end
[09:42:16.895] [bmv2] [D] [thread 4793] [5.0] [cxt 0] Egress port is 0
[09:42:16.895] [bmv2] [D] [thread 4794] [5.0] [cxt 0] Pipeline 'egress': start
[09:42:16.895] [bmv2] [D] [thread 4794] [5.0] [cxt 0] Pipeline 'egress': end
[09:42:16.895] [bmv2] [D] [thread 4794] [5.0] [cxt 0] Deparser 'deparser': start
[09:42:16.895] [bmv2] [T] [thread 4794] [5.0] [cxt 0] Skipping checksum 'cksum' update because condition not met
[09:42:16.895] [bmv2] [D] [thread 4794] [5.0] [cxt 0] Deparsing header 'ethernet'
[09:42:16.895] [bmv2] [D] [thread 4794] [5.0] [cxt 0] Deparser 'deparser': end
[09:42:16.895] [bmv2] [D] [thread 4798] [5.0] [cxt 0] Transmitting packet of size 196 out of port 0
[09:42:16.974] [bmv2] [D] [thread 4793] [6.0] [cxt 0] Processing packet received on port 1
[09:42:16.974] [bmv2] [D] [thread 4793] [6.0] [cxt 0] Parser 'parser': start
[09:42:16.974] [bmv2] [D] [thread 4793] [6.0] [cxt 0] Parser 'parser' entering state 'start'
[09:42:16.974] [bmv2] [D] [thread 4793] [6.0] [cxt 0] Extracting header 'ethernet'
[09:42:16.974] [bmv2] [D] [thread 4793] [6.0] [cxt 0] Parser state 'start': key is 86dd
[09:42:16.974] [bmv2] [T] [thread 4793] [6.0] [cxt 0] Bytes parsed: 14
[09:42:16.975] [bmv2] [D] [thread 4793] [6.0] [cxt 0] Parser 'parser': end
[09:42:16.975] [bmv2] [D] [thread 4793] [6.0] [cxt 0] Pipeline 'ingress': start
[09:42:16.975] [bmv2] [T] [thread 4793] [6.0] [cxt 0] Applying table 'MyIngress.ipv4_lpm'
[09:42:16.975] [bmv2] [D] [thread 4793] [6.0] [cxt 0] Looking up key:
* hdr.ipv4.dstAddr    : 00000000

[09:42:16.975] [bmv2] [D] [thread 4793] [6.0] [cxt 0] Table 'MyIngress.ipv4_lpm': miss
[09:42:16.975] [bmv2] [D] [thread 4793] [6.0] [cxt 0] Action entry is NoAction - 
[09:42:16.975] [bmv2] [T] [thread 4793] [6.0] [cxt 0] Action NoAction
[09:42:16.975] [bmv2] [D] [thread 4793] [6.0] [cxt 0] Pipeline 'ingress': end
[09:42:16.975] [bmv2] [D] [thread 4793] [6.0] [cxt 0] Egress port is 0
[09:42:16.976] [bmv2] [D] [thread 4794] [6.0] [cxt 0] Pipeline 'egress': start
[09:42:16.976] [bmv2] [D] [thread 4794] [6.0] [cxt 0] Pipeline 'egress': end
[09:42:16.976] [bmv2] [D] [thread 4794] [6.0] [cxt 0] Deparser 'deparser': start
[09:42:16.976] [bmv2] [T] [thread 4794] [6.0] [cxt 0] Skipping checksum 'cksum' update because condition not met
[09:42:16.976] [bmv2] [D] [thread 4794] [6.0] [cxt 0] Deparsing header 'ethernet'
[09:42:16.976] [bmv2] [D] [thread 4794] [6.0] [cxt 0] Deparser 'deparser': end
[09:42:16.976] [bmv2] [D] [thread 4798] [6.0] [cxt 0] Transmitting packet of size 208 out of port 0
[09:42:16.997] [bmv2] [D] [thread 4793] [7.0] [cxt 0] Processing packet received on port 2
[09:42:16.997] [bmv2] [D] [thread 4793] [7.0] [cxt 0] Parser 'parser': start
[09:42:16.997] [bmv2] [D] [thread 4793] [7.0] [cxt 0] Parser 'parser' entering state 'start'
[09:42:16.997] [bmv2] [D] [thread 4793] [7.0] [cxt 0] Extracting header 'ethernet'
[09:42:16.997] [bmv2] [D] [thread 4793] [7.0] [cxt 0] Parser state 'start': key is 86dd
[09:42:16.997] [bmv2] [T] [thread 4793] [7.0] [cxt 0] Bytes parsed: 14
[09:42:16.997] [bmv2] [D] [thread 4793] [7.0] [cxt 0] Parser 'parser': end
[09:42:16.997] [bmv2] [D] [thread 4793] [7.0] [cxt 0] Pipeline 'ingress': start
[09:42:16.998] [bmv2] [T] [thread 4793] [7.0] [cxt 0] Applying table 'MyIngress.ipv4_lpm'
[09:42:16.998] [bmv2] [D] [thread 4793] [7.0] [cxt 0] Looking up key:
* hdr.ipv4.dstAddr    : 00000000

[09:42:16.998] [bmv2] [D] [thread 4793] [7.0] [cxt 0] Table 'MyIngress.ipv4_lpm': miss
[09:42:16.998] [bmv2] [D] [thread 4793] [7.0] [cxt 0] Action entry is NoAction - 
[09:42:16.998] [bmv2] [T] [thread 4793] [7.0] [cxt 0] Action NoAction
[09:42:16.998] [bmv2] [D] [thread 4793] [7.0] [cxt 0] Pipeline 'ingress': end
[09:42:16.998] [bmv2] [D] [thread 4793] [7.0] [cxt 0] Egress port is 0
[09:42:16.998] [bmv2] [D] [thread 4794] [7.0] [cxt 0] Pipeline 'egress': start
[09:42:16.998] [bmv2] [D] [thread 4794] [7.0] [cxt 0] Pipeline 'egress': end
[09:42:16.998] [bmv2] [D] [thread 4794] [7.0] [cxt 0] Deparser 'deparser': start
[09:42:16.998] [bmv2] [T] [thread 4794] [7.0] [cxt 0] Skipping checksum 'cksum' update because condition not met
[09:42:16.998] [bmv2] [D] [thread 4794] [7.0] [cxt 0] Deparsing header 'ethernet'
[09:42:16.998] [bmv2] [D] [thread 4794] [7.0] [cxt 0] Deparser 'deparser': end
[09:42:16.998] [bmv2] [D] [thread 4798] [7.0] [cxt 0] Transmitting packet of size 208 out of port 0
[09:42:17.075] [bmv2] [D] [thread 4793] [8.0] [cxt 0] Processing packet received on port 2
[09:42:17.075] [bmv2] [D] [thread 4793] [8.0] [cxt 0] Parser 'parser': start
[09:42:17.075] [bmv2] [D] [thread 4793] [8.0] [cxt 0] Parser 'parser' entering state 'start'
[09:42:17.075] [bmv2] [D] [thread 4793] [8.0] [cxt 0] Extracting header 'ethernet'
[09:42:17.075] [bmv2] [D] [thread 4793] [8.0] [cxt 0] Parser state 'start': key is 86dd
[09:42:17.075] [bmv2] [T] [thread 4793] [8.0] [cxt 0] Bytes parsed: 14
[09:42:17.075] [bmv2] [D] [thread 4793] [8.0] [cxt 0] Parser 'parser': end
[09:42:17.075] [bmv2] [D] [thread 4793] [8.0] [cxt 0] Pipeline 'ingress': start
[09:42:17.075] [bmv2] [T] [thread 4793] [8.0] [cxt 0] Applying table 'MyIngress.ipv4_lpm'
[09:42:17.075] [bmv2] [D] [thread 4793] [8.0] [cxt 0] Looking up key:
* hdr.ipv4.dstAddr    : 00000000

[09:42:17.075] [bmv2] [D] [thread 4793] [8.0] [cxt 0] Table 'MyIngress.ipv4_lpm': miss
[09:42:17.075] [bmv2] [D] [thread 4793] [8.0] [cxt 0] Action entry is NoAction - 
[09:42:17.075] [bmv2] [T] [thread 4793] [8.0] [cxt 0] Action NoAction
[09:42:17.075] [bmv2] [D] [thread 4793] [8.0] [cxt 0] Pipeline 'ingress': end
[09:42:17.075] [bmv2] [D] [thread 4793] [8.0] [cxt 0] Egress port is 0
[09:42:17.075] [bmv2] [D] [thread 4794] [8.0] [cxt 0] Pipeline 'egress': start
[09:42:17.075] [bmv2] [D] [thread 4794] [8.0] [cxt 0] Pipeline 'egress': end
[09:42:17.075] [bmv2] [D] [thread 4794] [8.0] [cxt 0] Deparser 'deparser': start
[09:42:17.075] [bmv2] [T] [thread 4794] [8.0] [cxt 0] Skipping checksum 'cksum' update because condition not met
[09:42:17.075] [bmv2] [D] [thread 4794] [8.0] [cxt 0] Deparsing header 'ethernet'
[09:42:17.075] [bmv2] [D] [thread 4794] [8.0] [cxt 0] Deparser 'deparser': end
[09:42:17.075] [bmv2] [D] [thread 4798] [8.0] [cxt 0] Transmitting packet of size 107 out of port 0
[09:42:17.175] [bmv2] [D] [thread 4793] [9.0] [cxt 0] Processing packet received on port 1
[09:42:17.175] [bmv2] [D] [thread 4793] [9.0] [cxt 0] Parser 'parser': start
[09:42:17.175] [bmv2] [D] [thread 4793] [9.0] [cxt 0] Parser 'parser' entering state 'start'
[09:42:17.176] [bmv2] [D] [thread 4793] [9.0] [cxt 0] Extracting header 'ethernet'
[09:42:17.176] [bmv2] [D] [thread 4793] [9.0] [cxt 0] Parser state 'start': key is 86dd
[09:42:17.176] [bmv2] [T] [thread 4793] [9.0] [cxt 0] Bytes parsed: 14
[09:42:17.176] [bmv2] [D] [thread 4793] [9.0] [cxt 0] Parser 'parser': end
[09:42:17.176] [bmv2] [D] [thread 4793] [9.0] [cxt 0] Pipeline 'ingress': start
[09:42:17.176] [bmv2] [T] [thread 4793] [9.0] [cxt 0] Applying table 'MyIngress.ipv4_lpm'
[09:42:17.176] [bmv2] [D] [thread 4793] [9.0] [cxt 0] Looking up key:
* hdr.ipv4.dstAddr    : 00000000

[09:42:17.176] [bmv2] [D] [thread 4793] [9.0] [cxt 0] Table 'MyIngress.ipv4_lpm': miss
[09:42:17.176] [bmv2] [D] [thread 4793] [9.0] [cxt 0] Action entry is NoAction - 
[09:42:17.176] [bmv2] [T] [thread 4793] [9.0] [cxt 0] Action NoAction
[09:42:17.176] [bmv2] [D] [thread 4793] [9.0] [cxt 0] Pipeline 'ingress': end
[09:42:17.176] [bmv2] [D] [thread 4793] [9.0] [cxt 0] Egress port is 0
[09:42:17.176] [bmv2] [D] [thread 4794] [9.0] [cxt 0] Pipeline 'egress': start
[09:42:17.177] [bmv2] [D] [thread 4794] [9.0] [cxt 0] Pipeline 'egress': end
[09:42:17.177] [bmv2] [D] [thread 4794] [9.0] [cxt 0] Deparser 'deparser': start
[09:42:17.177] [bmv2] [T] [thread 4794] [9.0] [cxt 0] Skipping checksum 'cksum' update because condition not met
[09:42:17.177] [bmv2] [D] [thread 4794] [9.0] [cxt 0] Deparsing header 'ethernet'
[09:42:17.177] [bmv2] [D] [thread 4794] [9.0] [cxt 0] Deparser 'deparser': end
[09:42:17.177] [bmv2] [D] [thread 4798] [9.0] [cxt 0] Transmitting packet of size 196 out of port 0
[09:42:17.196] [bmv2] [D] [thread 4793] [10.0] [cxt 0] Processing packet received on port 2
[09:42:17.197] [bmv2] [D] [thread 4793] [10.0] [cxt 0] Parser 'parser': start
[09:42:17.197] [bmv2] [D] [thread 4793] [10.0] [cxt 0] Parser 'parser' entering state 'start'
[09:42:17.197] [bmv2] [D] [thread 4793] [10.0] [cxt 0] Extracting header 'ethernet'
[09:42:17.197] [bmv2] [D] [thread 4793] [10.0] [cxt 0] Parser state 'start': key is 86dd
[09:42:17.197] [bmv2] [T] [thread 4793] [10.0] [cxt 0] Bytes parsed: 14
[09:42:17.197] [bmv2] [D] [thread 4793] [10.0] [cxt 0] Parser 'parser': end
[09:42:17.197] [bmv2] [D] [thread 4793] [10.0] [cxt 0] Pipeline 'ingress': start
[09:42:17.197] [bmv2] [T] [thread 4793] [10.0] [cxt 0] Applying table 'MyIngress.ipv4_lpm'
[09:42:17.197] [bmv2] [D] [thread 4793] [10.0] [cxt 0] Looking up key:
* hdr.ipv4.dstAddr    : 00000000

[09:42:17.197] [bmv2] [D] [thread 4793] [10.0] [cxt 0] Table 'MyIngress.ipv4_lpm': miss
[09:42:17.197] [bmv2] [D] [thread 4793] [10.0] [cxt 0] Action entry is NoAction - 
[09:42:17.197] [bmv2] [T] [thread 4793] [10.0] [cxt 0] Action NoAction
[09:42:17.197] [bmv2] [D] [thread 4793] [10.0] [cxt 0] Pipeline 'ingress': end
[09:42:17.197] [bmv2] [D] [thread 4793] [10.0] [cxt 0] Egress port is 0
[09:42:17.197] [bmv2] [D] [thread 4794] [10.0] [cxt 0] Pipeline 'egress': start
[09:42:17.198] [bmv2] [D] [thread 4794] [10.0] [cxt 0] Pipeline 'egress': end
[09:42:17.198] [bmv2] [D] [thread 4794] [10.0] [cxt 0] Deparser 'deparser': start
[09:42:17.198] [bmv2] [T] [thread 4794] [10.0] [cxt 0] Skipping checksum 'cksum' update because condition not met
[09:42:17.198] [bmv2] [D] [thread 4794] [10.0] [cxt 0] Deparsing header 'ethernet'
[09:42:17.198] [bmv2] [D] [thread 4794] [10.0] [cxt 0] Deparser 'deparser': end
[09:42:17.198] [bmv2] [D] [thread 4798] [10.0] [cxt 0] Transmitting packet of size 196 out of port 0
[09:42:17.421] [bmv2] [D] [thread 4793] [11.0] [cxt 0] Processing packet received on port 1
[09:42:17.421] [bmv2] [D] [thread 4793] [11.0] [cxt 0] Parser 'parser': start
[09:42:17.421] [bmv2] [D] [thread 4793] [11.0] [cxt 0] Parser 'parser' entering state 'start'
[09:42:17.421] [bmv2] [D] [thread 4793] [11.0] [cxt 0] Extracting header 'ethernet'
[09:42:17.421] [bmv2] [D] [thread 4793] [11.0] [cxt 0] Parser state 'start': key is 86dd
[09:42:17.421] [bmv2] [T] [thread 4793] [11.0] [cxt 0] Bytes parsed: 14
[09:42:17.421] [bmv2] [D] [thread 4793] [11.0] [cxt 0] Parser 'parser': end
[09:42:17.421] [bmv2] [D] [thread 4793] [11.0] [cxt 0] Pipeline 'ingress': start
[09:42:17.421] [bmv2] [T] [thread 4793] [11.0] [cxt 0] Applying table 'MyIngress.ipv4_lpm'
[09:42:17.421] [bmv2] [D] [thread 4793] [11.0] [cxt 0] Looking up key:
* hdr.ipv4.dstAddr    : 00000000

[09:42:17.421] [bmv2] [D] [thread 4793] [11.0] [cxt 0] Table 'MyIngress.ipv4_lpm': miss
[09:42:17.421] [bmv2] [D] [thread 4793] [11.0] [cxt 0] Action entry is NoAction - 
[09:42:17.421] [bmv2] [T] [thread 4793] [11.0] [cxt 0] Action NoAction
[09:42:17.422] [bmv2] [D] [thread 4793] [11.0] [cxt 0] Pipeline 'ingress': end
[09:42:17.422] [bmv2] [D] [thread 4793] [11.0] [cxt 0] Egress port is 0
[09:42:17.424] [bmv2] [D] [thread 4794] [11.0] [cxt 0] Pipeline 'egress': start
[09:42:17.424] [bmv2] [D] [thread 4794] [11.0] [cxt 0] Pipeline 'egress': end
[09:42:17.424] [bmv2] [D] [thread 4794] [11.0] [cxt 0] Deparser 'deparser': start
[09:42:17.424] [bmv2] [T] [thread 4794] [11.0] [cxt 0] Skipping checksum 'cksum' update because condition not met
[09:42:17.424] [bmv2] [D] [thread 4794] [11.0] [cxt 0] Deparsing header 'ethernet'
[09:42:17.424] [bmv2] [D] [thread 4794] [11.0] [cxt 0] Deparser 'deparser': end
[09:42:17.424] [bmv2] [D] [thread 4798] [11.0] [cxt 0] Transmitting packet of size 107 out of port 0
[09:42:17.424] [bmv2] [D] [thread 4793] [12.0] [cxt 0] Processing packet received on port 2
[09:42:17.424] [bmv2] [D] [thread 4793] [12.0] [cxt 0] Parser 'parser': start
[09:42:17.424] [bmv2] [D] [thread 4793] [12.0] [cxt 0] Parser 'parser' entering state 'start'
[09:42:17.424] [bmv2] [D] [thread 4793] [12.0] [cxt 0] Extracting header 'ethernet'
[09:42:17.424] [bmv2] [D] [thread 4793] [12.0] [cxt 0] Parser state 'start': key is 86dd
[09:42:17.425] [bmv2] [T] [thread 4793] [12.0] [cxt 0] Bytes parsed: 14
[09:42:17.425] [bmv2] [D] [thread 4793] [12.0] [cxt 0] Parser 'parser': end
[09:42:17.425] [bmv2] [D] [thread 4793] [12.0] [cxt 0] Pipeline 'ingress': start
[09:42:17.425] [bmv2] [T] [thread 4793] [12.0] [cxt 0] Applying table 'MyIngress.ipv4_lpm'
[09:42:17.425] [bmv2] [D] [thread 4793] [12.0] [cxt 0] Looking up key:
* hdr.ipv4.dstAddr    : 00000000

[09:42:17.425] [bmv2] [D] [thread 4793] [12.0] [cxt 0] Table 'MyIngress.ipv4_lpm': miss
[09:42:17.425] [bmv2] [D] [thread 4793] [12.0] [cxt 0] Action entry is NoAction - 
[09:42:17.425] [bmv2] [T] [thread 4793] [12.0] [cxt 0] Action NoAction
[09:42:17.425] [bmv2] [D] [thread 4793] [12.0] [cxt 0] Pipeline 'ingress': end
[09:42:17.425] [bmv2] [D] [thread 4793] [12.0] [cxt 0] Egress port is 0
[09:42:17.425] [bmv2] [D] [thread 4794] [12.0] [cxt 0] Pipeline 'egress': start
[09:42:17.425] [bmv2] [D] [thread 4794] [12.0] [cxt 0] Pipeline 'egress': end
[09:42:17.425] [bmv2] [D] [thread 4794] [12.0] [cxt 0] Deparser 'deparser': start
[09:42:17.425] [bmv2] [T] [thread 4794] [12.0] [cxt 0] Skipping checksum 'cksum' update because condition not met
[09:42:17.425] [bmv2] [D] [thread 4794] [12.0] [cxt 0] Deparsing header 'ethernet'
[09:42:17.425] [bmv2] [D] [thread 4794] [12.0] [cxt 0] Deparser 'deparser': end
[09:42:17.426] [bmv2] [D] [thread 4798] [12.0] [cxt 0] Transmitting packet of size 107 out of port 0
[09:42:17.678] [bmv2] [D] [thread 4793] [13.0] [cxt 0] Processing packet received on port 1
[09:42:17.679] [bmv2] [D] [thread 4793] [13.0] [cxt 0] Parser 'parser': start
[09:42:17.679] [bmv2] [D] [thread 4793] [13.0] [cxt 0] Parser 'parser' entering state 'start'
[09:42:17.679] [bmv2] [D] [thread 4793] [13.0] [cxt 0] Extracting header 'ethernet'
[09:42:17.679] [bmv2] [D] [thread 4793] [13.0] [cxt 0] Parser state 'start': key is 86dd
[09:42:17.679] [bmv2] [T] [thread 4793] [13.0] [cxt 0] Bytes parsed: 14
[09:42:17.679] [bmv2] [D] [thread 4793] [13.0] [cxt 0] Parser 'parser': end
[09:42:17.679] [bmv2] [D] [thread 4793] [13.0] [cxt 0] Pipeline 'ingress': start
[09:42:17.679] [bmv2] [T] [thread 4793] [13.0] [cxt 0] Applying table 'MyIngress.ipv4_lpm'
[09:42:17.679] [bmv2] [D] [thread 4793] [13.0] [cxt 0] Looking up key:
* hdr.ipv4.dstAddr    : 00000000

[09:42:17.679] [bmv2] [D] [thread 4793] [13.0] [cxt 0] Table 'MyIngress.ipv4_lpm': miss
[09:42:17.679] [bmv2] [D] [thread 4793] [13.0] [cxt 0] Action entry is NoAction - 
[09:42:17.679] [bmv2] [T] [thread 4793] [13.0] [cxt 0] Action NoAction
[09:42:17.680] [bmv2] [D] [thread 4793] [13.0] [cxt 0] Pipeline 'ingress': end
[09:42:17.680] [bmv2] [D] [thread 4793] [13.0] [cxt 0] Egress port is 0
[09:42:17.680] [bmv2] [D] [thread 4794] [13.0] [cxt 0] Pipeline 'egress': start
[09:42:17.680] [bmv2] [D] [thread 4794] [13.0] [cxt 0] Pipeline 'egress': end
[09:42:17.680] [bmv2] [D] [thread 4794] [13.0] [cxt 0] Deparser 'deparser': start
[09:42:17.680] [bmv2] [T] [thread 4794] [13.0] [cxt 0] Skipping checksum 'cksum' update because condition not met
[09:42:17.680] [bmv2] [D] [thread 4794] [13.0] [cxt 0] Deparsing header 'ethernet'
[09:42:17.680] [bmv2] [D] [thread 4794] [13.0] [cxt 0] Deparser 'deparser': end
[09:42:17.680] [bmv2] [D] [thread 4798] [13.0] [cxt 0] Transmitting packet of size 196 out of port 0
[09:42:18.048] [bmv2] [D] [thread 4793] [14.0] [cxt 0] Processing packet received on port 2
[09:42:18.048] [bmv2] [D] [thread 4793] [14.0] [cxt 0] Parser 'parser': start
[09:42:18.048] [bmv2] [D] [thread 4793] [14.0] [cxt 0] Parser 'parser' entering state 'start'
[09:42:18.048] [bmv2] [D] [thread 4793] [14.0] [cxt 0] Extracting header 'ethernet'
[09:42:18.048] [bmv2] [D] [thread 4793] [14.0] [cxt 0] Parser state 'start': key is 86dd
[09:42:18.048] [bmv2] [T] [thread 4793] [14.0] [cxt 0] Bytes parsed: 14
[09:42:18.048] [bmv2] [D] [thread 4793] [14.0] [cxt 0] Parser 'parser': end
[09:42:18.048] [bmv2] [D] [thread 4793] [14.0] [cxt 0] Pipeline 'ingress': start
[09:42:18.048] [bmv2] [T] [thread 4793] [14.0] [cxt 0] Applying table 'MyIngress.ipv4_lpm'
[09:42:18.048] [bmv2] [D] [thread 4793] [14.0] [cxt 0] Looking up key:
* hdr.ipv4.dstAddr    : 00000000

[09:42:18.048] [bmv2] [D] [thread 4793] [14.0] [cxt 0] Table 'MyIngress.ipv4_lpm': miss
[09:42:18.048] [bmv2] [D] [thread 4793] [14.0] [cxt 0] Action entry is NoAction - 
[09:42:18.048] [bmv2] [T] [thread 4793] [14.0] [cxt 0] Action NoAction
[09:42:18.048] [bmv2] [D] [thread 4793] [14.0] [cxt 0] Pipeline 'ingress': end
[09:42:18.048] [bmv2] [D] [thread 4793] [14.0] [cxt 0] Egress port is 0
[09:42:18.053] [bmv2] [D] [thread 4794] [14.0] [cxt 0] Pipeline 'egress': start
[09:42:18.053] [bmv2] [D] [thread 4794] [14.0] [cxt 0] Pipeline 'egress': end
[09:42:18.053] [bmv2] [D] [thread 4794] [14.0] [cxt 0] Deparser 'deparser': start
[09:42:18.053] [bmv2] [T] [thread 4794] [14.0] [cxt 0] Skipping checksum 'cksum' update because condition not met
[09:42:18.053] [bmv2] [D] [thread 4794] [14.0] [cxt 0] Deparsing header 'ethernet'
[09:42:18.053] [bmv2] [D] [thread 4794] [14.0] [cxt 0] Deparser 'deparser': end
[09:42:18.060] [bmv2] [D] [thread 4798] [14.0] [cxt 0] Transmitting packet of size 196 out of port 0
New connection
P4Runtime SetForwardingPipelineConfig
[09:42:18.264] [bmv2] [W] [thread 4840] [P4Runtime] p4::tmp::P4DeviceConfig is deprecated
[09:42:18.266] [bmv2] [D] [thread 4840] Set default default entry for table 'MyIngress.ipv4_lpm': NoAction - 
P4Runtime Write
device_id: 3
election_id {
  low: 1
}
updates {
  type: MODIFY
  entity {
    table_entry {
      table_id: 33574068
      action {
        action {
          action_id: 16805608
        }
      }
      is_default_action: true
    }
  }
}
[09:42:18.287] [bmv2] [D] [thread 4840] Set default entry for table 'MyIngress.ipv4_lpm': MyIngress.drop - 
P4Runtime Write
device_id: 3
election_id {
  low: 1
}
updates {
  type: INSERT
  entity {
    table_entry {
      table_id: 33574068
      match {
        field_id: 1
        lpm {
          value: "\n\000\001\001"
          prefix_len: 32
        }
      }
      action {
        action {
          action_id: 16799317
          params {
            param_id: 1
            value: "\010\000\000\000\001\000"
          }
          params {
            param_id: 2
            value: "\000\002"
          }
        }
      }
    }
  }
}
[09:42:18.292] [bmv2] [D] [thread 4840] Entry 0 added to table 'MyIngress.ipv4_lpm'
[09:42:18.292] [bmv2] [D] [thread 4840] Dumping entry 0
Match key:
* hdr.ipv4.dstAddr    : LPM       0a000101/32
Action entry: MyIngress.ipv4_forward - 80000000100,2,

P4Runtime Write
device_id: 3
election_id {
  low: 1
}
updates {
  type: INSERT
  entity {
    table_entry {
      table_id: 33574068
      match {
        field_id: 1
        lpm {
          value: "\n\000\002\002"
          prefix_len: 32
        }
      }
      action {
        action {
          action_id: 16799317
          params {
            param_id: 1
            value: "\010\000\000\000\001\000"
          }
          params {
            param_id: 2
            value: "\000\002"
          }
        }
      }
    }
  }
}
[09:42:18.295] [bmv2] [D] [thread 4840] Entry 1 added to table 'MyIngress.ipv4_lpm'
[09:42:18.295] [bmv2] [D] [thread 4840] Dumping entry 1
Match key:
* hdr.ipv4.dstAddr    : LPM       0a000202/32
Action entry: MyIngress.ipv4_forward - 80000000100,2,

P4Runtime Write
device_id: 3
election_id {
  low: 1
}
updates {
  type: INSERT
  entity {
    table_entry {
      table_id: 33574068
      match {
        field_id: 1
        lpm {
          value: "\n\000\003\003"
          prefix_len: 32
        }
      }
      action {
        action {
          action_id: 16799317
          params {
            param_id: 1
            value: "\010\000\000\000\002\000"
          }
          params {
            param_id: 2
            value: "\000\001"
          }
        }
      }
    }
  }
}
[09:42:18.298] [bmv2] [D] [thread 4840] Entry 2 added to table 'MyIngress.ipv4_lpm'
[09:42:18.298] [bmv2] [D] [thread 4840] Dumping entry 2
Match key:
* hdr.ipv4.dstAddr    : LPM       0a000303/32
Action entry: MyIngress.ipv4_forward - 80000000200,1,

P4Runtime Write
device_id: 3
election_id {
  low: 1
}
updates {
  type: INSERT
  entity {
    table_entry {
      table_id: 33574068
      match {
        field_id: 1
        lpm {
          value: "\n\000\004\004"
          prefix_len: 32
        }
      }
      action {
        action {
          action_id: 16799317
          params {
            param_id: 1
            value: "\010\000\000\000\002\000"
          }
          params {
            param_id: 2
            value: "\000\001"
          }
        }
      }
    }
  }
}
[09:42:18.301] [bmv2] [D] [thread 4840] Entry 3 added to table 'MyIngress.ipv4_lpm'
[09:42:18.301] [bmv2] [D] [thread 4840] Dumping entry 3
Match key:
* hdr.ipv4.dstAddr    : LPM       0a000404/32
Action entry: MyIngress.ipv4_forward - 80000000200,1,

Connection removed
[09:42:18.327] [bmv2] [D] [thread 4793] [15.0] [cxt 0] Processing packet received on port 1
[09:42:18.327] [bmv2] [D] [thread 4793] [15.0] [cxt 0] Parser 'parser': start
[09:42:18.328] [bmv2] [D] [thread 4793] [15.0] [cxt 0] Parser 'parser' entering state 'start'
[09:42:18.328] [bmv2] [D] [thread 4793] [15.0] [cxt 0] Extracting header 'ethernet'
[09:42:18.328] [bmv2] [D] [thread 4793] [15.0] [cxt 0] Parser state 'start': key is 86dd
[09:42:18.328] [bmv2] [T] [thread 4793] [15.0] [cxt 0] Bytes parsed: 14
[09:42:18.328] [bmv2] [D] [thread 4793] [15.0] [cxt 0] Parser 'parser': end
[09:42:18.328] [bmv2] [D] [thread 4793] [15.0] [cxt 0] Pipeline 'ingress': start
[09:42:18.328] [bmv2] [T] [thread 4793] [15.0] [cxt 0] Applying table 'MyIngress.ipv4_lpm'
[09:42:18.328] [bmv2] [D] [thread 4793] [15.0] [cxt 0] Looking up key:
* hdr.ipv4.dstAddr    : 00000000

[09:42:18.328] [bmv2] [D] [thread 4793] [15.0] [cxt 0] Table 'MyIngress.ipv4_lpm': miss
[09:42:18.328] [bmv2] [D] [thread 4793] [15.0] [cxt 0] Action entry is MyIngress.drop - 
[09:42:18.328] [bmv2] [T] [thread 4793] [15.0] [cxt 0] Action MyIngress.drop
[09:42:18.328] [bmv2] [T] [thread 4793] [15.0] [cxt 0] basic.p4(99) Primitive mark_to_drop(standard_metadata)
[09:42:18.328] [bmv2] [D] [thread 4793] [15.0] [cxt 0] Pipeline 'ingress': end
[09:42:18.328] [bmv2] [D] [thread 4793] [15.0] [cxt 0] Egress port is 511
[09:42:18.328] [bmv2] [D] [thread 4793] [15.0] [cxt 0] Dropping packet at the end of ingress
[09:42:18.349] [bmv2] [D] [thread 4793] [16.0] [cxt 0] Processing packet received on port 2
[09:42:18.349] [bmv2] [D] [thread 4793] [16.0] [cxt 0] Parser 'parser': start
[09:42:18.349] [bmv2] [D] [thread 4793] [16.0] [cxt 0] Parser 'parser' entering state 'start'
[09:42:18.349] [bmv2] [D] [thread 4793] [16.0] [cxt 0] Extracting header 'ethernet'
[09:42:18.349] [bmv2] [D] [thread 4793] [16.0] [cxt 0] Parser state 'start': key is 86dd
[09:42:18.349] [bmv2] [T] [thread 4793] [16.0] [cxt 0] Bytes parsed: 14
[09:42:18.349] [bmv2] [D] [thread 4793] [16.0] [cxt 0] Parser 'parser': end
[09:42:18.349] [bmv2] [D] [thread 4793] [16.0] [cxt 0] Pipeline 'ingress': start
[09:42:18.349] [bmv2] [T] [thread 4793] [16.0] [cxt 0] Applying table 'MyIngress.ipv4_lpm'
[09:42:18.349] [bmv2] [D] [thread 4793] [16.0] [cxt 0] Looking up key:
* hdr.ipv4.dstAddr    : 00000000

[09:42:18.349] [bmv2] [D] [thread 4793] [16.0] [cxt 0] Table 'MyIngress.ipv4_lpm': miss
[09:42:18.349] [bmv2] [D] [thread 4793] [16.0] [cxt 0] Action entry is MyIngress.drop - 
[09:42:18.349] [bmv2] [T] [thread 4793] [16.0] [cxt 0] Action MyIngress.drop
[09:42:18.349] [bmv2] [T] [thread 4793] [16.0] [cxt 0] basic.p4(99) Primitive mark_to_drop(standard_metadata)
[09:42:18.349] [bmv2] [D] [thread 4793] [16.0] [cxt 0] Pipeline 'ingress': end
[09:42:18.349] [bmv2] [D] [thread 4793] [16.0] [cxt 0] Egress port is 511
[09:42:18.349] [bmv2] [D] [thread 4793] [16.0] [cxt 0] Dropping packet at the end of ingress
[09:42:18.698] [bmv2] [D] [thread 4793] [17.0] [cxt 0] Processing packet received on port 1
[09:42:18.699] [bmv2] [D] [thread 4793] [17.0] [cxt 0] Parser 'parser': start
[09:42:18.699] [bmv2] [D] [thread 4793] [17.0] [cxt 0] Parser 'parser' entering state 'start'
[09:42:18.699] [bmv2] [D] [thread 4793] [17.0] [cxt 0] Extracting header 'ethernet'
[09:42:18.699] [bmv2] [D] [thread 4793] [17.0] [cxt 0] Parser state 'start': key is 86dd
[09:42:18.699] [bmv2] [T] [thread 4793] [17.0] [cxt 0] Bytes parsed: 14
[09:42:18.699] [bmv2] [D] [thread 4793] [17.0] [cxt 0] Parser 'parser': end
[09:42:18.699] [bmv2] [D] [thread 4793] [17.0] [cxt 0] Pipeline 'ingress': start
[09:42:18.699] [bmv2] [T] [thread 4793] [17.0] [cxt 0] Applying table 'MyIngress.ipv4_lpm'
[09:42:18.699] [bmv2] [D] [thread 4793] [17.0] [cxt 0] Looking up key:
* hdr.ipv4.dstAddr    : 00000000

[09:42:18.699] [bmv2] [D] [thread 4793] [17.0] [cxt 0] Table 'MyIngress.ipv4_lpm': miss
[09:42:18.699] [bmv2] [D] [thread 4793] [17.0] [cxt 0] Action entry is MyIngress.drop - 
[09:42:18.699] [bmv2] [T] [thread 4793] [17.0] [cxt 0] Action MyIngress.drop
[09:42:18.699] [bmv2] [T] [thread 4793] [17.0] [cxt 0] basic.p4(99) Primitive mark_to_drop(standard_metadata)
[09:42:18.699] [bmv2] [D] [thread 4793] [17.0] [cxt 0] Pipeline 'ingress': end
[09:42:18.700] [bmv2] [D] [thread 4793] [17.0] [cxt 0] Egress port is 511
[09:42:18.700] [bmv2] [D] [thread 4793] [17.0] [cxt 0] Dropping packet at the end of ingress
[09:42:19.076] [bmv2] [D] [thread 4793] [18.0] [cxt 0] Processing packet received on port 2
[09:42:19.076] [bmv2] [D] [thread 4793] [18.0] [cxt 0] Parser 'parser': start
[09:42:19.076] [bmv2] [D] [thread 4793] [18.0] [cxt 0] Parser 'parser' entering state 'start'
[09:42:19.076] [bmv2] [D] [thread 4793] [18.0] [cxt 0] Extracting header 'ethernet'
[09:42:19.076] [bmv2] [D] [thread 4793] [18.0] [cxt 0] Parser state 'start': key is 86dd
[09:42:19.076] [bmv2] [T] [thread 4793] [18.0] [cxt 0] Bytes parsed: 14
[09:42:19.076] [bmv2] [D] [thread 4793] [18.0] [cxt 0] Parser 'parser': end
[09:42:19.076] [bmv2] [D] [thread 4793] [18.0] [cxt 0] Pipeline 'ingress': start
[09:42:19.077] [bmv2] [T] [thread 4793] [18.0] [cxt 0] Applying table 'MyIngress.ipv4_lpm'
[09:42:19.077] [bmv2] [D] [thread 4793] [18.0] [cxt 0] Looking up key:
* hdr.ipv4.dstAddr    : 00000000

[09:42:19.077] [bmv2] [D] [thread 4793] [18.0] [cxt 0] Table 'MyIngress.ipv4_lpm': miss
[09:42:19.077] [bmv2] [D] [thread 4793] [18.0] [cxt 0] Action entry is MyIngress.drop - 
[09:42:19.077] [bmv2] [T] [thread 4793] [18.0] [cxt 0] Action MyIngress.drop
[09:42:19.077] [bmv2] [T] [thread 4793] [18.0] [cxt 0] basic.p4(99) Primitive mark_to_drop(standard_metadata)
[09:42:19.077] [bmv2] [D] [thread 4793] [18.0] [cxt 0] Pipeline 'ingress': end
[09:42:19.077] [bmv2] [D] [thread 4793] [18.0] [cxt 0] Egress port is 511
[09:42:19.077] [bmv2] [D] [thread 4793] [18.0] [cxt 0] Dropping packet at the end of ingress
[09:42:19.391] [bmv2] [D] [thread 4793] [19.0] [cxt 0] Processing packet received on port 1
[09:42:19.391] [bmv2] [D] [thread 4793] [19.0] [cxt 0] Parser 'parser': start
[09:42:19.391] [bmv2] [D] [thread 4793] [19.0] [cxt 0] Parser 'parser' entering state 'start'
[09:42:19.391] [bmv2] [D] [thread 4793] [19.0] [cxt 0] Extracting header 'ethernet'
[09:42:19.391] [bmv2] [D] [thread 4793] [19.0] [cxt 0] Parser state 'start': key is 86dd
[09:42:19.391] [bmv2] [T] [thread 4793] [19.0] [cxt 0] Bytes parsed: 14
[09:42:19.391] [bmv2] [D] [thread 4793] [19.0] [cxt 0] Parser 'parser': end
[09:42:19.391] [bmv2] [D] [thread 4793] [19.0] [cxt 0] Pipeline 'ingress': start
[09:42:19.391] [bmv2] [T] [thread 4793] [19.0] [cxt 0] Applying table 'MyIngress.ipv4_lpm'
[09:42:19.391] [bmv2] [D] [thread 4793] [19.0] [cxt 0] Looking up key:
* hdr.ipv4.dstAddr    : 00000000

[09:42:19.391] [bmv2] [D] [thread 4793] [19.0] [cxt 0] Table 'MyIngress.ipv4_lpm': miss
[09:42:19.392] [bmv2] [D] [thread 4793] [19.0] [cxt 0] Action entry is MyIngress.drop - 
[09:42:19.392] [bmv2] [T] [thread 4793] [19.0] [cxt 0] Action MyIngress.drop
[09:42:19.392] [bmv2] [T] [thread 4793] [19.0] [cxt 0] basic.p4(99) Primitive mark_to_drop(standard_metadata)
[09:42:19.392] [bmv2] [D] [thread 4793] [19.0] [cxt 0] Pipeline 'ingress': end
[09:42:19.392] [bmv2] [D] [thread 4793] [19.0] [cxt 0] Egress port is 511
[09:42:19.392] [bmv2] [D] [thread 4793] [19.0] [cxt 0] Dropping packet at the end of ingress
[09:42:19.395] [bmv2] [D] [thread 4793] [20.0] [cxt 0] Processing packet received on port 2
[09:42:19.395] [bmv2] [D] [thread 4793] [20.0] [cxt 0] Parser 'parser': start
[09:42:19.395] [bmv2] [D] [thread 4793] [20.0] [cxt 0] Parser 'parser' entering state 'start'
[09:42:19.395] [bmv2] [D] [thread 4793] [20.0] [cxt 0] Extracting header 'ethernet'
[09:42:19.395] [bmv2] [D] [thread 4793] [20.0] [cxt 0] Parser state 'start': key is 86dd
[09:42:19.395] [bmv2] [T] [thread 4793] [20.0] [cxt 0] Bytes parsed: 14
[09:42:19.395] [bmv2] [D] [thread 4793] [20.0] [cxt 0] Parser 'parser': end
[09:42:19.395] [bmv2] [D] [thread 4793] [20.0] [cxt 0] Pipeline 'ingress': start
[09:42:19.395] [bmv2] [T] [thread 4793] [20.0] [cxt 0] Applying table 'MyIngress.ipv4_lpm'
[09:42:19.395] [bmv2] [D] [thread 4793] [20.0] [cxt 0] Looking up key:
* hdr.ipv4.dstAddr    : 00000000

[09:42:19.395] [bmv2] [D] [thread 4793] [20.0] [cxt 0] Table 'MyIngress.ipv4_lpm': miss
[09:42:19.395] [bmv2] [D] [thread 4793] [20.0] [cxt 0] Action entry is MyIngress.drop - 
[09:42:19.395] [bmv2] [T] [thread 4793] [20.0] [cxt 0] Action MyIngress.drop
[09:42:19.396] [bmv2] [T] [thread 4793] [20.0] [cxt 0] basic.p4(99) Primitive mark_to_drop(standard_metadata)
[09:42:19.396] [bmv2] [D] [thread 4793] [20.0] [cxt 0] Pipeline 'ingress': end
[09:42:19.396] [bmv2] [D] [thread 4793] [20.0] [cxt 0] Egress port is 511
[09:42:19.396] [bmv2] [D] [thread 4793] [20.0] [cxt 0] Dropping packet at the end of ingress
[09:42:19.599] [bmv2] [D] [thread 4793] [21.0] [cxt 0] Processing packet received on port 1
[09:42:19.599] [bmv2] [D] [thread 4793] [21.0] [cxt 0] Parser 'parser': start
[09:42:19.599] [bmv2] [D] [thread 4793] [21.0] [cxt 0] Parser 'parser' entering state 'start'
[09:42:19.599] [bmv2] [D] [thread 4793] [21.0] [cxt 0] Extracting header 'ethernet'
[09:42:19.599] [bmv2] [D] [thread 4793] [21.0] [cxt 0] Parser state 'start': key is 86dd
[09:42:19.599] [bmv2] [T] [thread 4793] [21.0] [cxt 0] Bytes parsed: 14
[09:42:19.599] [bmv2] [D] [thread 4793] [21.0] [cxt 0] Parser 'parser': end
[09:42:19.599] [bmv2] [D] [thread 4793] [21.0] [cxt 0] Pipeline 'ingress': start
[09:42:19.599] [bmv2] [T] [thread 4793] [21.0] [cxt 0] Applying table 'MyIngress.ipv4_lpm'
[09:42:19.599] [bmv2] [D] [thread 4793] [21.0] [cxt 0] Looking up key:
* hdr.ipv4.dstAddr    : 00000000

[09:42:19.599] [bmv2] [D] [thread 4793] [21.0] [cxt 0] Table 'MyIngress.ipv4_lpm': miss
[09:42:19.600] [bmv2] [D] [thread 4793] [21.0] [cxt 0] Action entry is MyIngress.drop - 
[09:42:19.600] [bmv2] [T] [thread 4793] [21.0] [cxt 0] Action MyIngress.drop
[09:42:19.600] [bmv2] [T] [thread 4793] [21.0] [cxt 0] basic.p4(99) Primitive mark_to_drop(standard_metadata)
[09:42:19.600] [bmv2] [D] [thread 4793] [21.0] [cxt 0] Pipeline 'ingress': end
[09:42:19.600] [bmv2] [D] [thread 4793] [21.0] [cxt 0] Egress port is 511
[09:42:19.600] [bmv2] [D] [thread 4793] [21.0] [cxt 0] Dropping packet at the end of ingress
[09:42:19.852] [bmv2] [D] [thread 4793] [22.0] [cxt 0] Processing packet received on port 1
[09:42:19.852] [bmv2] [D] [thread 4793] [22.0] [cxt 0] Parser 'parser': start
[09:42:19.852] [bmv2] [D] [thread 4793] [22.0] [cxt 0] Parser 'parser' entering state 'start'
[09:42:19.853] [bmv2] [D] [thread 4793] [22.0] [cxt 0] Extracting header 'ethernet'
[09:42:19.853] [bmv2] [D] [thread 4793] [22.0] [cxt 0] Parser state 'start': key is 86dd
[09:42:19.853] [bmv2] [T] [thread 4793] [22.0] [cxt 0] Bytes parsed: 14
[09:42:19.853] [bmv2] [D] [thread 4793] [22.0] [cxt 0] Parser 'parser': end
[09:42:19.853] [bmv2] [D] [thread 4793] [22.0] [cxt 0] Pipeline 'ingress': start
[09:42:19.853] [bmv2] [T] [thread 4793] [22.0] [cxt 0] Applying table 'MyIngress.ipv4_lpm'
[09:42:19.853] [bmv2] [D] [thread 4793] [22.0] [cxt 0] Looking up key:
* hdr.ipv4.dstAddr    : 00000000

[09:42:19.853] [bmv2] [D] [thread 4793] [22.0] [cxt 0] Table 'MyIngress.ipv4_lpm': miss
[09:42:19.853] [bmv2] [D] [thread 4793] [22.0] [cxt 0] Action entry is MyIngress.drop - 
[09:42:19.853] [bmv2] [T] [thread 4793] [22.0] [cxt 0] Action MyIngress.drop
[09:42:19.853] [bmv2] [T] [thread 4793] [22.0] [cxt 0] basic.p4(99) Primitive mark_to_drop(standard_metadata)
[09:42:19.853] [bmv2] [D] [thread 4793] [22.0] [cxt 0] Pipeline 'ingress': end
[09:42:19.853] [bmv2] [D] [thread 4793] [22.0] [cxt 0] Egress port is 511
[09:42:19.853] [bmv2] [D] [thread 4793] [22.0] [cxt 0] Dropping packet at the end of ingress
[09:42:19.979] [bmv2] [D] [thread 4793] [23.0] [cxt 0] Processing packet received on port 2
[09:42:19.979] [bmv2] [D] [thread 4793] [23.0] [cxt 0] Parser 'parser': start
[09:42:19.979] [bmv2] [D] [thread 4793] [23.0] [cxt 0] Parser 'parser' entering state 'start'
[09:42:19.979] [bmv2] [D] [thread 4793] [23.0] [cxt 0] Extracting header 'ethernet'
[09:42:19.979] [bmv2] [D] [thread 4793] [23.0] [cxt 0] Parser state 'start': key is 86dd
[09:42:19.979] [bmv2] [T] [thread 4793] [23.0] [cxt 0] Bytes parsed: 14
[09:42:19.979] [bmv2] [D] [thread 4793] [23.0] [cxt 0] Parser 'parser': end
[09:42:19.979] [bmv2] [D] [thread 4793] [23.0] [cxt 0] Pipeline 'ingress': start
[09:42:19.979] [bmv2] [T] [thread 4793] [23.0] [cxt 0] Applying table 'MyIngress.ipv4_lpm'
[09:42:19.979] [bmv2] [D] [thread 4793] [23.0] [cxt 0] Looking up key:
* hdr.ipv4.dstAddr    : 00000000

[09:42:19.980] [bmv2] [D] [thread 4793] [23.0] [cxt 0] Table 'MyIngress.ipv4_lpm': miss
[09:42:19.980] [bmv2] [D] [thread 4793] [23.0] [cxt 0] Action entry is MyIngress.drop - 
[09:42:19.980] [bmv2] [T] [thread 4793] [23.0] [cxt 0] Action MyIngress.drop
[09:42:19.980] [bmv2] [T] [thread 4793] [23.0] [cxt 0] basic.p4(99) Primitive mark_to_drop(standard_metadata)
[09:42:19.980] [bmv2] [D] [thread 4793] [23.0] [cxt 0] Pipeline 'ingress': end
[09:42:19.980] [bmv2] [D] [thread 4793] [23.0] [cxt 0] Egress port is 511
[09:42:19.980] [bmv2] [D] [thread 4793] [23.0] [cxt 0] Dropping packet at the end of ingress
[09:42:20.203] [bmv2] [D] [thread 4793] [24.0] [cxt 0] Processing packet received on port 2
[09:42:20.204] [bmv2] [D] [thread 4793] [24.0] [cxt 0] Parser 'parser': start
[09:42:20.204] [bmv2] [D] [thread 4793] [24.0] [cxt 0] Parser 'parser' entering state 'start'
[09:42:20.204] [bmv2] [D] [thread 4793] [24.0] [cxt 0] Extracting header 'ethernet'
[09:42:20.204] [bmv2] [D] [thread 4793] [24.0] [cxt 0] Parser state 'start': key is 86dd
[09:42:20.204] [bmv2] [T] [thread 4793] [24.0] [cxt 0] Bytes parsed: 14
[09:42:20.204] [bmv2] [D] [thread 4793] [24.0] [cxt 0] Parser 'parser': end
[09:42:20.204] [bmv2] [D] [thread 4793] [24.0] [cxt 0] Pipeline 'ingress': start
[09:42:20.204] [bmv2] [T] [thread 4793] [24.0] [cxt 0] Applying table 'MyIngress.ipv4_lpm'
[09:42:20.204] [bmv2] [D] [thread 4793] [24.0] [cxt 0] Looking up key:
* hdr.ipv4.dstAddr    : 00000000

[09:42:20.204] [bmv2] [D] [thread 4793] [24.0] [cxt 0] Table 'MyIngress.ipv4_lpm': miss
[09:42:20.204] [bmv2] [D] [thread 4793] [24.0] [cxt 0] Action entry is MyIngress.drop - 
[09:42:20.204] [bmv2] [T] [thread 4793] [24.0] [cxt 0] Action MyIngress.drop
[09:42:20.204] [bmv2] [T] [thread 4793] [24.0] [cxt 0] basic.p4(99) Primitive mark_to_drop(standard_metadata)
[09:42:20.204] [bmv2] [D] [thread 4793] [24.0] [cxt 0] Pipeline 'ingress': end
[09:42:20.204] [bmv2] [D] [thread 4793] [24.0] [cxt 0] Egress port is 511
[09:42:20.204] [bmv2] [D] [thread 4793] [24.0] [cxt 0] Dropping packet at the end of ingress
[09:42:20.251] [bmv2] [D] [thread 4793] [25.0] [cxt 0] Processing packet received on port 1
[09:42:20.251] [bmv2] [D] [thread 4793] [25.0] [cxt 0] Parser 'parser': start
[09:42:20.251] [bmv2] [D] [thread 4793] [25.0] [cxt 0] Parser 'parser' entering state 'start'
[09:42:20.251] [bmv2] [D] [thread 4793] [25.0] [cxt 0] Extracting header 'ethernet'
[09:42:20.251] [bmv2] [D] [thread 4793] [25.0] [cxt 0] Parser state 'start': key is 86dd
[09:42:20.251] [bmv2] [T] [thread 4793] [25.0] [cxt 0] Bytes parsed: 14
[09:42:20.251] [bmv2] [D] [thread 4793] [25.0] [cxt 0] Parser 'parser': end
[09:42:20.252] [bmv2] [D] [thread 4793] [25.0] [cxt 0] Pipeline 'ingress': start
[09:42:20.252] [bmv2] [T] [thread 4793] [25.0] [cxt 0] Applying table 'MyIngress.ipv4_lpm'
[09:42:20.252] [bmv2] [D] [thread 4793] [25.0] [cxt 0] Looking up key:
* hdr.ipv4.dstAddr    : 00000000

[09:42:20.252] [bmv2] [D] [thread 4793] [25.0] [cxt 0] Table 'MyIngress.ipv4_lpm': miss
[09:42:20.252] [bmv2] [D] [thread 4793] [25.0] [cxt 0] Action entry is MyIngress.drop - 
[09:42:20.252] [bmv2] [T] [thread 4793] [25.0] [cxt 0] Action MyIngress.drop
[09:42:20.252] [bmv2] [T] [thread 4793] [25.0] [cxt 0] basic.p4(99) Primitive mark_to_drop(standard_metadata)
[09:42:20.252] [bmv2] [D] [thread 4793] [25.0] [cxt 0] Pipeline 'ingress': end
[09:42:20.252] [bmv2] [D] [thread 4793] [25.0] [cxt 0] Egress port is 511
[09:42:20.252] [bmv2] [D] [thread 4793] [25.0] [cxt 0] Dropping packet at the end of ingress
[09:42:20.291] [bmv2] [D] [thread 4793] [26.0] [cxt 0] Processing packet received on port 2
[09:42:20.291] [bmv2] [D] [thread 4793] [26.0] [cxt 0] Parser 'parser': start
[09:42:20.291] [bmv2] [D] [thread 4793] [26.0] [cxt 0] Parser 'parser' entering state 'start'
[09:42:20.291] [bmv2] [D] [thread 4793] [26.0] [cxt 0] Extracting header 'ethernet'
[09:42:20.291] [bmv2] [D] [thread 4793] [26.0] [cxt 0] Parser state 'start': key is 86dd
[09:42:20.291] [bmv2] [T] [thread 4793] [26.0] [cxt 0] Bytes parsed: 14
[09:42:20.291] [bmv2] [D] [thread 4793] [26.0] [cxt 0] Parser 'parser': end
[09:42:20.291] [bmv2] [D] [thread 4793] [26.0] [cxt 0] Pipeline 'ingress': start
[09:42:20.291] [bmv2] [T] [thread 4793] [26.0] [cxt 0] Applying table 'MyIngress.ipv4_lpm'
[09:42:20.291] [bmv2] [D] [thread 4793] [26.0] [cxt 0] Looking up key:
* hdr.ipv4.dstAddr    : 00000000

[09:42:20.291] [bmv2] [D] [thread 4793] [26.0] [cxt 0] Table 'MyIngress.ipv4_lpm': miss
[09:42:20.291] [bmv2] [D] [thread 4793] [26.0] [cxt 0] Action entry is MyIngress.drop - 
[09:42:20.291] [bmv2] [T] [thread 4793] [26.0] [cxt 0] Action MyIngress.drop
[09:42:20.292] [bmv2] [T] [thread 4793] [26.0] [cxt 0] basic.p4(99) Primitive mark_to_drop(standard_metadata)
[09:42:20.292] [bmv2] [D] [thread 4793] [26.0] [cxt 0] Pipeline 'ingress': end
[09:42:20.292] [bmv2] [D] [thread 4793] [26.0] [cxt 0] Egress port is 511
[09:42:20.292] [bmv2] [D] [thread 4793] [26.0] [cxt 0] Dropping packet at the end of ingress
[09:42:20.482] [bmv2] [D] [thread 4793] [27.0] [cxt 0] Processing packet received on port 1
[09:42:20.482] [bmv2] [D] [thread 4793] [27.0] [cxt 0] Parser 'parser': start
[09:42:20.482] [bmv2] [D] [thread 4793] [27.0] [cxt 0] Parser 'parser' entering state 'start'
[09:42:20.482] [bmv2] [D] [thread 4793] [27.0] [cxt 0] Extracting header 'ethernet'
[09:42:20.482] [bmv2] [D] [thread 4793] [27.0] [cxt 0] Parser state 'start': key is 86dd
[09:42:20.482] [bmv2] [T] [thread 4793] [27.0] [cxt 0] Bytes parsed: 14
[09:42:20.482] [bmv2] [D] [thread 4793] [27.0] [cxt 0] Parser 'parser': end
[09:42:20.482] [bmv2] [D] [thread 4793] [27.0] [cxt 0] Pipeline 'ingress': start
[09:42:20.482] [bmv2] [T] [thread 4793] [27.0] [cxt 0] Applying table 'MyIngress.ipv4_lpm'
[09:42:20.482] [bmv2] [D] [thread 4793] [27.0] [cxt 0] Looking up key:
* hdr.ipv4.dstAddr    : 00000000

[09:42:20.482] [bmv2] [D] [thread 4793] [27.0] [cxt 0] Table 'MyIngress.ipv4_lpm': miss
[09:42:20.483] [bmv2] [D] [thread 4793] [27.0] [cxt 0] Action entry is MyIngress.drop - 
[09:42:20.483] [bmv2] [T] [thread 4793] [27.0] [cxt 0] Action MyIngress.drop
[09:42:20.483] [bmv2] [T] [thread 4793] [27.0] [cxt 0] basic.p4(99) Primitive mark_to_drop(standard_metadata)
[09:42:20.483] [bmv2] [D] [thread 4793] [27.0] [cxt 0] Pipeline 'ingress': end
[09:42:20.483] [bmv2] [D] [thread 4793] [27.0] [cxt 0] Egress port is 511
[09:42:20.483] [bmv2] [D] [thread 4793] [27.0] [cxt 0] Dropping packet at the end of ingress
[09:42:20.504] [bmv2] [D] [thread 4793] [28.0] [cxt 0] Processing packet received on port 2
[09:42:20.504] [bmv2] [D] [thread 4793] [28.0] [cxt 0] Parser 'parser': start
[09:42:20.504] [bmv2] [D] [thread 4793] [28.0] [cxt 0] Parser 'parser' entering state 'start'
[09:42:20.504] [bmv2] [D] [thread 4793] [28.0] [cxt 0] Extracting header 'ethernet'
[09:42:20.504] [bmv2] [D] [thread 4793] [28.0] [cxt 0] Parser state 'start': key is 86dd
[09:42:20.504] [bmv2] [T] [thread 4793] [28.0] [cxt 0] Bytes parsed: 14
[09:42:20.504] [bmv2] [D] [thread 4793] [28.0] [cxt 0] Parser 'parser': end
[09:42:20.504] [bmv2] [D] [thread 4793] [28.0] [cxt 0] Pipeline 'ingress': start
[09:42:20.504] [bmv2] [T] [thread 4793] [28.0] [cxt 0] Applying table 'MyIngress.ipv4_lpm'
[09:42:20.504] [bmv2] [D] [thread 4793] [28.0] [cxt 0] Looking up key:
* hdr.ipv4.dstAddr    : 00000000

[09:42:20.504] [bmv2] [D] [thread 4793] [28.0] [cxt 0] Table 'MyIngress.ipv4_lpm': miss
[09:42:20.504] [bmv2] [D] [thread 4793] [28.0] [cxt 0] Action entry is MyIngress.drop - 
[09:42:20.504] [bmv2] [T] [thread 4793] [28.0] [cxt 0] Action MyIngress.drop
[09:42:20.504] [bmv2] [T] [thread 4793] [28.0] [cxt 0] basic.p4(99) Primitive mark_to_drop(standard_metadata)
[09:42:20.504] [bmv2] [D] [thread 4793] [28.0] [cxt 0] Pipeline 'ingress': end
[09:42:20.504] [bmv2] [D] [thread 4793] [28.0] [cxt 0] Egress port is 511
[09:42:20.504] [bmv2] [D] [thread 4793] [28.0] [cxt 0] Dropping packet at the end of ingress
[09:42:22.708] [bmv2] [D] [thread 4793] [29.0] [cxt 0] Processing packet received on port 1
[09:42:22.708] [bmv2] [D] [thread 4793] [29.0] [cxt 0] Parser 'parser': start
[09:42:22.708] [bmv2] [D] [thread 4793] [29.0] [cxt 0] Parser 'parser' entering state 'start'
[09:42:22.708] [bmv2] [D] [thread 4793] [29.0] [cxt 0] Extracting header 'ethernet'
[09:42:22.709] [bmv2] [D] [thread 4793] [29.0] [cxt 0] Parser state 'start': key is 86dd
[09:42:22.709] [bmv2] [T] [thread 4793] [29.0] [cxt 0] Bytes parsed: 14
[09:42:22.709] [bmv2] [D] [thread 4793] [29.0] [cxt 0] Parser 'parser': end
[09:42:22.709] [bmv2] [D] [thread 4793] [29.0] [cxt 0] Pipeline 'ingress': start
[09:42:22.709] [bmv2] [T] [thread 4793] [29.0] [cxt 0] Applying table 'MyIngress.ipv4_lpm'
[09:42:22.709] [bmv2] [D] [thread 4793] [29.0] [cxt 0] Looking up key:
* hdr.ipv4.dstAddr    : 00000000

[09:42:22.709] [bmv2] [D] [thread 4793] [29.0] [cxt 0] Table 'MyIngress.ipv4_lpm': miss
[09:42:22.709] [bmv2] [D] [thread 4793] [29.0] [cxt 0] Action entry is MyIngress.drop - 
[09:42:22.709] [bmv2] [T] [thread 4793] [29.0] [cxt 0] Action MyIngress.drop
[09:42:22.709] [bmv2] [T] [thread 4793] [29.0] [cxt 0] basic.p4(99) Primitive mark_to_drop(standard_metadata)
[09:42:22.709] [bmv2] [D] [thread 4793] [29.0] [cxt 0] Pipeline 'ingress': end
[09:42:22.709] [bmv2] [D] [thread 4793] [29.0] [cxt 0] Egress port is 511
[09:42:22.709] [bmv2] [D] [thread 4793] [29.0] [cxt 0] Dropping packet at the end of ingress
[09:42:23.101] [bmv2] [D] [thread 4793] [30.0] [cxt 0] Processing packet received on port 2
[09:42:23.101] [bmv2] [D] [thread 4793] [30.0] [cxt 0] Parser 'parser': start
[09:42:23.101] [bmv2] [D] [thread 4793] [30.0] [cxt 0] Parser 'parser' entering state 'start'
[09:42:23.101] [bmv2] [D] [thread 4793] [30.0] [cxt 0] Extracting header 'ethernet'
[09:42:23.101] [bmv2] [D] [thread 4793] [30.0] [cxt 0] Parser state 'start': key is 86dd
[09:42:23.101] [bmv2] [T] [thread 4793] [30.0] [cxt 0] Bytes parsed: 14
[09:42:23.101] [bmv2] [D] [thread 4793] [30.0] [cxt 0] Parser 'parser': end
[09:42:23.101] [bmv2] [D] [thread 4793] [30.0] [cxt 0] Pipeline 'ingress': start
[09:42:23.101] [bmv2] [T] [thread 4793] [30.0] [cxt 0] Applying table 'MyIngress.ipv4_lpm'
[09:42:23.102] [bmv2] [D] [thread 4793] [30.0] [cxt 0] Looking up key:
* hdr.ipv4.dstAddr    : 00000000

[09:42:23.102] [bmv2] [D] [thread 4793] [30.0] [cxt 0] Table 'MyIngress.ipv4_lpm': miss
[09:42:23.102] [bmv2] [D] [thread 4793] [30.0] [cxt 0] Action entry is MyIngress.drop - 
[09:42:23.102] [bmv2] [T] [thread 4793] [30.0] [cxt 0] Action MyIngress.drop
[09:42:23.102] [bmv2] [T] [thread 4793] [30.0] [cxt 0] basic.p4(99) Primitive mark_to_drop(standard_metadata)
[09:42:23.102] [bmv2] [D] [thread 4793] [30.0] [cxt 0] Pipeline 'ingress': end
[09:42:23.102] [bmv2] [D] [thread 4793] [30.0] [cxt 0] Egress port is 511
[09:42:23.102] [bmv2] [D] [thread 4793] [30.0] [cxt 0] Dropping packet at the end of ingress
[09:42:23.394] [bmv2] [D] [thread 4793] [31.0] [cxt 0] Processing packet received on port 1
[09:42:23.394] [bmv2] [D] [thread 4793] [31.0] [cxt 0] Parser 'parser': start
[09:42:23.394] [bmv2] [D] [thread 4793] [31.0] [cxt 0] Parser 'parser' entering state 'start'
[09:42:23.394] [bmv2] [D] [thread 4793] [31.0] [cxt 0] Extracting header 'ethernet'
[09:42:23.394] [bmv2] [D] [thread 4793] [31.0] [cxt 0] Parser state 'start': key is 86dd
[09:42:23.395] [bmv2] [T] [thread 4793] [31.0] [cxt 0] Bytes parsed: 14
[09:42:23.395] [bmv2] [D] [thread 4793] [31.0] [cxt 0] Parser 'parser': end
[09:42:23.395] [bmv2] [D] [thread 4793] [31.0] [cxt 0] Pipeline 'ingress': start
[09:42:23.395] [bmv2] [T] [thread 4793] [31.0] [cxt 0] Applying table 'MyIngress.ipv4_lpm'
[09:42:23.395] [bmv2] [D] [thread 4793] [31.0] [cxt 0] Looking up key:
* hdr.ipv4.dstAddr    : 00000000

[09:42:23.395] [bmv2] [D] [thread 4793] [31.0] [cxt 0] Table 'MyIngress.ipv4_lpm': miss
[09:42:23.395] [bmv2] [D] [thread 4793] [31.0] [cxt 0] Action entry is MyIngress.drop - 
[09:42:23.395] [bmv2] [T] [thread 4793] [31.0] [cxt 0] Action MyIngress.drop
[09:42:23.395] [bmv2] [T] [thread 4793] [31.0] [cxt 0] basic.p4(99) Primitive mark_to_drop(standard_metadata)
[09:42:23.395] [bmv2] [D] [thread 4793] [31.0] [cxt 0] Pipeline 'ingress': end
[09:42:23.395] [bmv2] [D] [thread 4793] [31.0] [cxt 0] Egress port is 511
[09:42:23.395] [bmv2] [D] [thread 4793] [31.0] [cxt 0] Dropping packet at the end of ingress
[09:42:23.404] [bmv2] [D] [thread 4793] [32.0] [cxt 0] Processing packet received on port 2
[09:42:23.404] [bmv2] [D] [thread 4793] [32.0] [cxt 0] Parser 'parser': start
[09:42:23.404] [bmv2] [D] [thread 4793] [32.0] [cxt 0] Parser 'parser' entering state 'start'
[09:42:23.404] [bmv2] [D] [thread 4793] [32.0] [cxt 0] Extracting header 'ethernet'
[09:42:23.404] [bmv2] [D] [thread 4793] [32.0] [cxt 0] Parser state 'start': key is 86dd
[09:42:23.404] [bmv2] [T] [thread 4793] [32.0] [cxt 0] Bytes parsed: 14
[09:42:23.405] [bmv2] [D] [thread 4793] [32.0] [cxt 0] Parser 'parser': end
[09:42:23.405] [bmv2] [D] [thread 4793] [32.0] [cxt 0] Pipeline 'ingress': start
[09:42:23.405] [bmv2] [T] [thread 4793] [32.0] [cxt 0] Applying table 'MyIngress.ipv4_lpm'
[09:42:23.405] [bmv2] [D] [thread 4793] [32.0] [cxt 0] Looking up key:
* hdr.ipv4.dstAddr    : 00000000

[09:42:23.405] [bmv2] [D] [thread 4793] [32.0] [cxt 0] Table 'MyIngress.ipv4_lpm': miss
[09:42:23.405] [bmv2] [D] [thread 4793] [32.0] [cxt 0] Action entry is MyIngress.drop - 
[09:42:23.405] [bmv2] [T] [thread 4793] [32.0] [cxt 0] Action MyIngress.drop
[09:42:23.405] [bmv2] [T] [thread 4793] [32.0] [cxt 0] basic.p4(99) Primitive mark_to_drop(standard_metadata)
[09:42:23.405] [bmv2] [D] [thread 4793] [32.0] [cxt 0] Pipeline 'ingress': end
[09:42:23.405] [bmv2] [D] [thread 4793] [32.0] [cxt 0] Egress port is 511
[09:42:23.405] [bmv2] [D] [thread 4793] [32.0] [cxt 0] Dropping packet at the end of ingress
[09:42:23.647] [bmv2] [D] [thread 4793] [33.0] [cxt 0] Processing packet received on port 1
[09:42:23.647] [bmv2] [D] [thread 4793] [33.0] [cxt 0] Parser 'parser': start
[09:42:23.647] [bmv2] [D] [thread 4793] [33.0] [cxt 0] Parser 'parser' entering state 'start'
[09:42:23.647] [bmv2] [D] [thread 4793] [33.0] [cxt 0] Extracting header 'ethernet'
[09:42:23.647] [bmv2] [D] [thread 4793] [33.0] [cxt 0] Parser state 'start': key is 86dd
[09:42:23.647] [bmv2] [T] [thread 4793] [33.0] [cxt 0] Bytes parsed: 14
[09:42:23.647] [bmv2] [D] [thread 4793] [33.0] [cxt 0] Parser 'parser': end
[09:42:23.647] [bmv2] [D] [thread 4793] [33.0] [cxt 0] Pipeline 'ingress': start
[09:42:23.647] [bmv2] [T] [thread 4793] [33.0] [cxt 0] Applying table 'MyIngress.ipv4_lpm'
[09:42:23.647] [bmv2] [D] [thread 4793] [33.0] [cxt 0] Looking up key:
* hdr.ipv4.dstAddr    : 00000000

[09:42:23.647] [bmv2] [D] [thread 4793] [33.0] [cxt 0] Table 'MyIngress.ipv4_lpm': miss
[09:42:23.647] [bmv2] [D] [thread 4793] [33.0] [cxt 0] Action entry is MyIngress.drop - 
[09:42:23.647] [bmv2] [T] [thread 4793] [33.0] [cxt 0] Action MyIngress.drop
[09:42:23.647] [bmv2] [T] [thread 4793] [33.0] [cxt 0] basic.p4(99) Primitive mark_to_drop(standard_metadata)
[09:42:23.647] [bmv2] [D] [thread 4793] [33.0] [cxt 0] Pipeline 'ingress': end
[09:42:23.647] [bmv2] [D] [thread 4793] [33.0] [cxt 0] Egress port is 511
[09:42:23.647] [bmv2] [D] [thread 4793] [33.0] [cxt 0] Dropping packet at the end of ingress
[09:42:23.992] [bmv2] [D] [thread 4793] [34.0] [cxt 0] Processing packet received on port 2
[09:42:23.993] [bmv2] [D] [thread 4793] [34.0] [cxt 0] Parser 'parser': start
[09:42:23.993] [bmv2] [D] [thread 4793] [34.0] [cxt 0] Parser 'parser' entering state 'start'
[09:42:23.993] [bmv2] [D] [thread 4793] [34.0] [cxt 0] Extracting header 'ethernet'
[09:42:23.993] [bmv2] [D] [thread 4793] [34.0] [cxt 0] Parser state 'start': key is 86dd
[09:42:23.993] [bmv2] [T] [thread 4793] [34.0] [cxt 0] Bytes parsed: 14
[09:42:23.993] [bmv2] [D] [thread 4793] [34.0] [cxt 0] Parser 'parser': end
[09:42:23.993] [bmv2] [D] [thread 4793] [34.0] [cxt 0] Pipeline 'ingress': start
[09:42:23.993] [bmv2] [T] [thread 4793] [34.0] [cxt 0] Applying table 'MyIngress.ipv4_lpm'
[09:42:23.993] [bmv2] [D] [thread 4793] [34.0] [cxt 0] Looking up key:
* hdr.ipv4.dstAddr    : 00000000

[09:42:23.993] [bmv2] [D] [thread 4793] [34.0] [cxt 0] Table 'MyIngress.ipv4_lpm': miss
[09:42:23.993] [bmv2] [D] [thread 4793] [34.0] [cxt 0] Action entry is MyIngress.drop - 
[09:42:23.993] [bmv2] [T] [thread 4793] [34.0] [cxt 0] Action MyIngress.drop
[09:42:23.993] [bmv2] [T] [thread 4793] [34.0] [cxt 0] basic.p4(99) Primitive mark_to_drop(standard_metadata)
[09:42:23.993] [bmv2] [D] [thread 4793] [34.0] [cxt 0] Pipeline 'ingress': end
[09:42:23.994] [bmv2] [D] [thread 4793] [34.0] [cxt 0] Egress port is 511
[09:42:23.994] [bmv2] [D] [thread 4793] [34.0] [cxt 0] Dropping packet at the end of ingress
[09:42:24.260] [bmv2] [D] [thread 4793] [35.0] [cxt 0] Processing packet received on port 1
[09:42:24.260] [bmv2] [D] [thread 4793] [35.0] [cxt 0] Parser 'parser': start
[09:42:24.260] [bmv2] [D] [thread 4793] [35.0] [cxt 0] Parser 'parser' entering state 'start'
[09:42:24.260] [bmv2] [D] [thread 4793] [35.0] [cxt 0] Extracting header 'ethernet'
[09:42:24.260] [bmv2] [D] [thread 4793] [35.0] [cxt 0] Parser state 'start': key is 86dd
[09:42:24.260] [bmv2] [T] [thread 4793] [35.0] [cxt 0] Bytes parsed: 14
[09:42:24.261] [bmv2] [D] [thread 4793] [35.0] [cxt 0] Parser 'parser': end
[09:42:24.261] [bmv2] [D] [thread 4793] [35.0] [cxt 0] Pipeline 'ingress': start
[09:42:24.261] [bmv2] [T] [thread 4793] [35.0] [cxt 0] Applying table 'MyIngress.ipv4_lpm'
[09:42:24.261] [bmv2] [D] [thread 4793] [35.0] [cxt 0] Looking up key:
* hdr.ipv4.dstAddr    : 00000000

[09:42:24.262] [bmv2] [D] [thread 4793] [35.0] [cxt 0] Table 'MyIngress.ipv4_lpm': miss
[09:42:24.263] [bmv2] [D] [thread 4793] [35.0] [cxt 0] Action entry is MyIngress.drop - 
[09:42:24.263] [bmv2] [T] [thread 4793] [35.0] [cxt 0] Action MyIngress.drop
[09:42:24.263] [bmv2] [T] [thread 4793] [35.0] [cxt 0] basic.p4(99) Primitive mark_to_drop(standard_metadata)
[09:42:24.263] [bmv2] [D] [thread 4793] [35.0] [cxt 0] Pipeline 'ingress': end
[09:42:24.263] [bmv2] [D] [thread 4793] [35.0] [cxt 0] Egress port is 511
[09:42:24.263] [bmv2] [D] [thread 4793] [35.0] [cxt 0] Dropping packet at the end of ingress
[09:42:24.299] [bmv2] [D] [thread 4793] [36.0] [cxt 0] Processing packet received on port 2
[09:42:24.299] [bmv2] [D] [thread 4793] [36.0] [cxt 0] Parser 'parser': start
[09:42:24.299] [bmv2] [D] [thread 4793] [36.0] [cxt 0] Parser 'parser' entering state 'start'
[09:42:24.299] [bmv2] [D] [thread 4793] [36.0] [cxt 0] Extracting header 'ethernet'
[09:42:24.299] [bmv2] [D] [thread 4793] [36.0] [cxt 0] Parser state 'start': key is 86dd
[09:42:24.299] [bmv2] [T] [thread 4793] [36.0] [cxt 0] Bytes parsed: 14
[09:42:24.299] [bmv2] [D] [thread 4793] [36.0] [cxt 0] Parser 'parser': end
[09:42:24.299] [bmv2] [D] [thread 4793] [36.0] [cxt 0] Pipeline 'ingress': start
[09:42:24.299] [bmv2] [T] [thread 4793] [36.0] [cxt 0] Applying table 'MyIngress.ipv4_lpm'
[09:42:24.299] [bmv2] [D] [thread 4793] [36.0] [cxt 0] Looking up key:
* hdr.ipv4.dstAddr    : 00000000

[09:42:24.299] [bmv2] [D] [thread 4793] [36.0] [cxt 0] Table 'MyIngress.ipv4_lpm': miss
[09:42:24.299] [bmv2] [D] [thread 4793] [36.0] [cxt 0] Action entry is MyIngress.drop - 
[09:42:24.299] [bmv2] [T] [thread 4793] [36.0] [cxt 0] Action MyIngress.drop
[09:42:24.299] [bmv2] [T] [thread 4793] [36.0] [cxt 0] basic.p4(99) Primitive mark_to_drop(standard_metadata)
[09:42:24.299] [bmv2] [D] [thread 4793] [36.0] [cxt 0] Pipeline 'ingress': end
[09:42:24.300] [bmv2] [D] [thread 4793] [36.0] [cxt 0] Egress port is 511
[09:42:24.300] [bmv2] [D] [thread 4793] [36.0] [cxt 0] Dropping packet at the end of ingress
[09:42:30.736] [bmv2] [D] [thread 4793] [37.0] [cxt 0] Processing packet received on port 1
[09:42:30.737] [bmv2] [D] [thread 4793] [37.0] [cxt 0] Parser 'parser': start
[09:42:30.737] [bmv2] [D] [thread 4793] [37.0] [cxt 0] Parser 'parser' entering state 'start'
[09:42:30.737] [bmv2] [D] [thread 4793] [37.0] [cxt 0] Extracting header 'ethernet'
[09:42:30.737] [bmv2] [D] [thread 4793] [37.0] [cxt 0] Parser state 'start': key is 86dd
[09:42:30.737] [bmv2] [T] [thread 4793] [37.0] [cxt 0] Bytes parsed: 14
[09:42:30.737] [bmv2] [D] [thread 4793] [37.0] [cxt 0] Parser 'parser': end
[09:42:30.737] [bmv2] [D] [thread 4793] [37.0] [cxt 0] Pipeline 'ingress': start
[09:42:30.737] [bmv2] [T] [thread 4793] [37.0] [cxt 0] Applying table 'MyIngress.ipv4_lpm'
[09:42:30.737] [bmv2] [D] [thread 4793] [37.0] [cxt 0] Looking up key:
* hdr.ipv4.dstAddr    : 00000000

[09:42:30.737] [bmv2] [D] [thread 4793] [37.0] [cxt 0] Table 'MyIngress.ipv4_lpm': miss
[09:42:30.737] [bmv2] [D] [thread 4793] [37.0] [cxt 0] Action entry is MyIngress.drop - 
[09:42:30.737] [bmv2] [T] [thread 4793] [37.0] [cxt 0] Action MyIngress.drop
[09:42:30.737] [bmv2] [T] [thread 4793] [37.0] [cxt 0] basic.p4(99) Primitive mark_to_drop(standard_metadata)
[09:42:30.737] [bmv2] [D] [thread 4793] [37.0] [cxt 0] Pipeline 'ingress': end
[09:42:30.737] [bmv2] [D] [thread 4793] [37.0] [cxt 0] Egress port is 511
[09:42:30.737] [bmv2] [D] [thread 4793] [37.0] [cxt 0] Dropping packet at the end of ingress
[09:42:31.102] [bmv2] [D] [thread 4793] [38.0] [cxt 0] Processing packet received on port 2
[09:42:31.102] [bmv2] [D] [thread 4793] [38.0] [cxt 0] Parser 'parser': start
[09:42:31.102] [bmv2] [D] [thread 4793] [38.0] [cxt 0] Parser 'parser' entering state 'start'
[09:42:31.102] [bmv2] [D] [thread 4793] [38.0] [cxt 0] Extracting header 'ethernet'
[09:42:31.102] [bmv2] [D] [thread 4793] [38.0] [cxt 0] Parser state 'start': key is 86dd
[09:42:31.103] [bmv2] [T] [thread 4793] [38.0] [cxt 0] Bytes parsed: 14
[09:42:31.103] [bmv2] [D] [thread 4793] [38.0] [cxt 0] Parser 'parser': end
[09:42:31.103] [bmv2] [D] [thread 4793] [38.0] [cxt 0] Pipeline 'ingress': start
[09:42:31.103] [bmv2] [T] [thread 4793] [38.0] [cxt 0] Applying table 'MyIngress.ipv4_lpm'
[09:42:31.103] [bmv2] [D] [thread 4793] [38.0] [cxt 0] Looking up key:
* hdr.ipv4.dstAddr    : 00000000

[09:42:31.103] [bmv2] [D] [thread 4793] [38.0] [cxt 0] Table 'MyIngress.ipv4_lpm': miss
[09:42:31.103] [bmv2] [D] [thread 4793] [38.0] [cxt 0] Action entry is MyIngress.drop - 
[09:42:31.103] [bmv2] [T] [thread 4793] [38.0] [cxt 0] Action MyIngress.drop
[09:42:31.103] [bmv2] [T] [thread 4793] [38.0] [cxt 0] basic.p4(99) Primitive mark_to_drop(standard_metadata)
[09:42:31.103] [bmv2] [D] [thread 4793] [38.0] [cxt 0] Pipeline 'ingress': end
[09:42:31.103] [bmv2] [D] [thread 4793] [38.0] [cxt 0] Egress port is 511
[09:42:31.103] [bmv2] [D] [thread 4793] [38.0] [cxt 0] Dropping packet at the end of ingress
[09:42:31.430] [bmv2] [D] [thread 4793] [39.0] [cxt 0] Processing packet received on port 1
[09:42:31.430] [bmv2] [D] [thread 4793] [39.0] [cxt 0] Parser 'parser': start
[09:42:31.430] [bmv2] [D] [thread 4793] [39.0] [cxt 0] Parser 'parser' entering state 'start'
[09:42:31.430] [bmv2] [D] [thread 4793] [39.0] [cxt 0] Extracting header 'ethernet'
[09:42:31.430] [bmv2] [D] [thread 4793] [39.0] [cxt 0] Parser state 'start': key is 86dd
[09:42:31.430] [bmv2] [T] [thread 4793] [39.0] [cxt 0] Bytes parsed: 14
[09:42:31.430] [bmv2] [D] [thread 4793] [39.0] [cxt 0] Parser 'parser': end
[09:42:31.430] [bmv2] [D] [thread 4793] [39.0] [cxt 0] Pipeline 'ingress': start
[09:42:31.430] [bmv2] [T] [thread 4793] [39.0] [cxt 0] Applying table 'MyIngress.ipv4_lpm'
[09:42:31.430] [bmv2] [D] [thread 4793] [39.0] [cxt 0] Looking up key:
* hdr.ipv4.dstAddr    : 00000000

[09:42:31.431] [bmv2] [D] [thread 4793] [39.0] [cxt 0] Table 'MyIngress.ipv4_lpm': miss
[09:42:31.431] [bmv2] [D] [thread 4793] [39.0] [cxt 0] Action entry is MyIngress.drop - 
[09:42:31.431] [bmv2] [T] [thread 4793] [39.0] [cxt 0] Action MyIngress.drop
[09:42:31.431] [bmv2] [T] [thread 4793] [39.0] [cxt 0] basic.p4(99) Primitive mark_to_drop(standard_metadata)
[09:42:31.431] [bmv2] [D] [thread 4793] [39.0] [cxt 0] Pipeline 'ingress': end
[09:42:31.431] [bmv2] [D] [thread 4793] [39.0] [cxt 0] Egress port is 511
[09:42:31.431] [bmv2] [D] [thread 4793] [39.0] [cxt 0] Dropping packet at the end of ingress
[09:42:31.431] [bmv2] [D] [thread 4793] [40.0] [cxt 0] Processing packet received on port 2
[09:42:31.431] [bmv2] [D] [thread 4793] [40.0] [cxt 0] Parser 'parser': start
[09:42:31.431] [bmv2] [D] [thread 4793] [40.0] [cxt 0] Parser 'parser' entering state 'start'
[09:42:31.431] [bmv2] [D] [thread 4793] [40.0] [cxt 0] Extracting header 'ethernet'
[09:42:31.431] [bmv2] [D] [thread 4793] [40.0] [cxt 0] Parser state 'start': key is 86dd
[09:42:31.431] [bmv2] [T] [thread 4793] [40.0] [cxt 0] Bytes parsed: 14
[09:42:31.431] [bmv2] [D] [thread 4793] [40.0] [cxt 0] Parser 'parser': end
[09:42:31.432] [bmv2] [D] [thread 4793] [40.0] [cxt 0] Pipeline 'ingress': start
[09:42:31.432] [bmv2] [T] [thread 4793] [40.0] [cxt 0] Applying table 'MyIngress.ipv4_lpm'
[09:42:31.432] [bmv2] [D] [thread 4793] [40.0] [cxt 0] Looking up key:
* hdr.ipv4.dstAddr    : 00000000

[09:42:31.432] [bmv2] [D] [thread 4793] [40.0] [cxt 0] Table 'MyIngress.ipv4_lpm': miss
[09:42:31.432] [bmv2] [D] [thread 4793] [40.0] [cxt 0] Action entry is MyIngress.drop - 
[09:42:31.432] [bmv2] [T] [thread 4793] [40.0] [cxt 0] Action MyIngress.drop
[09:42:31.432] [bmv2] [T] [thread 4793] [40.0] [cxt 0] basic.p4(99) Primitive mark_to_drop(standard_metadata)
[09:42:31.432] [bmv2] [D] [thread 4793] [40.0] [cxt 0] Pipeline 'ingress': end
[09:42:31.432] [bmv2] [D] [thread 4793] [40.0] [cxt 0] Egress port is 511
[09:42:31.432] [bmv2] [D] [thread 4793] [40.0] [cxt 0] Dropping packet at the end of ingress
[09:42:46.741] [bmv2] [D] [thread 4793] [41.0] [cxt 0] Processing packet received on port 1
[09:42:46.741] [bmv2] [D] [thread 4793] [41.0] [cxt 0] Parser 'parser': start
[09:42:46.742] [bmv2] [D] [thread 4793] [41.0] [cxt 0] Parser 'parser' entering state 'start'
[09:42:46.742] [bmv2] [D] [thread 4793] [41.0] [cxt 0] Extracting header 'ethernet'
[09:42:46.742] [bmv2] [D] [thread 4793] [41.0] [cxt 0] Parser state 'start': key is 86dd
[09:42:46.742] [bmv2] [T] [thread 4793] [41.0] [cxt 0] Bytes parsed: 14
[09:42:46.742] [bmv2] [D] [thread 4793] [41.0] [cxt 0] Parser 'parser': end
[09:42:46.742] [bmv2] [D] [thread 4793] [41.0] [cxt 0] Pipeline 'ingress': start
[09:42:46.742] [bmv2] [T] [thread 4793] [41.0] [cxt 0] Applying table 'MyIngress.ipv4_lpm'
[09:42:46.742] [bmv2] [D] [thread 4793] [41.0] [cxt 0] Looking up key:
* hdr.ipv4.dstAddr    : 00000000

[09:42:46.742] [bmv2] [D] [thread 4793] [41.0] [cxt 0] Table 'MyIngress.ipv4_lpm': miss
[09:42:46.742] [bmv2] [D] [thread 4793] [41.0] [cxt 0] Action entry is MyIngress.drop - 
[09:42:46.743] [bmv2] [T] [thread 4793] [41.0] [cxt 0] Action MyIngress.drop
[09:42:46.743] [bmv2] [T] [thread 4793] [41.0] [cxt 0] basic.p4(99) Primitive mark_to_drop(standard_metadata)
[09:42:46.743] [bmv2] [D] [thread 4793] [41.0] [cxt 0] Pipeline 'ingress': end
[09:42:46.743] [bmv2] [D] [thread 4793] [41.0] [cxt 0] Egress port is 511
[09:42:46.743] [bmv2] [D] [thread 4793] [41.0] [cxt 0] Dropping packet at the end of ingress
[09:42:47.105] [bmv2] [D] [thread 4793] [42.0] [cxt 0] Processing packet received on port 2
[09:42:47.105] [bmv2] [D] [thread 4793] [42.0] [cxt 0] Parser 'parser': start
[09:42:47.105] [bmv2] [D] [thread 4793] [42.0] [cxt 0] Parser 'parser' entering state 'start'
[09:42:47.105] [bmv2] [D] [thread 4793] [42.0] [cxt 0] Extracting header 'ethernet'
[09:42:47.105] [bmv2] [D] [thread 4793] [42.0] [cxt 0] Parser state 'start': key is 86dd
[09:42:47.105] [bmv2] [T] [thread 4793] [42.0] [cxt 0] Bytes parsed: 14
[09:42:47.105] [bmv2] [D] [thread 4793] [42.0] [cxt 0] Parser 'parser': end
[09:42:47.105] [bmv2] [D] [thread 4793] [42.0] [cxt 0] Pipeline 'ingress': start
[09:42:47.105] [bmv2] [T] [thread 4793] [42.0] [cxt 0] Applying table 'MyIngress.ipv4_lpm'
[09:42:47.105] [bmv2] [D] [thread 4793] [42.0] [cxt 0] Looking up key:
* hdr.ipv4.dstAddr    : 00000000

[09:42:47.105] [bmv2] [D] [thread 4793] [42.0] [cxt 0] Table 'MyIngress.ipv4_lpm': miss
[09:42:47.106] [bmv2] [D] [thread 4793] [42.0] [cxt 0] Action entry is MyIngress.drop - 
[09:42:47.106] [bmv2] [T] [thread 4793] [42.0] [cxt 0] Action MyIngress.drop
[09:42:47.106] [bmv2] [T] [thread 4793] [42.0] [cxt 0] basic.p4(99) Primitive mark_to_drop(standard_metadata)
[09:42:47.106] [bmv2] [D] [thread 4793] [42.0] [cxt 0] Pipeline 'ingress': end
[09:42:47.106] [bmv2] [D] [thread 4793] [42.0] [cxt 0] Egress port is 511
[09:42:47.106] [bmv2] [D] [thread 4793] [42.0] [cxt 0] Dropping packet at the end of ingress
[09:42:47.387] [bmv2] [D] [thread 4793] [43.0] [cxt 0] Processing packet received on port 1
[09:42:47.387] [bmv2] [D] [thread 4793] [43.0] [cxt 0] Parser 'parser': start
[09:42:47.387] [bmv2] [D] [thread 4793] [43.0] [cxt 0] Parser 'parser' entering state 'start'
[09:42:47.387] [bmv2] [D] [thread 4793] [43.0] [cxt 0] Extracting header 'ethernet'
[09:42:47.387] [bmv2] [D] [thread 4793] [43.0] [cxt 0] Parser state 'start': key is 86dd
[09:42:47.387] [bmv2] [T] [thread 4793] [43.0] [cxt 0] Bytes parsed: 14
[09:42:47.387] [bmv2] [D] [thread 4793] [43.0] [cxt 0] Parser 'parser': end
[09:42:47.388] [bmv2] [D] [thread 4793] [43.0] [cxt 0] Pipeline 'ingress': start
[09:42:47.388] [bmv2] [T] [thread 4793] [43.0] [cxt 0] Applying table 'MyIngress.ipv4_lpm'
[09:42:47.388] [bmv2] [D] [thread 4793] [43.0] [cxt 0] Looking up key:
* hdr.ipv4.dstAddr    : 00000000

[09:42:47.388] [bmv2] [D] [thread 4793] [43.0] [cxt 0] Table 'MyIngress.ipv4_lpm': miss
[09:42:47.388] [bmv2] [D] [thread 4793] [43.0] [cxt 0] Action entry is MyIngress.drop - 
[09:42:47.388] [bmv2] [T] [thread 4793] [43.0] [cxt 0] Action MyIngress.drop
[09:42:47.388] [bmv2] [T] [thread 4793] [43.0] [cxt 0] basic.p4(99) Primitive mark_to_drop(standard_metadata)
[09:42:47.388] [bmv2] [D] [thread 4793] [43.0] [cxt 0] Pipeline 'ingress': end
[09:42:47.388] [bmv2] [D] [thread 4793] [43.0] [cxt 0] Egress port is 511
[09:42:47.388] [bmv2] [D] [thread 4793] [43.0] [cxt 0] Dropping packet at the end of ingress
[09:42:47.408] [bmv2] [D] [thread 4793] [44.0] [cxt 0] Processing packet received on port 2
[09:42:47.408] [bmv2] [D] [thread 4793] [44.0] [cxt 0] Parser 'parser': start
[09:42:47.408] [bmv2] [D] [thread 4793] [44.0] [cxt 0] Parser 'parser' entering state 'start'
[09:42:47.408] [bmv2] [D] [thread 4793] [44.0] [cxt 0] Extracting header 'ethernet'
[09:42:47.408] [bmv2] [D] [thread 4793] [44.0] [cxt 0] Parser state 'start': key is 86dd
[09:42:47.408] [bmv2] [T] [thread 4793] [44.0] [cxt 0] Bytes parsed: 14
[09:42:47.408] [bmv2] [D] [thread 4793] [44.0] [cxt 0] Parser 'parser': end
[09:42:47.408] [bmv2] [D] [thread 4793] [44.0] [cxt 0] Pipeline 'ingress': start
[09:42:47.408] [bmv2] [T] [thread 4793] [44.0] [cxt 0] Applying table 'MyIngress.ipv4_lpm'
[09:42:47.408] [bmv2] [D] [thread 4793] [44.0] [cxt 0] Looking up key:
* hdr.ipv4.dstAddr    : 00000000

[09:42:47.408] [bmv2] [D] [thread 4793] [44.0] [cxt 0] Table 'MyIngress.ipv4_lpm': miss
[09:42:47.408] [bmv2] [D] [thread 4793] [44.0] [cxt 0] Action entry is MyIngress.drop - 
[09:42:47.408] [bmv2] [T] [thread 4793] [44.0] [cxt 0] Action MyIngress.drop
[09:42:47.409] [bmv2] [T] [thread 4793] [44.0] [cxt 0] basic.p4(99) Primitive mark_to_drop(standard_metadata)
[09:42:47.409] [bmv2] [D] [thread 4793] [44.0] [cxt 0] Pipeline 'ingress': end
[09:42:47.409] [bmv2] [D] [thread 4793] [44.0] [cxt 0] Egress port is 511
[09:42:47.409] [bmv2] [D] [thread 4793] [44.0] [cxt 0] Dropping packet at the end of ingress
[09:43:18.753] [bmv2] [D] [thread 4793] [45.0] [cxt 0] Processing packet received on port 1
[09:43:18.753] [bmv2] [D] [thread 4793] [45.0] [cxt 0] Parser 'parser': start
[09:43:18.753] [bmv2] [D] [thread 4793] [45.0] [cxt 0] Parser 'parser' entering state 'start'
[09:43:18.753] [bmv2] [D] [thread 4793] [45.0] [cxt 0] Extracting header 'ethernet'
[09:43:18.753] [bmv2] [D] [thread 4793] [45.0] [cxt 0] Parser state 'start': key is 86dd
[09:43:18.753] [bmv2] [T] [thread 4793] [45.0] [cxt 0] Bytes parsed: 14
[09:43:18.754] [bmv2] [D] [thread 4793] [45.0] [cxt 0] Parser 'parser': end
[09:43:18.754] [bmv2] [D] [thread 4793] [45.0] [cxt 0] Pipeline 'ingress': start
[09:43:18.754] [bmv2] [T] [thread 4793] [45.0] [cxt 0] Applying table 'MyIngress.ipv4_lpm'
[09:43:18.754] [bmv2] [D] [thread 4793] [45.0] [cxt 0] Looking up key:
* hdr.ipv4.dstAddr    : 00000000

[09:43:18.754] [bmv2] [D] [thread 4793] [45.0] [cxt 0] Table 'MyIngress.ipv4_lpm': miss
[09:43:18.754] [bmv2] [D] [thread 4793] [45.0] [cxt 0] Action entry is MyIngress.drop - 
[09:43:18.754] [bmv2] [T] [thread 4793] [45.0] [cxt 0] Action MyIngress.drop
[09:43:18.754] [bmv2] [T] [thread 4793] [45.0] [cxt 0] basic.p4(99) Primitive mark_to_drop(standard_metadata)
[09:43:18.754] [bmv2] [D] [thread 4793] [45.0] [cxt 0] Pipeline 'ingress': end
[09:43:18.754] [bmv2] [D] [thread 4793] [45.0] [cxt 0] Egress port is 511
[09:43:18.754] [bmv2] [D] [thread 4793] [45.0] [cxt 0] Dropping packet at the end of ingress
[09:43:19.125] [bmv2] [D] [thread 4793] [46.0] [cxt 0] Processing packet received on port 2
[09:43:19.125] [bmv2] [D] [thread 4793] [46.0] [cxt 0] Parser 'parser': start
[09:43:19.125] [bmv2] [D] [thread 4793] [46.0] [cxt 0] Parser 'parser' entering state 'start'
[09:43:19.125] [bmv2] [D] [thread 4793] [46.0] [cxt 0] Extracting header 'ethernet'
[09:43:19.125] [bmv2] [D] [thread 4793] [46.0] [cxt 0] Parser state 'start': key is 86dd
[09:43:19.125] [bmv2] [T] [thread 4793] [46.0] [cxt 0] Bytes parsed: 14
[09:43:19.125] [bmv2] [D] [thread 4793] [46.0] [cxt 0] Parser 'parser': end
[09:43:19.125] [bmv2] [D] [thread 4793] [46.0] [cxt 0] Pipeline 'ingress': start
[09:43:19.125] [bmv2] [T] [thread 4793] [46.0] [cxt 0] Applying table 'MyIngress.ipv4_lpm'
[09:43:19.125] [bmv2] [D] [thread 4793] [46.0] [cxt 0] Looking up key:
* hdr.ipv4.dstAddr    : 00000000

[09:43:19.125] [bmv2] [D] [thread 4793] [46.0] [cxt 0] Table 'MyIngress.ipv4_lpm': miss
[09:43:19.125] [bmv2] [D] [thread 4793] [46.0] [cxt 0] Action entry is MyIngress.drop - 
[09:43:19.125] [bmv2] [T] [thread 4793] [46.0] [cxt 0] Action MyIngress.drop
[09:43:19.125] [bmv2] [T] [thread 4793] [46.0] [cxt 0] basic.p4(99) Primitive mark_to_drop(standard_metadata)
[09:43:19.125] [bmv2] [D] [thread 4793] [46.0] [cxt 0] Pipeline 'ingress': end
[09:43:19.125] [bmv2] [D] [thread 4793] [46.0] [cxt 0] Egress port is 511
[09:43:19.125] [bmv2] [D] [thread 4793] [46.0] [cxt 0] Dropping packet at the end of ingress
[09:43:19.388] [bmv2] [D] [thread 4793] [47.0] [cxt 0] Processing packet received on port 1
[09:43:19.388] [bmv2] [D] [thread 4793] [47.0] [cxt 0] Parser 'parser': start
[09:43:19.388] [bmv2] [D] [thread 4793] [47.0] [cxt 0] Parser 'parser' entering state 'start'
[09:43:19.388] [bmv2] [D] [thread 4793] [47.0] [cxt 0] Extracting header 'ethernet'
[09:43:19.389] [bmv2] [D] [thread 4793] [47.0] [cxt 0] Parser state 'start': key is 86dd
[09:43:19.389] [bmv2] [T] [thread 4793] [47.0] [cxt 0] Bytes parsed: 14
[09:43:19.389] [bmv2] [D] [thread 4793] [47.0] [cxt 0] Parser 'parser': end
[09:43:19.389] [bmv2] [D] [thread 4793] [47.0] [cxt 0] Pipeline 'ingress': start
[09:43:19.389] [bmv2] [T] [thread 4793] [47.0] [cxt 0] Applying table 'MyIngress.ipv4_lpm'
[09:43:19.389] [bmv2] [D] [thread 4793] [47.0] [cxt 0] Looking up key:
* hdr.ipv4.dstAddr    : 00000000

[09:43:19.389] [bmv2] [D] [thread 4793] [47.0] [cxt 0] Table 'MyIngress.ipv4_lpm': miss
[09:43:19.389] [bmv2] [D] [thread 4793] [47.0] [cxt 0] Action entry is MyIngress.drop - 
[09:43:19.389] [bmv2] [T] [thread 4793] [47.0] [cxt 0] Action MyIngress.drop
[09:43:19.389] [bmv2] [T] [thread 4793] [47.0] [cxt 0] basic.p4(99) Primitive mark_to_drop(standard_metadata)
[09:43:19.389] [bmv2] [D] [thread 4793] [47.0] [cxt 0] Pipeline 'ingress': end
[09:43:19.389] [bmv2] [D] [thread 4793] [47.0] [cxt 0] Egress port is 511
[09:43:19.389] [bmv2] [D] [thread 4793] [47.0] [cxt 0] Dropping packet at the end of ingress
[09:43:19.413] [bmv2] [D] [thread 4793] [48.0] [cxt 0] Processing packet received on port 2
[09:43:19.413] [bmv2] [D] [thread 4793] [48.0] [cxt 0] Parser 'parser': start
[09:43:19.413] [bmv2] [D] [thread 4793] [48.0] [cxt 0] Parser 'parser' entering state 'start'
[09:43:19.413] [bmv2] [D] [thread 4793] [48.0] [cxt 0] Extracting header 'ethernet'
[09:43:19.413] [bmv2] [D] [thread 4793] [48.0] [cxt 0] Parser state 'start': key is 86dd
[09:43:19.413] [bmv2] [T] [thread 4793] [48.0] [cxt 0] Bytes parsed: 14
[09:43:19.413] [bmv2] [D] [thread 4793] [48.0] [cxt 0] Parser 'parser': end
[09:43:19.413] [bmv2] [D] [thread 4793] [48.0] [cxt 0] Pipeline 'ingress': start
[09:43:19.413] [bmv2] [T] [thread 4793] [48.0] [cxt 0] Applying table 'MyIngress.ipv4_lpm'
[09:43:19.413] [bmv2] [D] [thread 4793] [48.0] [cxt 0] Looking up key:
* hdr.ipv4.dstAddr    : 00000000

[09:43:19.413] [bmv2] [D] [thread 4793] [48.0] [cxt 0] Table 'MyIngress.ipv4_lpm': miss
[09:43:19.414] [bmv2] [D] [thread 4793] [48.0] [cxt 0] Action entry is MyIngress.drop - 
[09:43:19.414] [bmv2] [T] [thread 4793] [48.0] [cxt 0] Action MyIngress.drop
[09:43:19.414] [bmv2] [T] [thread 4793] [48.0] [cxt 0] basic.p4(99) Primitive mark_to_drop(standard_metadata)
[09:43:19.414] [bmv2] [D] [thread 4793] [48.0] [cxt 0] Pipeline 'ingress': end
[09:43:19.414] [bmv2] [D] [thread 4793] [48.0] [cxt 0] Egress port is 511
[09:43:19.414] [bmv2] [D] [thread 4793] [48.0] [cxt 0] Dropping packet at the end of ingress
[09:44:22.736] [bmv2] [D] [thread 4793] [49.0] [cxt 0] Processing packet received on port 1
[09:44:22.736] [bmv2] [D] [thread 4793] [49.0] [cxt 0] Parser 'parser': start
[09:44:22.736] [bmv2] [D] [thread 4793] [49.0] [cxt 0] Parser 'parser' entering state 'start'
[09:44:22.736] [bmv2] [D] [thread 4793] [49.0] [cxt 0] Extracting header 'ethernet'
[09:44:22.736] [bmv2] [D] [thread 4793] [49.0] [cxt 0] Parser state 'start': key is 86dd
[09:44:22.736] [bmv2] [T] [thread 4793] [49.0] [cxt 0] Bytes parsed: 14
[09:44:22.736] [bmv2] [D] [thread 4793] [49.0] [cxt 0] Parser 'parser': end
[09:44:22.736] [bmv2] [D] [thread 4793] [49.0] [cxt 0] Pipeline 'ingress': start
[09:44:22.736] [bmv2] [T] [thread 4793] [49.0] [cxt 0] Applying table 'MyIngress.ipv4_lpm'
[09:44:22.736] [bmv2] [D] [thread 4793] [49.0] [cxt 0] Looking up key:
* hdr.ipv4.dstAddr    : 00000000

[09:44:22.736] [bmv2] [D] [thread 4793] [49.0] [cxt 0] Table 'MyIngress.ipv4_lpm': miss
[09:44:22.736] [bmv2] [D] [thread 4793] [49.0] [cxt 0] Action entry is MyIngress.drop - 
[09:44:22.736] [bmv2] [T] [thread 4793] [49.0] [cxt 0] Action MyIngress.drop
[09:44:22.737] [bmv2] [T] [thread 4793] [49.0] [cxt 0] basic.p4(99) Primitive mark_to_drop(standard_metadata)
[09:44:22.737] [bmv2] [D] [thread 4793] [49.0] [cxt 0] Pipeline 'ingress': end
[09:44:22.737] [bmv2] [D] [thread 4793] [49.0] [cxt 0] Egress port is 511
[09:44:22.737] [bmv2] [D] [thread 4793] [49.0] [cxt 0] Dropping packet at the end of ingress
[09:44:23.112] [bmv2] [D] [thread 4793] [50.0] [cxt 0] Processing packet received on port 2
[09:44:23.113] [bmv2] [D] [thread 4793] [50.0] [cxt 0] Parser 'parser': start
[09:44:23.113] [bmv2] [D] [thread 4793] [50.0] [cxt 0] Parser 'parser' entering state 'start'
[09:44:23.113] [bmv2] [D] [thread 4793] [50.0] [cxt 0] Extracting header 'ethernet'
[09:44:23.113] [bmv2] [D] [thread 4793] [50.0] [cxt 0] Parser state 'start': key is 86dd
[09:44:23.113] [bmv2] [T] [thread 4793] [50.0] [cxt 0] Bytes parsed: 14
[09:44:23.113] [bmv2] [D] [thread 4793] [50.0] [cxt 0] Parser 'parser': end
[09:44:23.113] [bmv2] [D] [thread 4793] [50.0] [cxt 0] Pipeline 'ingress': start
[09:44:23.113] [bmv2] [T] [thread 4793] [50.0] [cxt 0] Applying table 'MyIngress.ipv4_lpm'
[09:44:23.113] [bmv2] [D] [thread 4793] [50.0] [cxt 0] Looking up key:
* hdr.ipv4.dstAddr    : 00000000

[09:44:23.113] [bmv2] [D] [thread 4793] [50.0] [cxt 0] Table 'MyIngress.ipv4_lpm': miss
[09:44:23.113] [bmv2] [D] [thread 4793] [50.0] [cxt 0] Action entry is MyIngress.drop - 
[09:44:23.113] [bmv2] [T] [thread 4793] [50.0] [cxt 0] Action MyIngress.drop
[09:44:23.113] [bmv2] [T] [thread 4793] [50.0] [cxt 0] basic.p4(99) Primitive mark_to_drop(standard_metadata)
[09:44:23.113] [bmv2] [D] [thread 4793] [50.0] [cxt 0] Pipeline 'ingress': end
[09:44:23.113] [bmv2] [D] [thread 4793] [50.0] [cxt 0] Egress port is 511
[09:44:23.113] [bmv2] [D] [thread 4793] [50.0] [cxt 0] Dropping packet at the end of ingress
[09:44:23.390] [bmv2] [D] [thread 4793] [51.0] [cxt 0] Processing packet received on port 1
[09:44:23.390] [bmv2] [D] [thread 4793] [51.0] [cxt 0] Parser 'parser': start
[09:44:23.390] [bmv2] [D] [thread 4793] [51.0] [cxt 0] Parser 'parser' entering state 'start'
[09:44:23.390] [bmv2] [D] [thread 4793] [51.0] [cxt 0] Extracting header 'ethernet'
[09:44:23.391] [bmv2] [D] [thread 4793] [51.0] [cxt 0] Parser state 'start': key is 86dd
[09:44:23.391] [bmv2] [T] [thread 4793] [51.0] [cxt 0] Bytes parsed: 14
[09:44:23.391] [bmv2] [D] [thread 4793] [51.0] [cxt 0] Parser 'parser': end
[09:44:23.391] [bmv2] [D] [thread 4793] [51.0] [cxt 0] Pipeline 'ingress': start
[09:44:23.391] [bmv2] [T] [thread 4793] [51.0] [cxt 0] Applying table 'MyIngress.ipv4_lpm'
[09:44:23.391] [bmv2] [D] [thread 4793] [51.0] [cxt 0] Looking up key:
* hdr.ipv4.dstAddr    : 00000000

[09:44:23.391] [bmv2] [D] [thread 4793] [51.0] [cxt 0] Table 'MyIngress.ipv4_lpm': miss
[09:44:23.391] [bmv2] [D] [thread 4793] [51.0] [cxt 0] Action entry is MyIngress.drop - 
[09:44:23.391] [bmv2] [T] [thread 4793] [51.0] [cxt 0] Action MyIngress.drop
[09:44:23.391] [bmv2] [T] [thread 4793] [51.0] [cxt 0] basic.p4(99) Primitive mark_to_drop(standard_metadata)
[09:44:23.391] [bmv2] [D] [thread 4793] [51.0] [cxt 0] Pipeline 'ingress': end
[09:44:23.391] [bmv2] [D] [thread 4793] [51.0] [cxt 0] Egress port is 511
[09:44:23.391] [bmv2] [D] [thread 4793] [51.0] [cxt 0] Dropping packet at the end of ingress
[09:44:23.415] [bmv2] [D] [thread 4793] [52.0] [cxt 0] Processing packet received on port 2
[09:44:23.415] [bmv2] [D] [thread 4793] [52.0] [cxt 0] Parser 'parser': start
[09:44:23.415] [bmv2] [D] [thread 4793] [52.0] [cxt 0] Parser 'parser' entering state 'start'
[09:44:23.415] [bmv2] [D] [thread 4793] [52.0] [cxt 0] Extracting header 'ethernet'
[09:44:23.415] [bmv2] [D] [thread 4793] [52.0] [cxt 0] Parser state 'start': key is 86dd
[09:44:23.415] [bmv2] [T] [thread 4793] [52.0] [cxt 0] Bytes parsed: 14
[09:44:23.415] [bmv2] [D] [thread 4793] [52.0] [cxt 0] Parser 'parser': end
[09:44:23.415] [bmv2] [D] [thread 4793] [52.0] [cxt 0] Pipeline 'ingress': start
[09:44:23.415] [bmv2] [T] [thread 4793] [52.0] [cxt 0] Applying table 'MyIngress.ipv4_lpm'
[09:44:23.416] [bmv2] [D] [thread 4793] [52.0] [cxt 0] Looking up key:
* hdr.ipv4.dstAddr    : 00000000

[09:44:23.416] [bmv2] [D] [thread 4793] [52.0] [cxt 0] Table 'MyIngress.ipv4_lpm': miss
[09:44:23.416] [bmv2] [D] [thread 4793] [52.0] [cxt 0] Action entry is MyIngress.drop - 
[09:44:23.416] [bmv2] [T] [thread 4793] [52.0] [cxt 0] Action MyIngress.drop
[09:44:23.416] [bmv2] [T] [thread 4793] [52.0] [cxt 0] basic.p4(99) Primitive mark_to_drop(standard_metadata)
[09:44:23.416] [bmv2] [D] [thread 4793] [52.0] [cxt 0] Pipeline 'ingress': end
[09:44:23.416] [bmv2] [D] [thread 4793] [52.0] [cxt 0] Egress port is 511
[09:44:23.416] [bmv2] [D] [thread 4793] [52.0] [cxt 0] Dropping packet at the end of ingress
[09:46:30.772] [bmv2] [D] [thread 4793] [53.0] [cxt 0] Processing packet received on port 1
[09:46:30.772] [bmv2] [D] [thread 4793] [53.0] [cxt 0] Parser 'parser': start
[09:46:30.772] [bmv2] [D] [thread 4793] [53.0] [cxt 0] Parser 'parser' entering state 'start'
[09:46:30.772] [bmv2] [D] [thread 4793] [53.0] [cxt 0] Extracting header 'ethernet'
[09:46:30.772] [bmv2] [D] [thread 4793] [53.0] [cxt 0] Parser state 'start': key is 86dd
[09:46:30.772] [bmv2] [T] [thread 4793] [53.0] [cxt 0] Bytes parsed: 14
[09:46:30.772] [bmv2] [D] [thread 4793] [53.0] [cxt 0] Parser 'parser': end
[09:46:30.772] [bmv2] [D] [thread 4793] [53.0] [cxt 0] Pipeline 'ingress': start
[09:46:30.772] [bmv2] [T] [thread 4793] [53.0] [cxt 0] Applying table 'MyIngress.ipv4_lpm'
[09:46:30.773] [bmv2] [D] [thread 4793] [53.0] [cxt 0] Looking up key:
* hdr.ipv4.dstAddr    : 00000000

[09:46:30.773] [bmv2] [D] [thread 4793] [53.0] [cxt 0] Table 'MyIngress.ipv4_lpm': miss
[09:46:30.773] [bmv2] [D] [thread 4793] [53.0] [cxt 0] Action entry is MyIngress.drop - 
[09:46:30.773] [bmv2] [T] [thread 4793] [53.0] [cxt 0] Action MyIngress.drop
[09:46:30.773] [bmv2] [T] [thread 4793] [53.0] [cxt 0] basic.p4(99) Primitive mark_to_drop(standard_metadata)
[09:46:30.773] [bmv2] [D] [thread 4793] [53.0] [cxt 0] Pipeline 'ingress': end
[09:46:30.773] [bmv2] [D] [thread 4793] [53.0] [cxt 0] Egress port is 511
[09:46:30.773] [bmv2] [D] [thread 4793] [53.0] [cxt 0] Dropping packet at the end of ingress
[09:46:31.114] [bmv2] [D] [thread 4793] [54.0] [cxt 0] Processing packet received on port 2
[09:46:31.115] [bmv2] [D] [thread 4793] [54.0] [cxt 0] Parser 'parser': start
[09:46:31.115] [bmv2] [D] [thread 4793] [54.0] [cxt 0] Parser 'parser' entering state 'start'
[09:46:31.115] [bmv2] [D] [thread 4793] [54.0] [cxt 0] Extracting header 'ethernet'
[09:46:31.115] [bmv2] [D] [thread 4793] [54.0] [cxt 0] Parser state 'start': key is 86dd
[09:46:31.115] [bmv2] [T] [thread 4793] [54.0] [cxt 0] Bytes parsed: 14
[09:46:31.115] [bmv2] [D] [thread 4793] [54.0] [cxt 0] Parser 'parser': end
[09:46:31.115] [bmv2] [D] [thread 4793] [54.0] [cxt 0] Pipeline 'ingress': start
[09:46:31.115] [bmv2] [T] [thread 4793] [54.0] [cxt 0] Applying table 'MyIngress.ipv4_lpm'
[09:46:31.115] [bmv2] [D] [thread 4793] [54.0] [cxt 0] Looking up key:
* hdr.ipv4.dstAddr    : 00000000

[09:46:31.115] [bmv2] [D] [thread 4793] [54.0] [cxt 0] Table 'MyIngress.ipv4_lpm': miss
[09:46:31.115] [bmv2] [D] [thread 4793] [54.0] [cxt 0] Action entry is MyIngress.drop - 
[09:46:31.115] [bmv2] [T] [thread 4793] [54.0] [cxt 0] Action MyIngress.drop
[09:46:31.115] [bmv2] [T] [thread 4793] [54.0] [cxt 0] basic.p4(99) Primitive mark_to_drop(standard_metadata)
[09:46:31.115] [bmv2] [D] [thread 4793] [54.0] [cxt 0] Pipeline 'ingress': end
[09:46:31.115] [bmv2] [D] [thread 4793] [54.0] [cxt 0] Egress port is 511
[09:46:31.115] [bmv2] [D] [thread 4793] [54.0] [cxt 0] Dropping packet at the end of ingress
[09:46:31.396] [bmv2] [D] [thread 4793] [55.0] [cxt 0] Processing packet received on port 1
[09:46:31.396] [bmv2] [D] [thread 4793] [55.0] [cxt 0] Parser 'parser': start
[09:46:31.396] [bmv2] [D] [thread 4793] [55.0] [cxt 0] Parser 'parser' entering state 'start'
[09:46:31.396] [bmv2] [D] [thread 4793] [55.0] [cxt 0] Extracting header 'ethernet'
[09:46:31.396] [bmv2] [D] [thread 4793] [55.0] [cxt 0] Parser state 'start': key is 86dd
[09:46:31.396] [bmv2] [T] [thread 4793] [55.0] [cxt 0] Bytes parsed: 14
[09:46:31.396] [bmv2] [D] [thread 4793] [55.0] [cxt 0] Parser 'parser': end
[09:46:31.396] [bmv2] [D] [thread 4793] [55.0] [cxt 0] Pipeline 'ingress': start
[09:46:31.396] [bmv2] [T] [thread 4793] [55.0] [cxt 0] Applying table 'MyIngress.ipv4_lpm'
[09:46:31.396] [bmv2] [D] [thread 4793] [55.0] [cxt 0] Looking up key:
* hdr.ipv4.dstAddr    : 00000000

[09:46:31.396] [bmv2] [D] [thread 4793] [55.0] [cxt 0] Table 'MyIngress.ipv4_lpm': miss
[09:46:31.396] [bmv2] [D] [thread 4793] [55.0] [cxt 0] Action entry is MyIngress.drop - 
[09:46:31.396] [bmv2] [T] [thread 4793] [55.0] [cxt 0] Action MyIngress.drop
[09:46:31.396] [bmv2] [T] [thread 4793] [55.0] [cxt 0] basic.p4(99) Primitive mark_to_drop(standard_metadata)
[09:46:31.397] [bmv2] [D] [thread 4793] [55.0] [cxt 0] Pipeline 'ingress': end
[09:46:31.397] [bmv2] [D] [thread 4793] [55.0] [cxt 0] Egress port is 511
[09:46:31.397] [bmv2] [D] [thread 4793] [55.0] [cxt 0] Dropping packet at the end of ingress
[09:46:31.415] [bmv2] [D] [thread 4793] [56.0] [cxt 0] Processing packet received on port 2
[09:46:31.415] [bmv2] [D] [thread 4793] [56.0] [cxt 0] Parser 'parser': start
[09:46:31.415] [bmv2] [D] [thread 4793] [56.0] [cxt 0] Parser 'parser' entering state 'start'
[09:46:31.415] [bmv2] [D] [thread 4793] [56.0] [cxt 0] Extracting header 'ethernet'
[09:46:31.415] [bmv2] [D] [thread 4793] [56.0] [cxt 0] Parser state 'start': key is 86dd
[09:46:31.415] [bmv2] [T] [thread 4793] [56.0] [cxt 0] Bytes parsed: 14
[09:46:31.415] [bmv2] [D] [thread 4793] [56.0] [cxt 0] Parser 'parser': end
[09:46:31.415] [bmv2] [D] [thread 4793] [56.0] [cxt 0] Pipeline 'ingress': start
[09:46:31.415] [bmv2] [T] [thread 4793] [56.0] [cxt 0] Applying table 'MyIngress.ipv4_lpm'
[09:46:31.415] [bmv2] [D] [thread 4793] [56.0] [cxt 0] Looking up key:
* hdr.ipv4.dstAddr    : 00000000

[09:46:31.415] [bmv2] [D] [thread 4793] [56.0] [cxt 0] Table 'MyIngress.ipv4_lpm': miss
[09:46:31.415] [bmv2] [D] [thread 4793] [56.0] [cxt 0] Action entry is MyIngress.drop - 
[09:46:31.415] [bmv2] [T] [thread 4793] [56.0] [cxt 0] Action MyIngress.drop
[09:46:31.416] [bmv2] [T] [thread 4793] [56.0] [cxt 0] basic.p4(99) Primitive mark_to_drop(standard_metadata)
[09:46:31.416] [bmv2] [D] [thread 4793] [56.0] [cxt 0] Pipeline 'ingress': end
[09:46:31.416] [bmv2] [D] [thread 4793] [56.0] [cxt 0] Egress port is 511
[09:46:31.416] [bmv2] [D] [thread 4793] [56.0] [cxt 0] Dropping packet at the end of ingress
open: No such file or directory
